2025-06-13 16:20:09,128-__main__-INFO-Starting reproducibility attempt for manuscript:data/raw/example_manuscript.txt
2025-06-13 16:20:09,129-__main__-INFO-Using datasets:data/raw/dataset1.csv
2025-06-13 16:20:09,129-__main__-INFO-Step 1: Parsing mauscript...
2025-06-13 16:20:09,134-__main__-INFO-Step 2: Processing data...
2025-06-13 16:20:09,135-data_processor.processor-INFO-Loading dataset: data/raw/dataset1.csv
2025-06-13 16:20:09,139-data_processor.processor-INFO-Applying processing instructions for dataset1...
2025-06-13 16:20:09,144-data_processor.processor-INFO-Processed data saved to: output\data\processed\dataset1_processed.csv
2025-06-13 16:20:09,166-__main__-INFO-Step 3: Generating code...
2025-06-13 16:20:09,167-code_generator.generator-INFO-Attempting rule-based code generation...
2025-06-13 16:20:09,167-__main__-ERROR-An error occurred during reproducibility attempt:'RuleBasedCodeGenerator' object has no attribute '_generate_data_loading_code'
Traceback (most recent call last):
  File "C:\Users\dhara\inverse-repro-mvp\main.py", line 67, in main
    generated_code,identified_dependencies=code_generator.generate_code()
                                           ^^^^^^^^^^^^^^^^^^^^^^^^^^^^^^
  File "C:\Users\dhara\inverse-repro-mvp\code_generator\generator.py", line 23, in generate_code
    generated_code_rb, identified_deps_rb = rule_based_generator.generate()
                                            ^^^^^^^^^^^^^^^^^^^^^^^^^^^^^^^
  File "C:\Users\dhara\inverse-repro-mvp\code_generator\rule_based_generator.py", line 11, in generate
    self._generate_data_loading_code()
    ^^^^^^^^^^^^^^^^^^^^^^^^^^^^^^^^
AttributeError: 'RuleBasedCodeGenerator' object has no attribute '_generate_data_loading_code'. Did you mean: '_generate_data_loading'?
2025-06-13 16:20:09,170-__main__-INFO-Step 7: Generating reproducibility reports...
2025-06-13 16:20:09,210-report_generator.generator-INFO-JSON report saved to:output\reports\reproducibility_report_2025-06-13T16-20-09-129924.json
2025-06-13 16:20:09,349-report_generator.generator-INFO-Markdown report saved to:output\reports\reproducibility_report_2025-06-13T16-20-09-129924.md
2025-06-13 16:20:09,349-__main__-INFO-Reproducibility report generated:output\reports\reproducibility_report_2025-06-13T16-20-09-129924.json
2025-06-13 16:20:09,350-__main__-INFO-Reproducibility attempts finished.
