2025-06-13 16:23:01,027-data_processor.processor-INFO-Loading dataset: data/raw/dataset1.csv
2025-06-13 16:23:01,031-data_processor.processor-INFO-Applying processing instructions for dataset1...
2025-06-13 16:23:01,036-data_processor.processor-INFO-Processed data saved to: output\data\processed\dataset1_processed.csv
2025-06-13 16:23:01,037-code_generator.generator-INFO-Attempting rule-based code generation...
2025-06-13 16:23:01,037-code_generator.rule_based_generator-INFO-Generated data loading code.
2025-06-13 16:23:01,039-code_generator.rule_based_generator-INFO-Generated analysis code.
2025-06-13 16:23:01,040-code_generator.rule_based_generator-INFO-Generated plotting code.
2025-06-13 16:23:01,041-environment_generator.manager-INFO-Creating docker environment... 
2025-06-13 16:23:01,041-environment_generator.manager-INFO-Creating docker environment... 
2025-06-13 16:23:01,041-environment_generator.manager-INFO-Creating docker environment... 
2025-06-13 16:23:01,042-environment_generator.manager-INFO-Creating docker environment... 
2025-06-13 16:23:01,042-environment_generator.manager-INFO-Creating docker environment... 
2025-06-13 16:23:01,042-environment_generator.manager-INFO-Creating docker environment... 
2025-06-13 16:23:01,042-environment_generator.manager-INFO-Creating docker environment... 
2025-06-13 16:23:01,043-environment_generator.manager-INFO-Creating docker environment... 
2025-06-13 16:23:01,043-environment_generator.manager-INFO-Creating docker environment... 
2025-06-13 16:23:01,043-environment_generator.manager-INFO-Creating docker environment... 
2025-06-13 16:23:01,043-environment_generator.manager-INFO-Creating docker environment... 
2025-06-13 16:23:01,044-environment_generator.manager-INFO-Creating docker environment... 
2025-06-13 16:23:01,044-environment_generator.manager-INFO-Creating docker environment... 
2025-06-13 16:23:01,044-environment_generator.manager-INFO-Creating docker environment... 
2025-06-13 16:23:01,044-environment_generator.manager-INFO-Creating docker environment... 
2025-06-13 16:23:01,044-environment_generator.manager-INFO-Creating docker environment... 
2025-06-13 16:23:01,044-environment_generator.manager-INFO-Creating docker environment... 
2025-06-13 16:23:01,045-environment_generator.manager-INFO-Creating docker environment... 
2025-06-13 16:23:01,045-environment_generator.manager-INFO-Creating docker environment... 
2025-06-13 16:23:01,045-environment_generator.manager-INFO-Creating docker environment... 
2025-06-13 16:23:01,045-environment_generator.manager-INFO-Creating docker environment... 
2025-06-13 16:23:01,045-environment_generator.manager-INFO-Creating docker environment... 
2025-06-13 16:23:01,045-environment_generator.manager-INFO-Creating docker environment... 
2025-06-13 16:23:01,046-environment_generator.manager-INFO-Creating docker environment... 
2025-06-13 16:23:01,046-environment_generator.manager-INFO-Creating docker environment... 
2025-06-13 16:23:01,046-environment_generator.manager-INFO-Creating docker environment... 
2025-06-13 16:23:01,046-environment_generator.manager-INFO-Creating docker environment... 
2025-06-13 16:23:01,046-environment_generator.manager-INFO-Creating docker environment... 
2025-06-13 16:23:01,046-environment_generator.manager-INFO-Creating docker environment... 
2025-06-13 16:23:01,047-environment_generator.manager-INFO-Creating docker environment... 
2025-06-13 16:23:01,047-environment_generator.manager-INFO-Creating docker environment... 
2025-06-13 16:23:01,048-environment_generator.manager-INFO-Creating docker environment... 
2025-06-13 16:23:01,048-environment_generator.manager-INFO-Creating docker environment... 
2025-06-13 16:23:01,048-environment_generator.manager-INFO-Creating docker environment... 
2025-06-13 16:23:01,048-environment_generator.manager-INFO-Creating docker environment... 
2025-06-13 16:23:01,048-environment_generator.manager-INFO-Creating docker environment... 
2025-06-13 16:23:01,049-environment_generator.manager-INFO-Creating docker environment... 
2025-06-13 16:23:01,049-environment_generator.manager-INFO-Creating docker environment... 
2025-06-13 16:23:01,049-environment_generator.manager-INFO-Creating docker environment... 
2025-06-13 16:23:01,049-environment_generator.manager-INFO-Creating docker environment... 
2025-06-13 16:23:01,050-environment_generator.manager-INFO-Creating docker environment... 
2025-06-13 16:23:01,050-environment_generator.manager-INFO-Creating docker environment... 
2025-06-13 16:23:01,050-environment_generator.manager-INFO-Creating docker environment... 
2025-06-13 16:23:01,050-environment_generator.manager-INFO-Creating docker environment... 
2025-06-13 16:23:01,050-environment_generator.manager-INFO-Creating docker environment... 
2025-06-13 16:23:01,051-environment_generator.manager-INFO-Creating docker environment... 
2025-06-13 16:23:01,051-environment_generator.manager-INFO-Creating docker environment... 
2025-06-13 16:23:01,051-environment_generator.manager-INFO-Creating docker environment... 
2025-06-13 16:23:01,051-environment_generator.manager-INFO-Creating docker environment... 
2025-06-13 16:23:01,051-environment_generator.manager-INFO-Creating docker environment... 
2025-06-13 16:23:01,052-environment_generator.manager-INFO-Creating docker environment... 
2025-06-13 16:23:01,052-environment_generator.manager-INFO-Creating docker environment... 
2025-06-13 16:23:01,052-environment_generator.manager-INFO-Creating docker environment... 
2025-06-13 16:23:01,052-environment_generator.manager-INFO-Creating docker environment... 
2025-06-13 16:23:01,053-environment_generator.manager-INFO-Creating docker environment... 
2025-06-13 16:23:01,053-environment_generator.manager-INFO-Creating docker environment... 
2025-06-13 16:23:01,053-environment_generator.manager-INFO-Creating docker environment... 
2025-06-13 16:23:01,053-environment_generator.manager-INFO-Creating docker environment... 
2025-06-13 16:23:01,054-environment_generator.manager-INFO-Creating docker environment... 
2025-06-13 16:23:01,054-environment_generator.manager-INFO-Creating docker environment... 
2025-06-13 16:23:01,054-environment_generator.manager-INFO-Creating docker environment... 
2025-06-13 16:23:01,054-environment_generator.manager-INFO-Creating docker environment... 
2025-06-13 16:23:01,054-environment_generator.manager-INFO-Creating docker environment... 
2025-06-13 16:23:01,054-environment_generator.manager-INFO-Creating docker environment... 
2025-06-13 16:23:01,054-environment_generator.manager-INFO-Creating docker environment... 
2025-06-13 16:23:01,055-environment_generator.manager-INFO-Creating docker environment... 
2025-06-13 16:23:01,055-environment_generator.manager-INFO-Creating docker environment... 
2025-06-13 16:23:01,055-environment_generator.manager-INFO-Creating docker environment... 
2025-06-13 16:23:01,056-environment_generator.manager-INFO-Creating docker environment... 
2025-06-13 16:23:01,056-environment_generator.manager-INFO-Creating docker environment... 
2025-06-13 16:23:01,056-environment_generator.manager-INFO-Creating docker environment... 
2025-06-13 16:23:01,056-environment_generator.manager-INFO-Creating docker environment... 
2025-06-13 16:23:01,057-environment_generator.manager-INFO-Creating docker environment... 
2025-06-13 16:23:01,057-environment_generator.manager-INFO-Creating docker environment... 
2025-06-13 16:23:01,057-environment_generator.manager-INFO-Creating docker environment... 
2025-06-13 16:23:01,057-environment_generator.manager-INFO-Creating docker environment... 
2025-06-13 16:23:01,057-environment_generator.manager-INFO-Creating docker environment... 
2025-06-13 16:23:01,058-environment_generator.manager-INFO-Creating docker environment... 
2025-06-13 16:23:01,058-environment_generator.manager-INFO-Creating docker environment... 
2025-06-13 16:23:01,058-environment_generator.manager-INFO-Creating docker environment... 
2025-06-13 16:23:01,058-environment_generator.manager-INFO-Creating docker environment... 
2025-06-13 16:23:01,059-environment_generator.manager-INFO-Creating docker environment... 
2025-06-13 16:23:01,059-environment_generator.manager-INFO-Creating docker environment... 
2025-06-13 16:23:01,059-environment_generator.manager-INFO-Creating docker environment... 
2025-06-13 16:23:01,060-environment_generator.manager-INFO-Creating docker environment... 
2025-06-13 16:23:01,060-environment_generator.manager-INFO-Creating docker environment... 
2025-06-13 16:23:01,060-environment_generator.manager-INFO-Creating docker environment... 
2025-06-13 16:23:01,060-environment_generator.manager-INFO-Creating docker environment... 
2025-06-13 16:23:01,060-environment_generator.manager-INFO-Creating docker environment... 
2025-06-13 16:23:01,061-environment_generator.manager-INFO-Creating docker environment... 
2025-06-13 16:23:01,061-environment_generator.manager-INFO-Creating docker environment... 
2025-06-13 16:23:01,061-environment_generator.manager-INFO-Creating docker environment... 
2025-06-13 16:23:01,061-environment_generator.manager-INFO-Creating docker environment... 
2025-06-13 16:23:01,062-environment_generator.manager-INFO-Creating docker environment... 
2025-06-13 16:23:01,062-environment_generator.manager-INFO-Creating docker environment... 
2025-06-13 16:23:01,062-environment_generator.manager-INFO-Creating docker environment... 
2025-06-13 16:23:01,062-environment_generator.manager-INFO-Creating docker environment... 
2025-06-13 16:23:01,063-environment_generator.manager-INFO-Creating docker environment... 
2025-06-13 16:23:01,063-environment_generator.manager-INFO-Creating docker environment... 
2025-06-13 16:23:01,063-environment_generator.manager-INFO-Creating docker environment... 
2025-06-13 16:23:01,063-environment_generator.manager-INFO-Creating docker environment... 
2025-06-13 16:23:01,063-environment_generator.manager-INFO-Creating docker environment... 
2025-06-13 16:23:01,064-environment_generator.manager-INFO-Creating docker environment... 
2025-06-13 16:23:01,064-environment_generator.manager-INFO-Creating docker environment... 
2025-06-13 16:23:01,064-environment_generator.manager-INFO-Creating docker environment... 
2025-06-13 16:23:01,064-environment_generator.manager-INFO-Creating docker environment... 
2025-06-13 16:23:01,064-environment_generator.manager-INFO-Creating docker environment... 
2025-06-13 16:23:01,065-environment_generator.manager-INFO-Creating docker environment... 
2025-06-13 16:23:01,065-environment_generator.manager-INFO-Creating docker environment... 
2025-06-13 16:23:01,065-environment_generator.manager-INFO-Creating docker environment... 
2025-06-13 16:23:01,065-environment_generator.manager-INFO-Creating docker environment... 
2025-06-13 16:23:01,065-environment_generator.manager-INFO-Creating docker environment... 
2025-06-13 16:23:01,066-environment_generator.manager-INFO-Creating docker environment... 
2025-06-13 16:23:01,066-environment_generator.manager-INFO-Creating docker environment... 
2025-06-13 16:23:01,066-environment_generator.manager-INFO-Creating docker environment... 
2025-06-13 16:23:01,067-environment_generator.manager-INFO-Creating docker environment... 
2025-06-13 16:23:01,067-environment_generator.manager-INFO-Creating docker environment... 
2025-06-13 16:23:01,067-environment_generator.manager-INFO-Creating docker environment... 
2025-06-13 16:23:01,068-environment_generator.manager-INFO-Creating docker environment... 
2025-06-13 16:23:01,068-environment_generator.manager-INFO-Creating docker environment... 
2025-06-13 16:23:01,068-environment_generator.manager-INFO-Creating docker environment... 
2025-06-13 16:23:01,068-environment_generator.manager-INFO-Creating docker environment... 
2025-06-13 16:23:01,069-environment_generator.manager-INFO-Creating docker environment... 
2025-06-13 16:23:01,069-environment_generator.manager-INFO-Creating docker environment... 
2025-06-13 16:23:01,069-environment_generator.manager-INFO-Creating docker environment... 
2025-06-13 16:23:01,069-environment_generator.manager-INFO-Creating docker environment... 
2025-06-13 16:23:01,069-environment_generator.manager-INFO-Creating docker environment... 
2025-06-13 16:23:01,070-environment_generator.manager-INFO-Creating docker environment... 
2025-06-13 16:23:01,070-environment_generator.manager-INFO-Creating docker environment... 
2025-06-13 16:23:01,070-environment_generator.manager-INFO-Creating docker environment... 
2025-06-13 16:23:01,070-environment_generator.manager-INFO-Creating docker environment... 
2025-06-13 16:23:01,071-environment_generator.manager-INFO-Creating docker environment... 
2025-06-13 16:23:01,071-environment_generator.manager-INFO-Creating docker environment... 
2025-06-13 16:23:01,071-environment_generator.manager-INFO-Creating docker environment... 
2025-06-13 16:23:01,071-environment_generator.manager-INFO-Creating docker environment... 
2025-06-13 16:23:01,072-environment_generator.manager-INFO-Creating docker environment... 
2025-06-13 16:23:01,072-environment_generator.manager-INFO-Creating docker environment... 
2025-06-13 16:23:01,072-environment_generator.manager-INFO-Creating docker environment... 
2025-06-13 16:23:01,073-environment_generator.manager-INFO-Creating docker environment... 
2025-06-13 16:23:01,073-environment_generator.manager-INFO-Creating docker environment... 
2025-06-13 16:23:01,073-environment_generator.manager-INFO-Creating docker environment... 
2025-06-13 16:23:01,073-environment_generator.manager-INFO-Creating docker environment... 
2025-06-13 16:23:01,073-environment_generator.manager-INFO-Creating docker environment... 
2025-06-13 16:23:01,074-environment_generator.manager-INFO-Creating docker environment... 
2025-06-13 16:23:01,074-environment_generator.manager-INFO-Creating docker environment... 
2025-06-13 16:23:01,074-environment_generator.manager-INFO-Creating docker environment... 
2025-06-13 16:23:01,074-environment_generator.manager-INFO-Creating docker environment... 
2025-06-13 16:23:01,074-environment_generator.manager-INFO-Creating docker environment... 
2025-06-13 16:23:01,075-environment_generator.manager-INFO-Creating docker environment... 
2025-06-13 16:23:01,075-environment_generator.manager-INFO-Creating docker environment... 
2025-06-13 16:23:01,075-environment_generator.manager-INFO-Creating docker environment... 
2025-06-13 16:23:01,075-environment_generator.manager-INFO-Creating docker environment... 
2025-06-13 16:23:01,075-environment_generator.manager-INFO-Creating docker environment... 
2025-06-13 16:23:01,076-environment_generator.manager-INFO-Creating docker environment... 
2025-06-13 16:23:01,076-environment_generator.manager-INFO-Creating docker environment... 
2025-06-13 16:23:01,076-environment_generator.manager-INFO-Creating docker environment... 
2025-06-13 16:23:01,076-environment_generator.manager-INFO-Creating docker environment... 
2025-06-13 16:23:01,077-environment_generator.manager-INFO-Creating docker environment... 
2025-06-13 16:23:01,077-environment_generator.manager-INFO-Creating docker environment... 
2025-06-13 16:23:01,077-environment_generator.manager-INFO-Creating docker environment... 
2025-06-13 16:23:01,077-environment_generator.manager-INFO-Creating docker environment... 
2025-06-13 16:23:01,079-environment_generator.manager-INFO-Creating docker environment... 
2025-06-13 16:23:01,079-environment_generator.manager-INFO-Creating docker environment... 
2025-06-13 16:23:01,079-environment_generator.manager-INFO-Creating docker environment... 
2025-06-13 16:23:01,079-environment_generator.manager-INFO-Creating docker environment... 
2025-06-13 16:23:01,079-environment_generator.manager-INFO-Creating docker environment... 
2025-06-13 16:23:01,080-environment_generator.manager-INFO-Creating docker environment... 
2025-06-13 16:23:01,080-environment_generator.manager-INFO-Creating docker environment... 
2025-06-13 16:23:01,080-environment_generator.manager-INFO-Creating docker environment... 
2025-06-13 16:23:01,080-environment_generator.manager-INFO-Creating docker environment... 
2025-06-13 16:23:01,080-environment_generator.manager-INFO-Creating docker environment... 
2025-06-13 16:23:01,081-environment_generator.manager-INFO-Creating docker environment... 
2025-06-13 16:23:01,081-environment_generator.manager-INFO-Creating docker environment... 
2025-06-13 16:23:01,081-environment_generator.manager-INFO-Creating docker environment... 
2025-06-13 16:23:01,081-environment_generator.manager-INFO-Creating docker environment... 
2025-06-13 16:23:01,081-environment_generator.manager-INFO-Creating docker environment... 
2025-06-13 16:23:01,082-environment_generator.manager-INFO-Creating docker environment... 
2025-06-13 16:23:01,082-environment_generator.manager-INFO-Creating docker environment... 
2025-06-13 16:23:01,082-environment_generator.manager-INFO-Creating docker environment... 
2025-06-13 16:23:01,082-environment_generator.manager-INFO-Creating docker environment... 
2025-06-13 16:23:01,082-environment_generator.manager-INFO-Creating docker environment... 
2025-06-13 16:23:01,083-environment_generator.manager-INFO-Creating docker environment... 
2025-06-13 16:23:01,083-environment_generator.manager-INFO-Creating docker environment... 
2025-06-13 16:23:01,083-environment_generator.manager-INFO-Creating docker environment... 
2025-06-13 16:23:01,083-environment_generator.manager-INFO-Creating docker environment... 
2025-06-13 16:23:01,084-environment_generator.manager-INFO-Creating docker environment... 
2025-06-13 16:23:01,084-environment_generator.manager-INFO-Creating docker environment... 
2025-06-13 16:23:01,084-environment_generator.manager-INFO-Creating docker environment... 
2025-06-13 16:23:01,084-environment_generator.manager-INFO-Creating docker environment... 
2025-06-13 16:23:01,084-environment_generator.manager-INFO-Creating docker environment... 
2025-06-13 16:23:01,085-environment_generator.manager-INFO-Creating docker environment... 
2025-06-13 16:23:01,085-environment_generator.manager-INFO-Creating docker environment... 
2025-06-13 16:23:01,085-environment_generator.manager-INFO-Creating docker environment... 
2025-06-13 16:23:01,085-environment_generator.manager-INFO-Creating docker environment... 
2025-06-13 16:23:01,086-environment_generator.manager-INFO-Creating docker environment... 
2025-06-13 16:23:01,086-environment_generator.manager-INFO-Creating docker environment... 
2025-06-13 16:23:01,086-environment_generator.manager-INFO-Creating docker environment... 
2025-06-13 16:23:01,086-environment_generator.manager-INFO-Creating docker environment... 
2025-06-13 16:23:01,087-environment_generator.manager-INFO-Creating docker environment... 
2025-06-13 16:23:01,087-environment_generator.manager-INFO-Creating docker environment... 
2025-06-13 16:23:01,087-environment_generator.manager-INFO-Creating docker environment... 
2025-06-13 16:23:01,087-environment_generator.manager-INFO-Creating docker environment... 
2025-06-13 16:23:01,088-environment_generator.manager-INFO-Creating docker environment... 
2025-06-13 16:23:01,088-environment_generator.manager-INFO-Creating docker environment... 
2025-06-13 16:23:01,088-environment_generator.manager-INFO-Creating docker environment... 
2025-06-13 16:23:01,089-environment_generator.manager-INFO-Creating docker environment... 
2025-06-13 16:23:01,089-environment_generator.manager-INFO-Creating docker environment... 
2025-06-13 16:23:01,089-environment_generator.manager-INFO-Creating docker environment... 
2025-06-13 16:23:01,090-environment_generator.manager-INFO-Creating docker environment... 
2025-06-13 16:23:01,090-environment_generator.manager-INFO-Creating docker environment... 
2025-06-13 16:23:01,090-environment_generator.manager-INFO-Creating docker environment... 
2025-06-13 16:23:01,091-environment_generator.manager-INFO-Creating docker environment... 
2025-06-13 16:23:01,091-environment_generator.manager-INFO-Creating docker environment... 
2025-06-13 16:23:01,091-environment_generator.manager-INFO-Creating docker environment... 
2025-06-13 16:23:01,091-environment_generator.manager-INFO-Creating docker environment... 
2025-06-13 16:23:01,092-environment_generator.manager-INFO-Creating docker environment... 
2025-06-13 16:23:01,092-environment_generator.manager-INFO-Creating docker environment... 
2025-06-13 16:23:01,092-environment_generator.manager-INFO-Creating docker environment... 
2025-06-13 16:23:01,092-environment_generator.manager-INFO-Creating docker environment... 
2025-06-13 16:23:01,092-environment_generator.manager-INFO-Creating docker environment... 
2025-06-13 16:23:01,093-environment_generator.manager-INFO-Creating docker environment... 
2025-06-13 16:23:01,093-environment_generator.manager-INFO-Creating docker environment... 
2025-06-13 16:23:01,094-environment_generator.manager-INFO-Creating docker environment... 
2025-06-13 16:23:01,094-environment_generator.manager-INFO-Creating docker environment... 
2025-06-13 16:23:01,094-environment_generator.manager-INFO-Creating docker environment... 
2025-06-13 16:23:01,094-environment_generator.manager-INFO-Creating docker environment... 
2025-06-13 16:23:01,095-environment_generator.manager-INFO-Creating docker environment... 
2025-06-13 16:23:01,095-environment_generator.manager-INFO-Creating docker environment... 
2025-06-13 16:23:01,095-environment_generator.manager-INFO-Creating docker environment... 
2025-06-13 16:23:01,095-environment_generator.manager-INFO-Creating docker environment... 
2025-06-13 16:23:01,096-environment_generator.manager-INFO-Creating docker environment... 
2025-06-13 16:23:01,096-environment_generator.manager-INFO-Creating docker environment... 
2025-06-13 16:23:01,096-environment_generator.manager-INFO-Creating docker environment... 
2025-06-13 16:23:01,096-environment_generator.manager-INFO-Creating docker environment... 
2025-06-13 16:23:01,097-environment_generator.manager-INFO-Creating docker environment... 
2025-06-13 16:23:01,097-environment_generator.manager-INFO-Creating docker environment... 
2025-06-13 16:23:01,097-environment_generator.manager-INFO-Creating docker environment... 
2025-06-13 16:23:01,098-environment_generator.manager-INFO-Creating docker environment... 
2025-06-13 16:23:01,098-environment_generator.manager-INFO-Creating docker environment... 
2025-06-13 16:23:01,098-environment_generator.manager-INFO-Creating docker environment... 
2025-06-13 16:23:01,098-environment_generator.manager-INFO-Creating docker environment... 
2025-06-13 16:23:01,099-environment_generator.manager-INFO-Creating docker environment... 
2025-06-13 16:23:01,099-environment_generator.manager-INFO-Creating docker environment... 
2025-06-13 16:23:01,100-environment_generator.manager-INFO-Creating docker environment... 
2025-06-13 16:23:01,100-environment_generator.manager-INFO-Creating docker environment... 
2025-06-13 16:23:01,100-environment_generator.manager-INFO-Creating docker environment... 
2025-06-13 16:23:01,101-environment_generator.manager-INFO-Creating docker environment... 
2025-06-13 16:23:01,101-environment_generator.manager-INFO-Creating docker environment... 
2025-06-13 16:23:01,101-environment_generator.manager-INFO-Creating docker environment... 
2025-06-13 16:23:01,102-environment_generator.manager-INFO-Creating docker environment... 
2025-06-13 16:23:01,102-environment_generator.manager-INFO-Creating docker environment... 
2025-06-13 16:23:01,102-environment_generator.manager-INFO-Creating docker environment... 
2025-06-13 16:23:01,102-environment_generator.manager-INFO-Creating docker environment... 
2025-06-13 16:23:01,103-environment_generator.manager-INFO-Creating docker environment... 
2025-06-13 16:23:01,103-environment_generator.manager-INFO-Creating docker environment... 
2025-06-13 16:23:01,103-environment_generator.manager-INFO-Creating docker environment... 
2025-06-13 16:23:01,104-environment_generator.manager-INFO-Creating docker environment... 
2025-06-13 16:23:01,104-environment_generator.manager-INFO-Creating docker environment... 
2025-06-13 16:23:01,104-environment_generator.manager-INFO-Creating docker environment... 
2025-06-13 16:23:01,105-environment_generator.manager-INFO-Creating docker environment... 
2025-06-13 16:23:01,105-environment_generator.manager-INFO-Creating docker environment... 
2025-06-13 16:23:01,105-environment_generator.manager-INFO-Creating docker environment... 
2025-06-13 16:23:01,106-environment_generator.manager-INFO-Creating docker environment... 
2025-06-13 16:23:01,106-environment_generator.manager-INFO-Creating docker environment... 
2025-06-13 16:23:01,106-environment_generator.manager-INFO-Creating docker environment... 
2025-06-13 16:23:01,107-environment_generator.manager-INFO-Creating docker environment... 
2025-06-13 16:23:01,107-environment_generator.manager-INFO-Creating docker environment... 
2025-06-13 16:23:01,107-environment_generator.manager-INFO-Creating docker environment... 
2025-06-13 16:23:01,108-environment_generator.manager-INFO-Creating docker environment... 
2025-06-13 16:23:01,108-environment_generator.manager-INFO-Creating docker environment... 
2025-06-13 16:23:01,108-environment_generator.manager-INFO-Creating docker environment... 
2025-06-13 16:23:01,108-environment_generator.manager-INFO-Creating docker environment... 
2025-06-13 16:23:01,109-environment_generator.manager-INFO-Creating docker environment... 
2025-06-13 16:23:01,109-environment_generator.manager-INFO-Creating docker environment... 
2025-06-13 16:23:01,109-environment_generator.manager-INFO-Creating docker environment... 
2025-06-13 16:23:01,109-environment_generator.manager-INFO-Creating docker environment... 
2025-06-13 16:23:01,109-environment_generator.manager-INFO-Creating docker environment... 
2025-06-13 16:23:01,110-environment_generator.manager-INFO-Creating docker environment... 
2025-06-13 16:23:01,110-environment_generator.manager-INFO-Creating docker environment... 
2025-06-13 16:23:01,110-environment_generator.manager-INFO-Creating docker environment... 
2025-06-13 16:23:01,110-environment_generator.manager-INFO-Creating docker environment... 
2025-06-13 16:23:01,111-environment_generator.manager-INFO-Creating docker environment... 
2025-06-13 16:23:01,111-environment_generator.manager-INFO-Creating docker environment... 
2025-06-13 16:23:01,111-environment_generator.manager-INFO-Creating docker environment... 
2025-06-13 16:23:01,111-environment_generator.manager-INFO-Creating docker environment... 
2025-06-13 16:23:01,111-environment_generator.manager-INFO-Creating docker environment... 
2025-06-13 16:23:01,112-environment_generator.manager-INFO-Creating docker environment... 
2025-06-13 16:23:01,112-environment_generator.manager-INFO-Creating docker environment... 
2025-06-13 16:23:01,112-environment_generator.manager-INFO-Creating docker environment... 
2025-06-13 16:23:01,112-environment_generator.manager-INFO-Creating docker environment... 
2025-06-13 16:23:01,112-environment_generator.manager-INFO-Creating docker environment... 
2025-06-13 16:23:01,113-environment_generator.manager-INFO-Creating docker environment... 
2025-06-13 16:23:01,113-environment_generator.manager-INFO-Creating docker environment... 
2025-06-13 16:23:01,113-environment_generator.manager-INFO-Creating docker environment... 
2025-06-13 16:23:01,113-environment_generator.manager-INFO-Creating docker environment... 
2025-06-13 16:23:01,113-environment_generator.manager-INFO-Creating docker environment... 
2025-06-13 16:23:01,114-environment_generator.manager-INFO-Creating docker environment... 
2025-06-13 16:23:01,114-environment_generator.manager-INFO-Creating docker environment... 
2025-06-13 16:23:01,114-environment_generator.manager-INFO-Creating docker environment... 
2025-06-13 16:23:01,114-environment_generator.manager-INFO-Creating docker environment... 
2025-06-13 16:23:01,114-environment_generator.manager-INFO-Creating docker environment... 
2025-06-13 16:23:01,115-environment_generator.manager-INFO-Creating docker environment... 
2025-06-13 16:23:01,115-environment_generator.manager-INFO-Creating docker environment... 
2025-06-13 16:23:01,115-environment_generator.manager-INFO-Creating docker environment... 
2025-06-13 16:23:01,115-environment_generator.manager-INFO-Creating docker environment... 
2025-06-13 16:23:01,115-environment_generator.manager-INFO-Creating docker environment... 
2025-06-13 16:23:01,116-environment_generator.manager-INFO-Creating docker environment... 
2025-06-13 16:23:01,116-environment_generator.manager-INFO-Creating docker environment... 
2025-06-13 16:23:01,116-environment_generator.manager-INFO-Creating docker environment... 
2025-06-13 16:23:01,116-environment_generator.manager-INFO-Creating docker environment... 
2025-06-13 16:23:01,117-environment_generator.manager-INFO-Creating docker environment... 
2025-06-13 16:23:01,117-environment_generator.manager-INFO-Creating docker environment... 
2025-06-13 16:23:01,117-environment_generator.manager-INFO-Creating docker environment... 
2025-06-13 16:23:01,117-environment_generator.manager-INFO-Creating docker environment... 
2025-06-13 16:23:01,117-environment_generator.manager-INFO-Creating docker environment... 
2025-06-13 16:23:01,118-environment_generator.manager-INFO-Creating docker environment... 
2025-06-13 16:23:01,118-environment_generator.manager-INFO-Creating docker environment... 
2025-06-13 16:23:01,118-environment_generator.manager-INFO-Creating docker environment... 
2025-06-13 16:23:01,118-environment_generator.manager-INFO-Creating docker environment... 
2025-06-13 16:23:01,118-environment_generator.manager-INFO-Creating docker environment... 
2025-06-13 16:23:01,119-environment_generator.manager-INFO-Creating docker environment... 
2025-06-13 16:23:01,119-environment_generator.manager-INFO-Creating docker environment... 
2025-06-13 16:23:01,119-environment_generator.manager-INFO-Creating docker environment... 
2025-06-13 16:23:01,119-environment_generator.manager-INFO-Creating docker environment... 
2025-06-13 16:23:01,119-environment_generator.manager-INFO-Creating docker environment... 
2025-06-13 16:23:01,120-environment_generator.manager-INFO-Creating docker environment... 
2025-06-13 16:23:01,120-environment_generator.manager-INFO-Creating docker environment... 
2025-06-13 16:23:01,120-environment_generator.manager-INFO-Creating docker environment... 
2025-06-13 16:23:01,123-environment_generator.manager-INFO-Creating docker environment... 
2025-06-13 16:23:01,123-environment_generator.manager-INFO-Creating docker environment... 
2025-06-13 16:23:01,124-environment_generator.manager-INFO-Creating docker environment... 
2025-06-13 16:23:01,124-environment_generator.manager-INFO-Creating docker environment... 
2025-06-13 16:23:01,124-environment_generator.manager-INFO-Creating docker environment... 
2025-06-13 16:23:01,124-environment_generator.manager-INFO-Creating docker environment... 
2025-06-13 16:23:01,125-environment_generator.manager-INFO-Creating docker environment... 
2025-06-13 16:23:01,125-environment_generator.manager-INFO-Creating docker environment... 
2025-06-13 16:23:01,125-environment_generator.manager-INFO-Creating docker environment... 
2025-06-13 16:23:01,125-environment_generator.manager-INFO-Creating docker environment... 
2025-06-13 16:23:01,125-environment_generator.manager-INFO-Creating docker environment... 
2025-06-13 16:23:01,126-environment_generator.manager-INFO-Creating docker environment... 
2025-06-13 16:23:01,126-environment_generator.manager-INFO-Creating docker environment... 
2025-06-13 16:23:01,126-environment_generator.manager-INFO-Creating docker environment... 
2025-06-13 16:23:01,126-environment_generator.manager-INFO-Creating docker environment... 
2025-06-13 16:23:01,126-environment_generator.manager-INFO-Creating docker environment... 
2025-06-13 16:23:01,126-environment_generator.manager-INFO-Creating docker environment... 
2025-06-13 16:23:01,127-environment_generator.manager-INFO-Creating docker environment... 
2025-06-13 16:23:01,127-environment_generator.manager-INFO-Creating docker environment... 
2025-06-13 16:23:01,127-environment_generator.manager-INFO-Creating docker environment... 
2025-06-13 16:23:01,127-environment_generator.manager-INFO-Creating docker environment... 
2025-06-13 16:23:01,128-environment_generator.manager-INFO-Creating docker environment... 
2025-06-13 16:23:01,128-environment_generator.manager-INFO-Creating docker environment... 
2025-06-13 16:23:01,128-environment_generator.manager-INFO-Creating docker environment... 
2025-06-13 16:23:01,129-environment_generator.manager-INFO-Creating docker environment... 
2025-06-13 16:23:01,129-environment_generator.manager-INFO-Creating docker environment... 
2025-06-13 16:23:01,129-environment_generator.manager-INFO-Creating docker environment... 
2025-06-13 16:23:01,129-environment_generator.manager-INFO-Creating docker environment... 
2025-06-13 16:23:01,130-environment_generator.manager-INFO-Creating docker environment... 
2025-06-13 16:23:01,130-environment_generator.manager-INFO-Creating docker environment... 
2025-06-13 16:23:01,130-environment_generator.manager-INFO-Creating docker environment... 
2025-06-13 16:23:01,130-environment_generator.manager-INFO-Creating docker environment... 
2025-06-13 16:23:01,131-environment_generator.manager-INFO-Creating docker environment... 
2025-06-13 16:23:01,131-environment_generator.manager-INFO-Creating docker environment... 
2025-06-13 16:23:01,131-environment_generator.manager-INFO-Creating docker environment... 
2025-06-13 16:23:01,132-environment_generator.manager-INFO-Creating docker environment... 
2025-06-13 16:23:01,132-environment_generator.manager-INFO-Creating docker environment... 
2025-06-13 16:23:01,132-environment_generator.manager-INFO-Creating docker environment... 
2025-06-13 16:23:01,132-environment_generator.manager-INFO-Creating docker environment... 
2025-06-13 16:23:01,133-environment_generator.manager-INFO-Creating docker environment... 
2025-06-13 16:23:01,133-environment_generator.manager-INFO-Creating docker environment... 
2025-06-13 16:23:01,133-environment_generator.manager-INFO-Creating docker environment... 
2025-06-13 16:23:01,133-environment_generator.manager-INFO-Creating docker environment... 
2025-06-13 16:23:01,134-environment_generator.manager-INFO-Creating docker environment... 
2025-06-13 16:23:01,134-environment_generator.manager-INFO-Creating docker environment... 
2025-06-13 16:23:01,134-environment_generator.manager-INFO-Creating docker environment... 
2025-06-13 16:23:01,135-environment_generator.manager-INFO-Creating docker environment... 
2025-06-13 16:23:01,135-environment_generator.manager-INFO-Creating docker environment... 
2025-06-13 16:23:01,135-environment_generator.manager-INFO-Creating docker environment... 
2025-06-13 16:23:01,135-environment_generator.manager-INFO-Creating docker environment... 
2025-06-13 16:23:01,136-environment_generator.manager-INFO-Creating docker environment... 
2025-06-13 16:23:01,136-environment_generator.manager-INFO-Creating docker environment... 
2025-06-13 16:23:01,136-environment_generator.manager-INFO-Creating docker environment... 
2025-06-13 16:23:01,136-environment_generator.manager-INFO-Creating docker environment... 
2025-06-13 16:23:01,137-environment_generator.manager-INFO-Creating docker environment... 
2025-06-13 16:23:01,137-environment_generator.manager-INFO-Creating docker environment... 
2025-06-13 16:23:01,137-environment_generator.manager-INFO-Creating docker environment... 
2025-06-13 16:23:01,137-environment_generator.manager-INFO-Creating docker environment... 
2025-06-13 16:23:01,138-environment_generator.manager-INFO-Creating docker environment... 
2025-06-13 16:23:01,138-environment_generator.manager-INFO-Creating docker environment... 
2025-06-13 16:23:01,138-environment_generator.manager-INFO-Creating docker environment... 
2025-06-13 16:23:01,139-environment_generator.manager-INFO-Creating docker environment... 
2025-06-13 16:23:01,139-environment_generator.manager-INFO-Creating docker environment... 
2025-06-13 16:23:01,139-environment_generator.manager-INFO-Creating docker environment... 
2025-06-13 16:23:01,140-environment_generator.manager-INFO-Creating docker environment... 
2025-06-13 16:23:01,140-environment_generator.manager-INFO-Creating docker environment... 
2025-06-13 16:23:01,140-environment_generator.manager-INFO-Creating docker environment... 
2025-06-13 16:23:01,140-environment_generator.manager-INFO-Creating docker environment... 
2025-06-13 16:23:01,141-environment_generator.manager-INFO-Creating docker environment... 
2025-06-13 16:23:01,141-environment_generator.manager-INFO-Creating docker environment... 
2025-06-13 16:23:01,141-environment_generator.manager-INFO-Creating docker environment... 
2025-06-13 16:23:01,141-environment_generator.manager-INFO-Creating docker environment... 
2025-06-13 16:23:01,142-environment_generator.manager-INFO-Creating docker environment... 
2025-06-13 16:23:01,142-environment_generator.manager-INFO-Creating docker environment... 
2025-06-13 16:23:01,142-environment_generator.manager-INFO-Creating docker environment... 
2025-06-13 16:23:01,142-environment_generator.manager-INFO-Creating docker environment... 
2025-06-13 16:23:01,142-environment_generator.manager-INFO-Creating docker environment... 
2025-06-13 16:23:01,143-environment_generator.manager-INFO-Creating docker environment... 
2025-06-13 16:23:01,143-environment_generator.manager-INFO-Creating docker environment... 
2025-06-13 16:23:01,143-environment_generator.manager-INFO-Creating docker environment... 
2025-06-13 16:23:01,143-environment_generator.manager-INFO-Creating docker environment... 
2025-06-13 16:23:01,144-environment_generator.manager-INFO-Creating docker environment... 
2025-06-13 16:23:01,144-environment_generator.manager-INFO-Creating docker environment... 
2025-06-13 16:23:01,144-environment_generator.manager-INFO-Creating docker environment... 
2025-06-13 16:23:01,145-environment_generator.manager-INFO-Creating docker environment... 
2025-06-13 16:23:01,145-environment_generator.manager-INFO-Creating docker environment... 
2025-06-13 16:23:01,145-environment_generator.manager-INFO-Creating docker environment... 
2025-06-13 16:23:01,145-environment_generator.manager-INFO-Creating docker environment... 
2025-06-13 16:23:01,146-environment_generator.manager-INFO-Creating docker environment... 
2025-06-13 16:23:01,146-environment_generator.manager-INFO-Creating docker environment... 
2025-06-13 16:23:01,146-environment_generator.manager-INFO-Creating docker environment... 
2025-06-13 16:23:01,146-environment_generator.manager-INFO-Creating docker environment... 
2025-06-13 16:23:01,147-environment_generator.manager-INFO-Creating docker environment... 
2025-06-13 16:23:01,147-environment_generator.manager-INFO-Creating docker environment... 
2025-06-13 16:23:01,147-environment_generator.manager-INFO-Creating docker environment... 
2025-06-13 16:23:01,147-environment_generator.manager-INFO-Creating docker environment... 
2025-06-13 16:23:01,148-environment_generator.manager-INFO-Creating docker environment... 
2025-06-13 16:23:01,148-environment_generator.manager-INFO-Creating docker environment... 
2025-06-13 16:23:01,148-environment_generator.manager-INFO-Creating docker environment... 
2025-06-13 16:23:01,149-environment_generator.manager-INFO-Creating docker environment... 
2025-06-13 16:23:01,149-environment_generator.manager-INFO-Creating docker environment... 
2025-06-13 16:23:01,149-environment_generator.manager-INFO-Creating docker environment... 
2025-06-13 16:23:01,149-environment_generator.manager-INFO-Creating docker environment... 
2025-06-13 16:23:01,150-environment_generator.manager-INFO-Creating docker environment... 
2025-06-13 16:23:01,150-environment_generator.manager-INFO-Creating docker environment... 
2025-06-13 16:23:01,150-environment_generator.manager-INFO-Creating docker environment... 
2025-06-13 16:23:01,150-environment_generator.manager-INFO-Creating docker environment... 
2025-06-13 16:23:01,151-environment_generator.manager-INFO-Creating docker environment... 
2025-06-13 16:23:01,151-environment_generator.manager-INFO-Creating docker environment... 
2025-06-13 16:23:01,151-environment_generator.manager-INFO-Creating docker environment... 
2025-06-13 16:23:01,152-environment_generator.manager-INFO-Creating docker environment... 
2025-06-13 16:23:01,152-environment_generator.manager-INFO-Creating docker environment... 
2025-06-13 16:23:01,152-environment_generator.manager-INFO-Creating docker environment... 
2025-06-13 16:23:01,152-environment_generator.manager-INFO-Creating docker environment... 
2025-06-13 16:23:01,153-environment_generator.manager-INFO-Creating docker environment... 
2025-06-13 16:23:01,153-environment_generator.manager-INFO-Creating docker environment... 
2025-06-13 16:23:01,153-environment_generator.manager-INFO-Creating docker environment... 
2025-06-13 16:23:01,153-environment_generator.manager-INFO-Creating docker environment... 
2025-06-13 16:23:01,154-environment_generator.manager-INFO-Creating docker environment... 
2025-06-13 16:23:01,154-environment_generator.manager-INFO-Creating docker environment... 
2025-06-13 16:23:01,155-environment_generator.manager-INFO-Creating docker environment... 
2025-06-13 16:23:01,155-environment_generator.manager-INFO-Creating docker environment... 
2025-06-13 16:23:01,155-environment_generator.manager-INFO-Creating docker environment... 
2025-06-13 16:23:01,155-environment_generator.manager-INFO-Creating docker environment... 
2025-06-13 16:23:01,157-environment_generator.manager-INFO-Creating docker environment... 
2025-06-13 16:23:01,157-environment_generator.manager-INFO-Creating docker environment... 
2025-06-13 16:23:01,157-environment_generator.manager-INFO-Creating docker environment... 
2025-06-13 16:23:01,157-environment_generator.manager-INFO-Creating docker environment... 
2025-06-13 16:23:01,157-environment_generator.manager-INFO-Creating docker environment... 
2025-06-13 16:23:01,158-environment_generator.manager-INFO-Creating docker environment... 
2025-06-13 16:23:01,158-environment_generator.manager-INFO-Creating docker environment... 
2025-06-13 16:23:01,158-environment_generator.manager-INFO-Creating docker environment... 
2025-06-13 16:23:01,158-environment_generator.manager-INFO-Creating docker environment... 
2025-06-13 16:23:01,159-environment_generator.manager-INFO-Creating docker environment... 
2025-06-13 16:23:01,159-environment_generator.manager-INFO-Creating docker environment... 
2025-06-13 16:23:01,159-environment_generator.manager-INFO-Creating docker environment... 
2025-06-13 16:23:01,159-environment_generator.manager-INFO-Creating docker environment... 
2025-06-13 16:23:01,159-environment_generator.manager-INFO-Creating docker environment... 
2025-06-13 16:23:01,159-environment_generator.manager-INFO-Creating docker environment... 
2025-06-13 16:23:01,160-environment_generator.manager-INFO-Creating docker environment... 
2025-06-13 16:23:01,160-environment_generator.manager-INFO-Creating docker environment... 
2025-06-13 16:23:01,160-environment_generator.manager-INFO-Creating docker environment... 
2025-06-13 16:23:01,160-environment_generator.manager-INFO-Creating docker environment... 
2025-06-13 16:23:01,161-environment_generator.manager-INFO-Creating docker environment... 
2025-06-13 16:23:01,161-environment_generator.manager-INFO-Creating docker environment... 
2025-06-13 16:23:01,161-environment_generator.manager-INFO-Creating docker environment... 
2025-06-13 16:23:01,161-environment_generator.manager-INFO-Creating docker environment... 
2025-06-13 16:23:01,161-environment_generator.manager-INFO-Creating docker environment... 
2025-06-13 16:23:01,161-environment_generator.manager-INFO-Creating docker environment... 
2025-06-13 16:23:01,162-environment_generator.manager-INFO-Creating docker environment... 
2025-06-13 16:23:01,162-environment_generator.manager-INFO-Creating docker environment... 
2025-06-13 16:23:01,162-environment_generator.manager-INFO-Creating docker environment... 
2025-06-13 16:23:01,162-environment_generator.manager-INFO-Creating docker environment... 
2025-06-13 16:23:01,162-environment_generator.manager-INFO-Creating docker environment... 
2025-06-13 16:23:01,163-environment_generator.manager-INFO-Creating docker environment... 
2025-06-13 16:23:01,163-environment_generator.manager-INFO-Creating docker environment... 
2025-06-13 16:23:01,163-environment_generator.manager-INFO-Creating docker environment... 
2025-06-13 16:23:01,163-environment_generator.manager-INFO-Creating docker environment... 
2025-06-13 16:23:01,163-environment_generator.manager-INFO-Creating docker environment... 
2025-06-13 16:23:01,164-environment_generator.manager-INFO-Creating docker environment... 
2025-06-13 16:23:01,164-environment_generator.manager-INFO-Creating docker environment... 
2025-06-13 16:23:01,164-environment_generator.manager-INFO-Creating docker environment... 
2025-06-13 16:23:01,164-environment_generator.manager-INFO-Creating docker environment... 
2025-06-13 16:23:01,164-environment_generator.manager-INFO-Creating docker environment... 
2025-06-13 16:23:01,165-environment_generator.manager-INFO-Creating docker environment... 
2025-06-13 16:23:01,165-environment_generator.manager-INFO-Creating docker environment... 
2025-06-13 16:23:01,165-environment_generator.manager-INFO-Creating docker environment... 
2025-06-13 16:23:01,165-environment_generator.manager-INFO-Creating docker environment... 
2025-06-13 16:23:01,166-environment_generator.manager-INFO-Creating docker environment... 
2025-06-13 16:23:01,166-environment_generator.manager-INFO-Creating docker environment... 
2025-06-13 16:23:01,166-environment_generator.manager-INFO-Creating docker environment... 
2025-06-13 16:23:01,167-environment_generator.manager-INFO-Creating docker environment... 
2025-06-13 16:23:01,167-environment_generator.manager-INFO-Creating docker environment... 
2025-06-13 16:23:01,167-environment_generator.manager-INFO-Creating docker environment... 
2025-06-13 16:23:01,167-environment_generator.manager-INFO-Creating docker environment... 
2025-06-13 16:23:01,168-environment_generator.manager-INFO-Creating docker environment... 
2025-06-13 16:23:01,168-environment_generator.manager-INFO-Creating docker environment... 
2025-06-13 16:23:01,168-environment_generator.manager-INFO-Creating docker environment... 
2025-06-13 16:23:01,168-environment_generator.manager-INFO-Creating docker environment... 
2025-06-13 16:23:01,169-environment_generator.manager-INFO-Creating docker environment... 
2025-06-13 16:23:01,169-environment_generator.manager-INFO-Creating docker environment... 
2025-06-13 16:23:01,169-environment_generator.manager-INFO-Creating docker environment... 
2025-06-13 16:23:01,169-environment_generator.manager-INFO-Creating docker environment... 
2025-06-13 16:23:01,169-environment_generator.manager-INFO-Creating docker environment... 
2025-06-13 16:23:01,170-environment_generator.manager-INFO-Creating docker environment... 
2025-06-13 16:23:01,171-environment_generator.manager-INFO-Creating docker environment... 
2025-06-13 16:23:01,171-environment_generator.manager-INFO-Creating docker environment... 
2025-06-13 16:23:01,171-environment_generator.manager-INFO-Creating docker environment... 
2025-06-13 16:23:01,172-environment_generator.manager-INFO-Creating docker environment... 
2025-06-13 16:23:01,172-environment_generator.manager-INFO-Creating docker environment... 
2025-06-13 16:23:01,173-environment_generator.manager-INFO-Creating docker environment... 
2025-06-13 16:23:01,173-environment_generator.manager-INFO-Creating docker environment... 
2025-06-13 16:23:01,173-environment_generator.manager-INFO-Creating docker environment... 
2025-06-13 16:23:01,174-environment_generator.manager-INFO-Creating docker environment... 
2025-06-13 16:23:01,174-environment_generator.manager-INFO-Creating docker environment... 
2025-06-13 16:23:01,174-environment_generator.manager-INFO-Creating docker environment... 
2025-06-13 16:23:01,174-environment_generator.manager-INFO-Creating docker environment... 
2025-06-13 16:23:01,174-environment_generator.manager-INFO-Creating docker environment... 
2025-06-13 16:23:01,175-environment_generator.manager-INFO-Creating docker environment... 
2025-06-13 16:23:01,175-environment_generator.manager-INFO-Creating docker environment... 
2025-06-13 16:23:01,175-environment_generator.manager-INFO-Creating docker environment... 
2025-06-13 16:23:01,175-environment_generator.manager-INFO-Creating docker environment... 
2025-06-13 16:23:01,176-environment_generator.manager-INFO-Creating docker environment... 
2025-06-13 16:23:01,176-environment_generator.manager-INFO-Creating docker environment... 
2025-06-13 16:23:01,176-environment_generator.manager-INFO-Creating docker environment... 
2025-06-13 16:23:01,176-environment_generator.manager-INFO-Creating docker environment... 
2025-06-13 16:23:01,177-environment_generator.manager-INFO-Creating docker environment... 
2025-06-13 16:23:01,177-environment_generator.manager-INFO-Creating docker environment... 
2025-06-13 16:23:01,177-environment_generator.manager-INFO-Creating docker environment... 
2025-06-13 16:23:01,177-environment_generator.manager-INFO-Creating docker environment... 
2025-06-13 16:23:01,177-environment_generator.manager-INFO-Creating docker environment... 
2025-06-13 16:23:01,178-environment_generator.manager-INFO-Creating docker environment... 
2025-06-13 16:23:01,178-environment_generator.manager-INFO-Creating docker environment... 
2025-06-13 16:23:01,178-environment_generator.manager-INFO-Creating docker environment... 
2025-06-13 16:23:01,178-environment_generator.manager-INFO-Creating docker environment... 
2025-06-13 16:23:01,178-environment_generator.manager-INFO-Creating docker environment... 
2025-06-13 16:23:01,179-environment_generator.manager-INFO-Creating docker environment... 
2025-06-13 16:23:01,179-environment_generator.manager-INFO-Creating docker environment... 
2025-06-13 16:23:01,179-environment_generator.manager-INFO-Creating docker environment... 
2025-06-13 16:23:01,179-environment_generator.manager-INFO-Creating docker environment... 
2025-06-13 16:23:01,179-environment_generator.manager-INFO-Creating docker environment... 
2025-06-13 16:23:01,180-environment_generator.manager-INFO-Creating docker environment... 
2025-06-13 16:23:01,180-environment_generator.manager-INFO-Creating docker environment... 
2025-06-13 16:23:01,180-environment_generator.manager-INFO-Creating docker environment... 
2025-06-13 16:23:01,180-environment_generator.manager-INFO-Creating docker environment... 
2025-06-13 16:23:01,180-environment_generator.manager-INFO-Creating docker environment... 
2025-06-13 16:23:01,181-environment_generator.manager-INFO-Creating docker environment... 
2025-06-13 16:23:01,181-environment_generator.manager-INFO-Creating docker environment... 
2025-06-13 16:23:01,181-environment_generator.manager-INFO-Creating docker environment... 
2025-06-13 16:23:01,181-environment_generator.manager-INFO-Creating docker environment... 
2025-06-13 16:23:01,181-environment_generator.manager-INFO-Creating docker environment... 
2025-06-13 16:23:01,182-environment_generator.manager-INFO-Creating docker environment... 
2025-06-13 16:23:01,182-environment_generator.manager-INFO-Creating docker environment... 
2025-06-13 16:23:01,182-environment_generator.manager-INFO-Creating docker environment... 
2025-06-13 16:23:01,182-environment_generator.manager-INFO-Creating docker environment... 
2025-06-13 16:23:01,182-environment_generator.manager-INFO-Creating docker environment... 
2025-06-13 16:23:01,183-environment_generator.manager-INFO-Creating docker environment... 
2025-06-13 16:23:01,183-environment_generator.manager-INFO-Creating docker environment... 
2025-06-13 16:23:01,183-environment_generator.manager-INFO-Creating docker environment... 
2025-06-13 16:23:01,183-environment_generator.manager-INFO-Creating docker environment... 
2025-06-13 16:23:01,183-environment_generator.manager-INFO-Creating docker environment... 
2025-06-13 16:23:01,184-environment_generator.manager-INFO-Creating docker environment... 
2025-06-13 16:23:01,184-environment_generator.manager-INFO-Creating docker environment... 
2025-06-13 16:23:01,184-environment_generator.manager-INFO-Creating docker environment... 
2025-06-13 16:23:01,184-environment_generator.manager-INFO-Creating docker environment... 
2025-06-13 16:23:01,185-environment_generator.manager-INFO-Creating docker environment... 
2025-06-13 16:23:01,185-environment_generator.manager-INFO-Creating docker environment... 
2025-06-13 16:23:01,185-environment_generator.manager-INFO-Creating docker environment... 
2025-06-13 16:23:01,185-environment_generator.manager-INFO-Creating docker environment... 
2025-06-13 16:23:01,186-environment_generator.manager-INFO-Creating docker environment... 
2025-06-13 16:23:01,186-environment_generator.manager-INFO-Creating docker environment... 
2025-06-13 16:23:01,186-environment_generator.manager-INFO-Creating docker environment... 
2025-06-13 16:23:01,186-environment_generator.manager-INFO-Creating docker environment... 
2025-06-13 16:23:01,186-environment_generator.manager-INFO-Creating docker environment... 
2025-06-13 16:23:01,187-environment_generator.manager-INFO-Creating docker environment... 
2025-06-13 16:23:01,187-environment_generator.manager-INFO-Creating docker environment... 
2025-06-13 16:23:01,187-environment_generator.manager-INFO-Creating docker environment... 
2025-06-13 16:23:01,187-environment_generator.manager-INFO-Creating docker environment... 
2025-06-13 16:23:01,188-environment_generator.manager-INFO-Creating docker environment... 
2025-06-13 16:23:01,188-environment_generator.manager-INFO-Creating docker environment... 
2025-06-13 16:23:01,188-environment_generator.manager-INFO-Creating docker environment... 
2025-06-13 16:23:01,189-environment_generator.manager-INFO-Creating docker environment... 
2025-06-13 16:23:01,189-environment_generator.manager-INFO-Creating docker environment... 
2025-06-13 16:23:01,189-environment_generator.manager-INFO-Creating docker environment... 
2025-06-13 16:23:01,189-environment_generator.manager-INFO-Creating docker environment... 
2025-06-13 16:23:01,190-environment_generator.manager-INFO-Creating docker environment... 
2025-06-13 16:23:01,190-environment_generator.manager-INFO-Creating docker environment... 
2025-06-13 16:23:01,190-environment_generator.manager-INFO-Creating docker environment... 
2025-06-13 16:23:01,190-environment_generator.manager-INFO-Creating docker environment... 
2025-06-13 16:23:01,190-environment_generator.manager-INFO-Creating docker environment... 
2025-06-13 16:23:01,192-environment_generator.manager-INFO-Creating docker environment... 
2025-06-13 16:23:01,192-environment_generator.manager-INFO-Creating docker environment... 
2025-06-13 16:23:01,192-environment_generator.manager-INFO-Creating docker environment... 
2025-06-13 16:23:01,192-environment_generator.manager-INFO-Creating docker environment... 
2025-06-13 16:23:01,192-environment_generator.manager-INFO-Creating docker environment... 
2025-06-13 16:23:01,192-environment_generator.manager-INFO-Creating docker environment... 
2025-06-13 16:23:01,192-environment_generator.manager-INFO-Creating docker environment... 
2025-06-13 16:23:01,192-environment_generator.manager-INFO-Creating docker environment... 
2025-06-13 16:23:01,192-environment_generator.manager-INFO-Creating docker environment... 
2025-06-13 16:23:01,192-environment_generator.manager-INFO-Creating docker environment... 
2025-06-13 16:23:01,194-environment_generator.manager-INFO-Creating docker environment... 
2025-06-13 16:23:01,194-environment_generator.manager-INFO-Creating docker environment... 
2025-06-13 16:23:01,194-environment_generator.manager-INFO-Creating docker environment... 
2025-06-13 16:23:01,194-environment_generator.manager-INFO-Creating docker environment... 
2025-06-13 16:23:01,194-environment_generator.manager-INFO-Creating docker environment... 
2025-06-13 16:23:01,195-environment_generator.manager-INFO-Creating docker environment... 
2025-06-13 16:23:01,195-environment_generator.manager-INFO-Creating docker environment... 
2025-06-13 16:23:01,195-environment_generator.manager-INFO-Creating docker environment... 
2025-06-13 16:23:01,195-environment_generator.manager-INFO-Creating docker environment... 
2025-06-13 16:23:01,196-environment_generator.manager-INFO-Creating docker environment... 
2025-06-13 16:23:01,196-environment_generator.manager-INFO-Creating docker environment... 
2025-06-13 16:23:01,196-environment_generator.manager-INFO-Creating docker environment... 
2025-06-13 16:23:01,196-environment_generator.manager-INFO-Creating docker environment... 
2025-06-13 16:23:01,197-environment_generator.manager-INFO-Creating docker environment... 
2025-06-13 16:23:01,197-environment_generator.manager-INFO-Creating docker environment... 
2025-06-13 16:23:01,197-environment_generator.manager-INFO-Creating docker environment... 
2025-06-13 16:23:01,198-environment_generator.manager-INFO-Creating docker environment... 
2025-06-13 16:23:01,198-environment_generator.manager-INFO-Creating docker environment... 
2025-06-13 16:23:01,198-environment_generator.manager-INFO-Creating docker environment... 
2025-06-13 16:23:01,198-environment_generator.manager-INFO-Creating docker environment... 
2025-06-13 16:23:01,199-environment_generator.manager-INFO-Creating docker environment... 
2025-06-13 16:23:01,199-environment_generator.manager-INFO-Creating docker environment... 
2025-06-13 16:23:01,199-environment_generator.manager-INFO-Creating docker environment... 
2025-06-13 16:23:01,199-environment_generator.manager-INFO-Creating docker environment... 
2025-06-13 16:23:01,200-environment_generator.manager-INFO-Creating docker environment... 
2025-06-13 16:23:01,200-environment_generator.manager-INFO-Creating docker environment... 
2025-06-13 16:23:01,200-environment_generator.manager-INFO-Creating docker environment... 
2025-06-13 16:23:01,200-environment_generator.manager-INFO-Creating docker environment... 
2025-06-13 16:23:01,200-environment_generator.manager-INFO-Creating docker environment... 
2025-06-13 16:23:01,201-environment_generator.manager-INFO-Creating docker environment... 
2025-06-13 16:23:01,201-environment_generator.manager-INFO-Creating docker environment... 
2025-06-13 16:23:01,201-environment_generator.manager-INFO-Creating docker environment... 
2025-06-13 16:23:01,202-environment_generator.manager-INFO-Creating docker environment... 
2025-06-13 16:23:01,202-environment_generator.manager-INFO-Creating docker environment... 
2025-06-13 16:23:01,202-environment_generator.manager-INFO-Creating docker environment... 
2025-06-13 16:23:01,202-environment_generator.manager-INFO-Creating docker environment... 
2025-06-13 16:23:01,203-environment_generator.manager-INFO-Creating docker environment... 
2025-06-13 16:23:01,203-environment_generator.manager-INFO-Creating docker environment... 
2025-06-13 16:23:01,203-environment_generator.manager-INFO-Creating docker environment... 
2025-06-13 16:23:01,203-environment_generator.manager-INFO-Creating docker environment... 
2025-06-13 16:23:01,203-environment_generator.manager-INFO-Creating docker environment... 
2025-06-13 16:23:01,204-environment_generator.manager-INFO-Creating docker environment... 
2025-06-13 16:23:01,204-environment_generator.manager-INFO-Creating docker environment... 
2025-06-13 16:23:01,204-environment_generator.manager-INFO-Creating docker environment... 
2025-06-13 16:23:01,204-environment_generator.manager-INFO-Creating docker environment... 
2025-06-13 16:23:01,205-environment_generator.manager-INFO-Creating docker environment... 
2025-06-13 16:23:01,205-environment_generator.manager-INFO-Creating docker environment... 
2025-06-13 16:23:01,205-environment_generator.manager-INFO-Creating docker environment... 
2025-06-13 16:23:01,206-environment_generator.manager-INFO-Creating docker environment... 
2025-06-13 16:23:01,206-environment_generator.manager-INFO-Creating docker environment... 
2025-06-13 16:23:01,206-environment_generator.manager-INFO-Creating docker environment... 
2025-06-13 16:23:01,206-environment_generator.manager-INFO-Creating docker environment... 
2025-06-13 16:23:01,207-environment_generator.manager-INFO-Creating docker environment... 
2025-06-13 16:23:01,207-environment_generator.manager-INFO-Creating docker environment... 
2025-06-13 16:23:01,207-environment_generator.manager-INFO-Creating docker environment... 
2025-06-13 16:23:01,207-environment_generator.manager-INFO-Creating docker environment... 
2025-06-13 16:23:01,208-environment_generator.manager-INFO-Creating docker environment... 
2025-06-13 16:23:01,208-environment_generator.manager-INFO-Creating docker environment... 
2025-06-13 16:23:01,208-environment_generator.manager-INFO-Creating docker environment... 
2025-06-13 16:23:01,208-environment_generator.manager-INFO-Creating docker environment... 
2025-06-13 16:23:01,208-environment_generator.manager-INFO-Creating docker environment... 
2025-06-13 16:23:01,209-environment_generator.manager-INFO-Creating docker environment... 
2025-06-13 16:23:01,209-environment_generator.manager-INFO-Creating docker environment... 
2025-06-13 16:23:01,209-environment_generator.manager-INFO-Creating docker environment... 
2025-06-13 16:23:01,209-environment_generator.manager-INFO-Creating docker environment... 
2025-06-13 16:23:01,209-environment_generator.manager-INFO-Creating docker environment... 
2025-06-13 16:23:01,210-environment_generator.manager-INFO-Creating docker environment... 
2025-06-13 16:23:01,210-environment_generator.manager-INFO-Creating docker environment... 
2025-06-13 16:23:01,210-environment_generator.manager-INFO-Creating docker environment... 
2025-06-13 16:23:01,210-environment_generator.manager-INFO-Creating docker environment... 
2025-06-13 16:23:01,210-environment_generator.manager-INFO-Creating docker environment... 
2025-06-13 16:23:01,211-environment_generator.manager-INFO-Creating docker environment... 
2025-06-13 16:23:01,211-environment_generator.manager-INFO-Creating docker environment... 
2025-06-13 16:23:01,211-environment_generator.manager-INFO-Creating docker environment... 
2025-06-13 16:23:01,211-environment_generator.manager-INFO-Creating docker environment... 
2025-06-13 16:23:01,211-environment_generator.manager-INFO-Creating docker environment... 
2025-06-13 16:23:01,212-environment_generator.manager-INFO-Creating docker environment... 
2025-06-13 16:23:01,212-environment_generator.manager-INFO-Creating docker environment... 
2025-06-13 16:23:01,212-environment_generator.manager-INFO-Creating docker environment... 
2025-06-13 16:23:01,212-environment_generator.manager-INFO-Creating docker environment... 
2025-06-13 16:23:01,212-environment_generator.manager-INFO-Creating docker environment... 
2025-06-13 16:23:01,213-environment_generator.manager-INFO-Creating docker environment... 
2025-06-13 16:23:01,213-environment_generator.manager-INFO-Creating docker environment... 
2025-06-13 16:23:01,213-environment_generator.manager-INFO-Creating docker environment... 
2025-06-13 16:23:01,213-environment_generator.manager-INFO-Creating docker environment... 
2025-06-13 16:23:01,213-environment_generator.manager-INFO-Creating docker environment... 
2025-06-13 16:23:01,214-environment_generator.manager-INFO-Creating docker environment... 
2025-06-13 16:23:01,214-environment_generator.manager-INFO-Creating docker environment... 
2025-06-13 16:23:01,214-environment_generator.manager-INFO-Creating docker environment... 
2025-06-13 16:23:01,214-environment_generator.manager-INFO-Creating docker environment... 
2025-06-13 16:23:01,214-environment_generator.manager-INFO-Creating docker environment... 
2025-06-13 16:23:01,215-environment_generator.manager-INFO-Creating docker environment... 
2025-06-13 16:23:01,215-environment_generator.manager-INFO-Creating docker environment... 
2025-06-13 16:23:01,215-environment_generator.manager-INFO-Creating docker environment... 
2025-06-13 16:23:01,215-environment_generator.manager-INFO-Creating docker environment... 
2025-06-13 16:23:01,215-environment_generator.manager-INFO-Creating docker environment... 
2025-06-13 16:23:01,216-environment_generator.manager-INFO-Creating docker environment... 
2025-06-13 16:23:01,216-environment_generator.manager-INFO-Creating docker environment... 
2025-06-13 16:23:01,216-environment_generator.manager-INFO-Creating docker environment... 
2025-06-13 16:23:01,216-environment_generator.manager-INFO-Creating docker environment... 
2025-06-13 16:23:01,217-environment_generator.manager-INFO-Creating docker environment... 
2025-06-13 16:23:01,217-environment_generator.manager-INFO-Creating docker environment... 
2025-06-13 16:23:01,217-environment_generator.manager-INFO-Creating docker environment... 
2025-06-13 16:23:01,218-environment_generator.manager-INFO-Creating docker environment... 
2025-06-13 16:23:01,218-environment_generator.manager-INFO-Creating docker environment... 
2025-06-13 16:23:01,218-environment_generator.manager-INFO-Creating docker environment... 
2025-06-13 16:23:01,218-environment_generator.manager-INFO-Creating docker environment... 
2025-06-13 16:23:01,219-environment_generator.manager-INFO-Creating docker environment... 
2025-06-13 16:23:01,219-environment_generator.manager-INFO-Creating docker environment... 
2025-06-13 16:23:01,219-environment_generator.manager-INFO-Creating docker environment... 
2025-06-13 16:23:01,219-environment_generator.manager-INFO-Creating docker environment... 
2025-06-13 16:23:01,220-environment_generator.manager-INFO-Creating docker environment... 
2025-06-13 16:23:01,220-environment_generator.manager-INFO-Creating docker environment... 
2025-06-13 16:23:01,220-environment_generator.manager-INFO-Creating docker environment... 
2025-06-13 16:23:01,222-environment_generator.manager-INFO-Creating docker environment... 
2025-06-13 16:23:01,222-environment_generator.manager-INFO-Creating docker environment... 
2025-06-13 16:23:01,222-environment_generator.manager-INFO-Creating docker environment... 
2025-06-13 16:23:01,222-environment_generator.manager-INFO-Creating docker environment... 
2025-06-13 16:23:01,223-environment_generator.manager-INFO-Creating docker environment... 
2025-06-13 16:23:01,223-environment_generator.manager-INFO-Creating docker environment... 
2025-06-13 16:23:01,223-environment_generator.manager-INFO-Creating docker environment... 
2025-06-13 16:23:01,223-environment_generator.manager-INFO-Creating docker environment... 
2025-06-13 16:23:01,223-environment_generator.manager-INFO-Creating docker environment... 
2025-06-13 16:23:01,224-environment_generator.manager-INFO-Creating docker environment... 
2025-06-13 16:23:01,224-environment_generator.manager-INFO-Creating docker environment... 
2025-06-13 16:23:01,224-environment_generator.manager-INFO-Creating docker environment... 
2025-06-13 16:23:01,224-environment_generator.manager-INFO-Creating docker environment... 
2025-06-13 16:23:01,224-environment_generator.manager-INFO-Creating docker environment... 
2025-06-13 16:23:01,225-environment_generator.manager-INFO-Creating docker environment... 
2025-06-13 16:23:01,225-environment_generator.manager-INFO-Creating docker environment... 
2025-06-13 16:23:01,225-environment_generator.manager-INFO-Creating docker environment... 
2025-06-13 16:23:01,225-environment_generator.manager-INFO-Creating docker environment... 
2025-06-13 16:23:01,225-environment_generator.manager-INFO-Creating docker environment... 
2025-06-13 16:23:01,226-environment_generator.manager-INFO-Creating docker environment... 
2025-06-13 16:23:01,226-environment_generator.manager-INFO-Creating docker environment... 
2025-06-13 16:23:01,226-environment_generator.manager-INFO-Creating docker environment... 
2025-06-13 16:23:01,226-environment_generator.manager-INFO-Creating docker environment... 
2025-06-13 16:23:01,226-environment_generator.manager-INFO-Creating docker environment... 
2025-06-13 16:23:01,227-environment_generator.manager-INFO-Creating docker environment... 
2025-06-13 16:23:01,227-environment_generator.manager-INFO-Creating docker environment... 
2025-06-13 16:23:01,227-environment_generator.manager-INFO-Creating docker environment... 
2025-06-13 16:23:01,228-environment_generator.manager-INFO-Creating docker environment... 
2025-06-13 16:23:01,228-environment_generator.manager-INFO-Creating docker environment... 
2025-06-13 16:23:01,228-environment_generator.manager-INFO-Creating docker environment... 
2025-06-13 16:23:01,228-environment_generator.manager-INFO-Creating docker environment... 
2025-06-13 16:23:01,229-environment_generator.manager-INFO-Creating docker environment... 
2025-06-13 16:23:01,229-environment_generator.manager-INFO-Creating docker environment... 
2025-06-13 16:23:01,229-environment_generator.manager-INFO-Creating docker environment... 
2025-06-13 16:23:01,230-environment_generator.manager-INFO-Creating docker environment... 
2025-06-13 16:23:01,230-environment_generator.manager-INFO-Creating docker environment... 
2025-06-13 16:23:01,230-environment_generator.manager-INFO-Creating docker environment... 
2025-06-13 16:23:01,230-environment_generator.manager-INFO-Creating docker environment... 
2025-06-13 16:23:01,230-environment_generator.manager-INFO-Creating docker environment... 
2025-06-13 16:23:01,231-environment_generator.manager-INFO-Creating docker environment... 
2025-06-13 16:23:01,231-environment_generator.manager-INFO-Creating docker environment... 
2025-06-13 16:23:01,231-environment_generator.manager-INFO-Creating docker environment... 
2025-06-13 16:23:01,231-environment_generator.manager-INFO-Creating docker environment... 
2025-06-13 16:23:01,231-environment_generator.manager-INFO-Creating docker environment... 
2025-06-13 16:23:01,232-environment_generator.manager-INFO-Creating docker environment... 
2025-06-13 16:23:01,232-environment_generator.manager-INFO-Creating docker environment... 
2025-06-13 16:23:01,232-environment_generator.manager-INFO-Creating docker environment... 
2025-06-13 16:23:01,232-environment_generator.manager-INFO-Creating docker environment... 
2025-06-13 16:23:01,232-environment_generator.manager-INFO-Creating docker environment... 
2025-06-13 16:23:01,233-environment_generator.manager-INFO-Creating docker environment... 
2025-06-13 16:23:01,233-environment_generator.manager-INFO-Creating docker environment... 
2025-06-13 16:23:01,233-environment_generator.manager-INFO-Creating docker environment... 
2025-06-13 16:23:01,233-environment_generator.manager-INFO-Creating docker environment... 
2025-06-13 16:23:01,233-environment_generator.manager-INFO-Creating docker environment... 
2025-06-13 16:23:01,234-environment_generator.manager-INFO-Creating docker environment... 
2025-06-13 16:23:01,234-environment_generator.manager-INFO-Creating docker environment... 
2025-06-13 16:23:01,234-environment_generator.manager-INFO-Creating docker environment... 
2025-06-13 16:23:01,234-environment_generator.manager-INFO-Creating docker environment... 
2025-06-13 16:23:01,234-environment_generator.manager-INFO-Creating docker environment... 
2025-06-13 16:23:01,235-environment_generator.manager-INFO-Creating docker environment... 
2025-06-13 16:23:01,235-environment_generator.manager-INFO-Creating docker environment... 
2025-06-13 16:23:01,235-environment_generator.manager-INFO-Creating docker environment... 
2025-06-13 16:23:01,235-environment_generator.manager-INFO-Creating docker environment... 
2025-06-13 16:23:01,236-environment_generator.manager-INFO-Creating docker environment... 
2025-06-13 16:23:01,236-environment_generator.manager-INFO-Creating docker environment... 
2025-06-13 16:23:01,236-environment_generator.manager-INFO-Creating docker environment... 
2025-06-13 16:23:01,236-environment_generator.manager-INFO-Creating docker environment... 
2025-06-13 16:23:01,237-environment_generator.manager-INFO-Creating docker environment... 
2025-06-13 16:23:01,237-environment_generator.manager-INFO-Creating docker environment... 
2025-06-13 16:23:01,237-environment_generator.manager-INFO-Creating docker environment... 
2025-06-13 16:23:01,237-environment_generator.manager-INFO-Creating docker environment... 
2025-06-13 16:23:01,237-environment_generator.manager-INFO-Creating docker environment... 
2025-06-13 16:23:01,239-environment_generator.manager-INFO-Creating docker environment... 
2025-06-13 16:23:01,239-environment_generator.manager-INFO-Creating docker environment... 
2025-06-13 16:23:01,239-environment_generator.manager-INFO-Creating docker environment... 
2025-06-13 16:23:01,239-environment_generator.manager-INFO-Creating docker environment... 
2025-06-13 16:23:01,240-environment_generator.manager-INFO-Creating docker environment... 
2025-06-13 16:23:01,240-environment_generator.manager-INFO-Creating docker environment... 
2025-06-13 16:23:01,240-environment_generator.manager-INFO-Creating docker environment... 
2025-06-13 16:23:01,240-environment_generator.manager-INFO-Creating docker environment... 
2025-06-13 16:23:01,240-environment_generator.manager-INFO-Creating docker environment... 
2025-06-13 16:23:01,241-environment_generator.manager-INFO-Creating docker environment... 
2025-06-13 16:23:01,241-environment_generator.manager-INFO-Creating docker environment... 
2025-06-13 16:23:01,241-environment_generator.manager-INFO-Creating docker environment... 
2025-06-13 16:23:01,241-environment_generator.manager-INFO-Creating docker environment... 
2025-06-13 16:23:01,241-environment_generator.manager-INFO-Creating docker environment... 
2025-06-13 16:23:01,242-environment_generator.manager-INFO-Creating docker environment... 
2025-06-13 16:23:01,242-environment_generator.manager-INFO-Creating docker environment... 
2025-06-13 16:23:01,242-environment_generator.manager-INFO-Creating docker environment... 
2025-06-13 16:23:01,242-environment_generator.manager-INFO-Creating docker environment... 
2025-06-13 16:23:01,242-environment_generator.manager-INFO-Creating docker environment... 
2025-06-13 16:23:01,243-environment_generator.manager-INFO-Creating docker environment... 
2025-06-13 16:23:01,243-environment_generator.manager-INFO-Creating docker environment... 
2025-06-13 16:23:01,243-environment_generator.manager-INFO-Creating docker environment... 
2025-06-13 16:23:01,243-environment_generator.manager-INFO-Creating docker environment... 
2025-06-13 16:23:01,243-environment_generator.manager-INFO-Creating docker environment... 
2025-06-13 16:23:01,244-environment_generator.manager-INFO-Creating docker environment... 
2025-06-13 16:23:01,244-environment_generator.manager-INFO-Creating docker environment... 
2025-06-13 16:23:01,244-environment_generator.manager-INFO-Creating docker environment... 
2025-06-13 16:23:01,244-environment_generator.manager-INFO-Creating docker environment... 
2025-06-13 16:23:01,245-environment_generator.manager-INFO-Creating docker environment... 
2025-06-13 16:23:01,245-environment_generator.manager-INFO-Creating docker environment... 
2025-06-13 16:23:01,245-environment_generator.manager-INFO-Creating docker environment... 
2025-06-13 16:23:01,245-environment_generator.manager-INFO-Creating docker environment... 
2025-06-13 16:23:01,246-environment_generator.manager-INFO-Creating docker environment... 
2025-06-13 16:23:01,246-environment_generator.manager-INFO-Creating docker environment... 
2025-06-13 16:23:01,246-environment_generator.manager-INFO-Creating docker environment... 
2025-06-13 16:23:01,246-environment_generator.manager-INFO-Creating docker environment... 
2025-06-13 16:23:01,246-environment_generator.manager-INFO-Creating docker environment... 
2025-06-13 16:23:01,247-environment_generator.manager-INFO-Creating docker environment... 
2025-06-13 16:23:01,247-environment_generator.manager-INFO-Creating docker environment... 
2025-06-13 16:23:01,247-environment_generator.manager-INFO-Creating docker environment... 
2025-06-13 16:23:01,247-environment_generator.manager-INFO-Creating docker environment... 
2025-06-13 16:23:01,247-environment_generator.manager-INFO-Creating docker environment... 
2025-06-13 16:23:01,248-environment_generator.manager-INFO-Creating docker environment... 
2025-06-13 16:23:01,248-environment_generator.manager-INFO-Creating docker environment... 
2025-06-13 16:23:01,248-environment_generator.manager-INFO-Creating docker environment... 
2025-06-13 16:23:01,248-environment_generator.manager-INFO-Creating docker environment... 
2025-06-13 16:23:01,248-environment_generator.manager-INFO-Creating docker environment... 
2025-06-13 16:23:01,249-environment_generator.manager-INFO-Creating docker environment... 
2025-06-13 16:23:01,249-environment_generator.manager-INFO-Creating docker environment... 
2025-06-13 16:23:01,249-environment_generator.manager-INFO-Creating docker environment... 
2025-06-13 16:23:01,249-environment_generator.manager-INFO-Creating docker environment... 
2025-06-13 16:23:01,249-environment_generator.manager-INFO-Creating docker environment... 
2025-06-13 16:23:01,250-environment_generator.manager-INFO-Creating docker environment... 
2025-06-13 16:23:01,250-environment_generator.manager-INFO-Creating docker environment... 
2025-06-13 16:23:01,250-environment_generator.manager-INFO-Creating docker environment... 
2025-06-13 16:23:01,250-environment_generator.manager-INFO-Creating docker environment... 
2025-06-13 16:23:01,250-environment_generator.manager-INFO-Creating docker environment... 
2025-06-13 16:23:01,251-environment_generator.manager-INFO-Creating docker environment... 
2025-06-13 16:23:01,251-environment_generator.manager-INFO-Creating docker environment... 
2025-06-13 16:23:01,251-environment_generator.manager-INFO-Creating docker environment... 
2025-06-13 16:23:01,251-environment_generator.manager-INFO-Creating docker environment... 
2025-06-13 16:23:01,251-environment_generator.manager-INFO-Creating docker environment... 
2025-06-13 16:23:01,252-environment_generator.manager-INFO-Creating docker environment... 
2025-06-13 16:23:01,252-environment_generator.manager-INFO-Creating docker environment... 
2025-06-13 16:23:01,252-environment_generator.manager-INFO-Creating docker environment... 
2025-06-13 16:23:01,252-environment_generator.manager-INFO-Creating docker environment... 
2025-06-13 16:23:01,252-environment_generator.manager-INFO-Creating docker environment... 
2025-06-13 16:23:01,253-environment_generator.manager-INFO-Creating docker environment... 
2025-06-13 16:23:01,253-environment_generator.manager-INFO-Creating docker environment... 
2025-06-13 16:23:01,253-environment_generator.manager-INFO-Creating docker environment... 
2025-06-13 16:23:01,254-environment_generator.manager-INFO-Creating docker environment... 
2025-06-13 16:23:01,254-environment_generator.manager-INFO-Creating docker environment... 
2025-06-13 16:23:01,254-environment_generator.manager-INFO-Creating docker environment... 
2025-06-13 16:23:01,254-environment_generator.manager-INFO-Creating docker environment... 
2025-06-13 16:23:01,254-environment_generator.manager-INFO-Creating docker environment... 
2025-06-13 16:23:01,255-environment_generator.manager-INFO-Creating docker environment... 
2025-06-13 16:23:01,255-environment_generator.manager-INFO-Creating docker environment... 
2025-06-13 16:23:01,255-environment_generator.manager-INFO-Creating docker environment... 
2025-06-13 16:23:01,255-environment_generator.manager-INFO-Creating docker environment... 
2025-06-13 16:23:01,256-environment_generator.manager-INFO-Creating docker environment... 
2025-06-13 16:23:01,256-environment_generator.manager-INFO-Creating docker environment... 
2025-06-13 16:23:01,256-environment_generator.manager-INFO-Creating docker environment... 
2025-06-13 16:23:01,256-environment_generator.manager-INFO-Creating docker environment... 
2025-06-13 16:23:01,257-environment_generator.manager-INFO-Creating docker environment... 
2025-06-13 16:23:01,257-environment_generator.manager-INFO-Creating docker environment... 
2025-06-13 16:23:01,259-environment_generator.manager-INFO-Creating docker environment... 
2025-06-13 16:23:01,259-environment_generator.manager-INFO-Creating docker environment... 
2025-06-13 16:23:01,259-environment_generator.manager-INFO-Creating docker environment... 
2025-06-13 16:23:01,259-environment_generator.manager-INFO-Creating docker environment... 
2025-06-13 16:23:01,259-environment_generator.manager-INFO-Creating docker environment... 
2025-06-13 16:23:01,260-environment_generator.manager-INFO-Creating docker environment... 
2025-06-13 16:23:01,260-environment_generator.manager-INFO-Creating docker environment... 
2025-06-13 16:23:01,260-environment_generator.manager-INFO-Creating docker environment... 
2025-06-13 16:23:01,261-environment_generator.manager-INFO-Creating docker environment... 
2025-06-13 16:23:01,261-environment_generator.manager-INFO-Creating docker environment... 
2025-06-13 16:23:01,261-environment_generator.manager-INFO-Creating docker environment... 
2025-06-13 16:23:01,261-environment_generator.manager-INFO-Creating docker environment... 
2025-06-13 16:23:01,262-environment_generator.manager-INFO-Creating docker environment... 
2025-06-13 16:23:01,262-environment_generator.manager-INFO-Creating docker environment... 
2025-06-13 16:23:01,262-environment_generator.manager-INFO-Creating docker environment... 
2025-06-13 16:23:01,262-environment_generator.manager-INFO-Creating docker environment... 
2025-06-13 16:23:01,262-environment_generator.manager-INFO-Creating docker environment... 
2025-06-13 16:23:01,263-environment_generator.manager-INFO-Creating docker environment... 
2025-06-13 16:23:01,263-environment_generator.manager-INFO-Creating docker environment... 
2025-06-13 16:23:01,263-environment_generator.manager-INFO-Creating docker environment... 
2025-06-13 16:23:01,263-environment_generator.manager-INFO-Creating docker environment... 
2025-06-13 16:23:01,263-environment_generator.manager-INFO-Creating docker environment... 
2025-06-13 16:23:01,264-environment_generator.manager-INFO-Creating docker environment... 
2025-06-13 16:23:01,264-environment_generator.manager-INFO-Creating docker environment... 
2025-06-13 16:23:01,264-environment_generator.manager-INFO-Creating docker environment... 
2025-06-13 16:23:01,265-environment_generator.manager-INFO-Creating docker environment... 
2025-06-13 16:23:01,265-environment_generator.manager-INFO-Creating docker environment... 
2025-06-13 16:23:01,265-environment_generator.manager-INFO-Creating docker environment... 
2025-06-13 16:23:01,265-environment_generator.manager-INFO-Creating docker environment... 
2025-06-13 16:23:01,266-environment_generator.manager-INFO-Creating docker environment... 
2025-06-13 16:23:01,266-environment_generator.manager-INFO-Creating docker environment... 
2025-06-13 16:23:01,266-environment_generator.manager-INFO-Creating docker environment... 
2025-06-13 16:23:01,266-environment_generator.manager-INFO-Creating docker environment... 
2025-06-13 16:23:01,266-environment_generator.manager-INFO-Creating docker environment... 
2025-06-13 16:23:01,267-environment_generator.manager-INFO-Creating docker environment... 
2025-06-13 16:23:01,267-environment_generator.manager-INFO-Creating docker environment... 
2025-06-13 16:23:01,267-environment_generator.manager-INFO-Creating docker environment... 
2025-06-13 16:23:01,267-environment_generator.manager-INFO-Creating docker environment... 
2025-06-13 16:23:01,268-environment_generator.manager-INFO-Creating docker environment... 
2025-06-13 16:23:01,268-environment_generator.manager-INFO-Creating docker environment... 
2025-06-13 16:23:01,268-environment_generator.manager-INFO-Creating docker environment... 
2025-06-13 16:23:01,268-environment_generator.manager-INFO-Creating docker environment... 
2025-06-13 16:23:01,268-environment_generator.manager-INFO-Creating docker environment... 
2025-06-13 16:23:01,269-environment_generator.manager-INFO-Creating docker environment... 
2025-06-13 16:23:01,269-environment_generator.manager-INFO-Creating docker environment... 
2025-06-13 16:23:01,269-environment_generator.manager-INFO-Creating docker environment... 
2025-06-13 16:23:01,269-environment_generator.manager-INFO-Creating docker environment... 
2025-06-13 16:23:01,269-environment_generator.manager-INFO-Creating docker environment... 
2025-06-13 16:23:01,270-environment_generator.manager-INFO-Creating docker environment... 
2025-06-13 16:23:01,270-environment_generator.manager-INFO-Creating docker environment... 
2025-06-13 16:23:01,270-environment_generator.manager-INFO-Creating docker environment... 
2025-06-13 16:23:01,271-environment_generator.manager-INFO-Creating docker environment... 
2025-06-13 16:23:01,271-environment_generator.manager-INFO-Creating docker environment... 
2025-06-13 16:23:01,271-environment_generator.manager-INFO-Creating docker environment... 
2025-06-13 16:23:01,271-environment_generator.manager-INFO-Creating docker environment... 
2025-06-13 16:23:01,272-environment_generator.manager-INFO-Creating docker environment... 
2025-06-13 16:23:01,272-environment_generator.manager-INFO-Creating docker environment... 
2025-06-13 16:23:01,272-environment_generator.manager-INFO-Creating docker environment... 
2025-06-13 16:23:01,272-environment_generator.manager-INFO-Creating docker environment... 
2025-06-13 16:23:01,273-environment_generator.manager-INFO-Creating docker environment... 
2025-06-13 16:23:01,273-environment_generator.manager-INFO-Creating docker environment... 
2025-06-13 16:23:01,273-environment_generator.manager-INFO-Creating docker environment... 
2025-06-13 16:23:01,273-environment_generator.manager-INFO-Creating docker environment... 
2025-06-13 16:23:01,274-environment_generator.manager-INFO-Creating docker environment... 
2025-06-13 16:23:01,274-environment_generator.manager-INFO-Creating docker environment... 
2025-06-13 16:23:01,274-environment_generator.manager-INFO-Creating docker environment... 
2025-06-13 16:23:01,275-environment_generator.manager-INFO-Creating docker environment... 
2025-06-13 16:23:01,275-environment_generator.manager-INFO-Creating docker environment... 
2025-06-13 16:23:01,275-environment_generator.manager-INFO-Creating docker environment... 
2025-06-13 16:23:01,276-environment_generator.manager-INFO-Creating docker environment... 
2025-06-13 16:23:01,276-environment_generator.manager-INFO-Creating docker environment... 
2025-06-13 16:23:01,276-environment_generator.manager-INFO-Creating docker environment... 
2025-06-13 16:23:01,276-environment_generator.manager-INFO-Creating docker environment... 
2025-06-13 16:23:01,276-environment_generator.manager-INFO-Creating docker environment... 
2025-06-13 16:23:01,277-environment_generator.manager-INFO-Creating docker environment... 
2025-06-13 16:23:01,277-environment_generator.manager-INFO-Creating docker environment... 
2025-06-13 16:23:01,277-environment_generator.manager-INFO-Creating docker environment... 
2025-06-13 16:23:01,277-environment_generator.manager-INFO-Creating docker environment... 
2025-06-13 16:23:01,278-environment_generator.manager-INFO-Creating docker environment... 
2025-06-13 16:23:01,278-environment_generator.manager-INFO-Creating docker environment... 
2025-06-13 16:23:01,278-environment_generator.manager-INFO-Creating docker environment... 
2025-06-13 16:23:01,278-environment_generator.manager-INFO-Creating docker environment... 
2025-06-13 16:23:01,279-environment_generator.manager-INFO-Creating docker environment... 
2025-06-13 16:23:01,279-environment_generator.manager-INFO-Creating docker environment... 
2025-06-13 16:23:01,279-environment_generator.manager-INFO-Creating docker environment... 
2025-06-13 16:23:01,279-environment_generator.manager-INFO-Creating docker environment... 
2025-06-13 16:23:01,280-environment_generator.manager-INFO-Creating docker environment... 
2025-06-13 16:23:01,280-environment_generator.manager-INFO-Creating docker environment... 
2025-06-13 16:23:01,280-environment_generator.manager-INFO-Creating docker environment... 
2025-06-13 16:23:01,280-environment_generator.manager-INFO-Creating docker environment... 
2025-06-13 16:23:01,280-environment_generator.manager-INFO-Creating docker environment... 
2025-06-13 16:23:01,281-environment_generator.manager-INFO-Creating docker environment... 
2025-06-13 16:23:01,281-environment_generator.manager-INFO-Creating docker environment... 
2025-06-13 16:23:01,281-environment_generator.manager-INFO-Creating docker environment... 
2025-06-13 16:23:01,281-environment_generator.manager-INFO-Creating docker environment... 
2025-06-13 16:23:01,281-environment_generator.manager-INFO-Creating docker environment... 
2025-06-13 16:23:01,282-environment_generator.manager-INFO-Creating docker environment... 
2025-06-13 16:23:01,282-environment_generator.manager-INFO-Creating docker environment... 
2025-06-13 16:23:01,282-environment_generator.manager-INFO-Creating docker environment... 
2025-06-13 16:23:01,282-environment_generator.manager-INFO-Creating docker environment... 
2025-06-13 16:23:01,282-environment_generator.manager-INFO-Creating docker environment... 
2025-06-13 16:23:01,283-environment_generator.manager-INFO-Creating docker environment... 
2025-06-13 16:23:01,283-environment_generator.manager-INFO-Creating docker environment... 
2025-06-13 16:23:01,283-environment_generator.manager-INFO-Creating docker environment... 
2025-06-13 16:23:01,283-environment_generator.manager-INFO-Creating docker environment... 
2025-06-13 16:23:01,283-environment_generator.manager-INFO-Creating docker environment... 
2025-06-13 16:23:01,284-environment_generator.manager-INFO-Creating docker environment... 
