2025-06-13 18:56:06,608-__main__-INFO-Starting reproducibility attempt for manuscript:data/raw/example_manuscript.txt
2025-06-13 18:56:06,609-__main__-INFO-Using datasets:data/raw/dataset1.csv
2025-06-13 18:56:06,609-__main__-INFO-Step 1: Parsing mauscript...
2025-06-13 18:56:06,616-__main__-INFO-Step 2: Processing data...
2025-06-13 18:56:06,617-data_processor.processor-INFO-Loading dataset: data/raw/dataset1.csv
2025-06-13 18:56:06,633-data_processor.processor-INFO-Applying processing instructions for dataset1...
2025-06-13 18:56:06,643-data_processor.processor-INFO-Processed data saved to: output\data\processed\dataset1_processed.csv
2025-06-13 18:56:06,644-__main__-INFO-Step 3: Generating code...
2025-06-13 18:56:06,645-code_generator.generator-INFO-Attempting rule-based code generation...
2025-06-13 18:56:06,645-code_generator.rule_based_generator-INFO-Generated data loading code.
2025-06-13 18:56:06,646-code_generator.rule_based_generator-INFO-Generated analysis code.
2025-06-13 18:56:06,646-code_generator.rule_based_generator-INFO-Generated plotting code.
2025-06-13 18:56:06,647-__main__-ERROR-An error occurred during reproducibility attempt:'EnvironmentManager' object has no attribute 'script_path'
Traceback (most recent call last):
  File "C:\Users\dhara\inverse-repro-mvp\main.py", line 73, in main
    script_file_path_for_docker = temp_docker_manager.script_path
                                  ^^^^^^^^^^^^^^^^^^^^^^^^^^^^^^^
AttributeError: 'EnvironmentManager' object has no attribute 'script_path'
2025-06-13 18:56:06,651-__main__-INFO-Step 7: Generating reproducibility reports...
2025-06-13 18:56:06,656-report_generator.generator-INFO-JSON report saved to:output\reports\reproducibility_report_2025-06-13T18-56-06-609908.json
2025-06-13 18:56:06,663-report_generator.generator-INFO-Markdown report saved to:output\reports\reproducibility_report_2025-06-13T18-56-06-609908.md
2025-06-13 18:56:06,663-__main__-INFO-Reproducibility report generated:output\reports\reproducibility_report_2025-06-13T18-56-06-609908.json
2025-06-13 18:56:06,664-__main__-INFO-Reproducibility attempts finished.
