2025-06-12 19:52:31,199-__main__-INFO-Starting reproducibility attempt for manuscript:data/raw/example_manuscript.txt
2025-06-12 19:52:31,199-__main__-INFO-Using datasets:data/raw/dataset1.csv
2025-06-12 19:52:31,200-__main__-INFO-Step 1: Parsing mauscript...
2025-06-12 19:52:31,230-__main__-ERROR-An error occurred during reproducibility attempt:'str' object has no attribute 'read'
Traceback (most recent call last):
  File "C:\Users\dhara\inverse-repro-mvp\main.py", line 46, in main
    extracted_content=manuscript_parser.parse()
                      ^^^^^^^^^^^^^^^^^^^^^^^^^
  File "C:\Users\dhara\inverse-repro-mvp\manuscript_parser\parser.py", line 26, in parse
    raw_text = extractor.extract_text()
               ^^^^^^^^^^^^^^^^^^^^^^^^
  File "C:\Users\dhara\inverse-repro-mvp\manuscript_parser\text_extractor.py", line 11, in extract_text
    text=text.read()
         ^^^^^^^^^
AttributeError: 'str' object has no attribute 'read'
2025-06-12 19:52:31,234-__main__-INFO-Step 7: Generating reproducibility reports...
2025-06-12 19:52:31,235-report_generator.generator-INFO-JSON report saved to:output\reports\reproducibility_report_2025-06-12T19-52-31-200802.json
2025-06-12 19:52:31,241-report_generator.generator-INFO-Markdown report saved to:output\reports\reproducibility_report_2025-06-12T19-52-31-200802.md
2025-06-12 19:52:31,243-__main__-INFO-Reproducibility report generated:output\reports\reproducibility_report_2025-06-12T19-52-31-200802.json
2025-06-12 19:52:31,243-__main__-INFO-Reproducibility attempts finished.
