2025-06-13 16:31:16,458-__main__-INFO-Starting reproducibility attempt for manuscript:data/raw/example_manuscript.txt
2025-06-13 16:31:16,459-__main__-INFO-Using datasets:data/raw/dataset1.csv
2025-06-13 16:31:16,460-__main__-INFO-Step 1: Parsing mauscript...
2025-06-13 16:31:16,463-__main__-INFO-Step 2: Processing data...
2025-06-13 16:31:16,463-data_processor.processor-INFO-Loading dataset: data/raw/dataset1.csv
2025-06-13 16:31:16,467-data_processor.processor-INFO-Applying processing instructions for dataset1...
2025-06-13 16:31:16,473-data_processor.processor-INFO-Processed data saved to: output\data\processed\dataset1_processed.csv
2025-06-13 16:31:16,480-__main__-INFO-Step 3: Generating code...
2025-06-13 16:31:16,480-code_generator.generator-INFO-Attempting rule-based code generation...
2025-06-13 16:31:16,481-code_generator.rule_based_generator-INFO-Generated data loading code.
2025-06-13 16:31:16,481-code_generator.rule_based_generator-INFO-Generated analysis code.
2025-06-13 16:31:16,481-code_generator.rule_based_generator-INFO-Generated plotting code.
2025-06-13 16:31:16,482-__main__-INFO-Step 4: Recreating environment...
2025-06-13 16:31:16,482-environment_generator.manager-INFO-Creating docker environment... 
2025-06-13 16:31:16,482-environment_generator.manager-INFO-Creating docker environment... 
2025-06-13 16:31:16,482-environment_generator.manager-INFO-Creating docker environment... 
2025-06-13 16:31:16,482-environment_generator.manager-INFO-Creating docker environment... 
2025-06-13 16:31:16,483-environment_generator.manager-INFO-Creating docker environment... 
2025-06-13 16:31:16,483-environment_generator.manager-INFO-Creating docker environment... 
2025-06-13 16:31:16,483-environment_generator.manager-INFO-Creating docker environment... 
2025-06-13 16:31:16,483-environment_generator.manager-INFO-Creating docker environment... 
2025-06-13 16:31:16,483-environment_generator.manager-INFO-Creating docker environment... 
2025-06-13 16:31:16,483-environment_generator.manager-INFO-Creating docker environment... 
2025-06-13 16:31:16,484-environment_generator.manager-INFO-Creating docker environment... 
2025-06-13 16:31:16,484-environment_generator.manager-INFO-Creating docker environment... 
2025-06-13 16:31:16,484-environment_generator.manager-INFO-Creating docker environment... 
2025-06-13 16:31:16,484-environment_generator.manager-INFO-Creating docker environment... 
2025-06-13 16:31:16,484-environment_generator.manager-INFO-Creating docker environment... 
2025-06-13 16:31:16,484-environment_generator.manager-INFO-Creating docker environment... 
2025-06-13 16:31:16,485-environment_generator.manager-INFO-Creating docker environment... 
2025-06-13 16:31:16,485-environment_generator.manager-INFO-Creating docker environment... 
2025-06-13 16:31:16,485-environment_generator.manager-INFO-Creating docker environment... 
2025-06-13 16:31:16,485-environment_generator.manager-INFO-Creating docker environment... 
2025-06-13 16:31:16,485-environment_generator.manager-INFO-Creating docker environment... 
2025-06-13 16:31:16,485-environment_generator.manager-INFO-Creating docker environment... 
2025-06-13 16:31:16,487-environment_generator.manager-INFO-Creating docker environment... 
2025-06-13 16:31:16,487-environment_generator.manager-INFO-Creating docker environment... 
2025-06-13 16:31:16,487-environment_generator.manager-INFO-Creating docker environment... 
2025-06-13 16:31:16,487-environment_generator.manager-INFO-Creating docker environment... 
2025-06-13 16:31:16,487-environment_generator.manager-INFO-Creating docker environment... 
2025-06-13 16:31:16,488-environment_generator.manager-INFO-Creating docker environment... 
2025-06-13 16:31:16,488-environment_generator.manager-INFO-Creating docker environment... 
2025-06-13 16:31:16,488-environment_generator.manager-INFO-Creating docker environment... 
2025-06-13 16:31:16,488-environment_generator.manager-INFO-Creating docker environment... 
2025-06-13 16:31:16,489-environment_generator.manager-INFO-Creating docker environment... 
2025-06-13 16:31:16,489-environment_generator.manager-INFO-Creating docker environment... 
2025-06-13 16:31:16,489-environment_generator.manager-INFO-Creating docker environment... 
2025-06-13 16:31:16,490-environment_generator.manager-INFO-Creating docker environment... 
2025-06-13 16:31:16,490-environment_generator.manager-INFO-Creating docker environment... 
2025-06-13 16:31:16,491-environment_generator.manager-INFO-Creating docker environment... 
2025-06-13 16:31:16,491-environment_generator.manager-INFO-Creating docker environment... 
2025-06-13 16:31:16,491-environment_generator.manager-INFO-Creating docker environment... 
2025-06-13 16:31:16,491-environment_generator.manager-INFO-Creating docker environment... 
2025-06-13 16:31:16,491-environment_generator.manager-INFO-Creating docker environment... 
2025-06-13 16:31:16,492-environment_generator.manager-INFO-Creating docker environment... 
2025-06-13 16:31:16,492-environment_generator.manager-INFO-Creating docker environment... 
2025-06-13 16:31:16,492-environment_generator.manager-INFO-Creating docker environment... 
2025-06-13 16:31:16,492-environment_generator.manager-INFO-Creating docker environment... 
2025-06-13 16:31:16,492-environment_generator.manager-INFO-Creating docker environment... 
2025-06-13 16:31:16,492-environment_generator.manager-INFO-Creating docker environment... 
2025-06-13 16:31:16,494-environment_generator.manager-INFO-Creating docker environment... 
2025-06-13 16:31:16,494-environment_generator.manager-INFO-Creating docker environment... 
2025-06-13 16:31:16,494-environment_generator.manager-INFO-Creating docker environment... 
2025-06-13 16:31:16,494-environment_generator.manager-INFO-Creating docker environment... 
2025-06-13 16:31:16,494-environment_generator.manager-INFO-Creating docker environment... 
2025-06-13 16:31:16,494-environment_generator.manager-INFO-Creating docker environment... 
2025-06-13 16:31:16,495-environment_generator.manager-INFO-Creating docker environment... 
2025-06-13 16:31:16,495-environment_generator.manager-INFO-Creating docker environment... 
2025-06-13 16:31:16,495-environment_generator.manager-INFO-Creating docker environment... 
2025-06-13 16:31:16,495-environment_generator.manager-INFO-Creating docker environment... 
2025-06-13 16:31:16,495-environment_generator.manager-INFO-Creating docker environment... 
2025-06-13 16:31:16,496-environment_generator.manager-INFO-Creating docker environment... 
2025-06-13 16:31:16,496-environment_generator.manager-INFO-Creating docker environment... 
2025-06-13 16:31:16,496-environment_generator.manager-INFO-Creating docker environment... 
2025-06-13 16:31:16,496-environment_generator.manager-INFO-Creating docker environment... 
2025-06-13 16:31:16,496-environment_generator.manager-INFO-Creating docker environment... 
2025-06-13 16:31:16,497-environment_generator.manager-INFO-Creating docker environment... 
2025-06-13 16:31:16,497-environment_generator.manager-INFO-Creating docker environment... 
2025-06-13 16:31:16,497-environment_generator.manager-INFO-Creating docker environment... 
2025-06-13 16:31:16,497-environment_generator.manager-INFO-Creating docker environment... 
2025-06-13 16:31:16,497-environment_generator.manager-INFO-Creating docker environment... 
2025-06-13 16:31:16,497-environment_generator.manager-INFO-Creating docker environment... 
2025-06-13 16:31:16,498-environment_generator.manager-INFO-Creating docker environment... 
2025-06-13 16:31:16,498-environment_generator.manager-INFO-Creating docker environment... 
2025-06-13 16:31:16,498-environment_generator.manager-INFO-Creating docker environment... 
2025-06-13 16:31:16,498-environment_generator.manager-INFO-Creating docker environment... 
2025-06-13 16:31:16,498-environment_generator.manager-INFO-Creating docker environment... 
2025-06-13 16:31:16,498-environment_generator.manager-INFO-Creating docker environment... 
2025-06-13 16:31:16,499-environment_generator.manager-INFO-Creating docker environment... 
2025-06-13 16:31:16,499-environment_generator.manager-INFO-Creating docker environment... 
2025-06-13 16:31:16,499-environment_generator.manager-INFO-Creating docker environment... 
2025-06-13 16:31:16,499-environment_generator.manager-INFO-Creating docker environment... 
2025-06-13 16:31:16,499-environment_generator.manager-INFO-Creating docker environment... 
2025-06-13 16:31:16,499-environment_generator.manager-INFO-Creating docker environment... 
2025-06-13 16:31:16,500-environment_generator.manager-INFO-Creating docker environment... 
2025-06-13 16:31:16,500-environment_generator.manager-INFO-Creating docker environment... 
2025-06-13 16:31:16,500-environment_generator.manager-INFO-Creating docker environment... 
2025-06-13 16:31:16,500-environment_generator.manager-INFO-Creating docker environment... 
2025-06-13 16:31:16,500-environment_generator.manager-INFO-Creating docker environment... 
2025-06-13 16:31:16,502-environment_generator.manager-INFO-Creating docker environment... 
2025-06-13 16:31:16,502-environment_generator.manager-INFO-Creating docker environment... 
2025-06-13 16:31:16,502-environment_generator.manager-INFO-Creating docker environment... 
2025-06-13 16:31:16,502-environment_generator.manager-INFO-Creating docker environment... 
2025-06-13 16:31:16,502-environment_generator.manager-INFO-Creating docker environment... 
2025-06-13 16:31:16,502-environment_generator.manager-INFO-Creating docker environment... 
2025-06-13 16:31:16,503-environment_generator.manager-INFO-Creating docker environment... 
2025-06-13 16:31:16,503-environment_generator.manager-INFO-Creating docker environment... 
2025-06-13 16:31:16,503-environment_generator.manager-INFO-Creating docker environment... 
2025-06-13 16:31:16,503-environment_generator.manager-INFO-Creating docker environment... 
2025-06-13 16:31:16,503-environment_generator.manager-INFO-Creating docker environment... 
2025-06-13 16:31:16,503-environment_generator.manager-INFO-Creating docker environment... 
2025-06-13 16:31:16,504-environment_generator.manager-INFO-Creating docker environment... 
2025-06-13 16:31:16,504-environment_generator.manager-INFO-Creating docker environment... 
2025-06-13 16:31:16,504-environment_generator.manager-INFO-Creating docker environment... 
2025-06-13 16:31:16,504-environment_generator.manager-INFO-Creating docker environment... 
2025-06-13 16:31:16,504-environment_generator.manager-INFO-Creating docker environment... 
2025-06-13 16:31:16,505-environment_generator.manager-INFO-Creating docker environment... 
2025-06-13 16:31:16,506-environment_generator.manager-INFO-Creating docker environment... 
2025-06-13 16:31:16,506-environment_generator.manager-INFO-Creating docker environment... 
2025-06-13 16:31:16,506-environment_generator.manager-INFO-Creating docker environment... 
2025-06-13 16:31:16,506-environment_generator.manager-INFO-Creating docker environment... 
2025-06-13 16:31:16,506-environment_generator.manager-INFO-Creating docker environment... 
2025-06-13 16:31:16,508-environment_generator.manager-INFO-Creating docker environment... 
2025-06-13 16:31:16,508-environment_generator.manager-INFO-Creating docker environment... 
2025-06-13 16:31:16,508-environment_generator.manager-INFO-Creating docker environment... 
2025-06-13 16:31:16,508-environment_generator.manager-INFO-Creating docker environment... 
2025-06-13 16:31:16,509-environment_generator.manager-INFO-Creating docker environment... 
2025-06-13 16:31:16,509-environment_generator.manager-INFO-Creating docker environment... 
2025-06-13 16:31:16,509-environment_generator.manager-INFO-Creating docker environment... 
2025-06-13 16:31:16,510-environment_generator.manager-INFO-Creating docker environment... 
2025-06-13 16:31:16,510-environment_generator.manager-INFO-Creating docker environment... 
2025-06-13 16:31:16,510-environment_generator.manager-INFO-Creating docker environment... 
2025-06-13 16:31:16,510-environment_generator.manager-INFO-Creating docker environment... 
2025-06-13 16:31:16,511-environment_generator.manager-INFO-Creating docker environment... 
2025-06-13 16:31:16,511-environment_generator.manager-INFO-Creating docker environment... 
2025-06-13 16:31:16,511-environment_generator.manager-INFO-Creating docker environment... 
2025-06-13 16:31:16,511-environment_generator.manager-INFO-Creating docker environment... 
2025-06-13 16:31:16,512-environment_generator.manager-INFO-Creating docker environment... 
2025-06-13 16:31:16,512-environment_generator.manager-INFO-Creating docker environment... 
2025-06-13 16:31:16,512-environment_generator.manager-INFO-Creating docker environment... 
2025-06-13 16:31:16,512-environment_generator.manager-INFO-Creating docker environment... 
2025-06-13 16:31:16,512-environment_generator.manager-INFO-Creating docker environment... 
2025-06-13 16:31:16,513-environment_generator.manager-INFO-Creating docker environment... 
2025-06-13 16:31:16,513-environment_generator.manager-INFO-Creating docker environment... 
2025-06-13 16:31:16,513-environment_generator.manager-INFO-Creating docker environment... 
2025-06-13 16:31:16,513-environment_generator.manager-INFO-Creating docker environment... 
2025-06-13 16:31:16,513-environment_generator.manager-INFO-Creating docker environment... 
2025-06-13 16:31:16,513-environment_generator.manager-INFO-Creating docker environment... 
2025-06-13 16:31:16,514-environment_generator.manager-INFO-Creating docker environment... 
2025-06-13 16:31:16,514-environment_generator.manager-INFO-Creating docker environment... 
2025-06-13 16:31:16,514-environment_generator.manager-INFO-Creating docker environment... 
2025-06-13 16:31:16,514-environment_generator.manager-INFO-Creating docker environment... 
2025-06-13 16:31:16,514-environment_generator.manager-INFO-Creating docker environment... 
2025-06-13 16:31:16,514-environment_generator.manager-INFO-Creating docker environment... 
2025-06-13 16:31:16,516-environment_generator.manager-INFO-Creating docker environment... 
2025-06-13 16:31:16,516-environment_generator.manager-INFO-Creating docker environment... 
2025-06-13 16:31:16,516-environment_generator.manager-INFO-Creating docker environment... 
2025-06-13 16:31:16,516-environment_generator.manager-INFO-Creating docker environment... 
2025-06-13 16:31:16,516-environment_generator.manager-INFO-Creating docker environment... 
2025-06-13 16:31:16,516-environment_generator.manager-INFO-Creating docker environment... 
2025-06-13 16:31:16,517-environment_generator.manager-INFO-Creating docker environment... 
2025-06-13 16:31:16,517-environment_generator.manager-INFO-Creating docker environment... 
2025-06-13 16:31:16,517-environment_generator.manager-INFO-Creating docker environment... 
2025-06-13 16:31:16,517-environment_generator.manager-INFO-Creating docker environment... 
2025-06-13 16:31:16,517-environment_generator.manager-INFO-Creating docker environment... 
2025-06-13 16:31:16,517-environment_generator.manager-INFO-Creating docker environment... 
2025-06-13 16:31:16,518-environment_generator.manager-INFO-Creating docker environment... 
2025-06-13 16:31:16,518-environment_generator.manager-INFO-Creating docker environment... 
2025-06-13 16:31:16,518-environment_generator.manager-INFO-Creating docker environment... 
2025-06-13 16:31:16,518-environment_generator.manager-INFO-Creating docker environment... 
2025-06-13 16:31:16,518-environment_generator.manager-INFO-Creating docker environment... 
2025-06-13 16:31:16,518-environment_generator.manager-INFO-Creating docker environment... 
2025-06-13 16:31:16,519-environment_generator.manager-INFO-Creating docker environment... 
2025-06-13 16:31:16,519-environment_generator.manager-INFO-Creating docker environment... 
2025-06-13 16:31:16,519-environment_generator.manager-INFO-Creating docker environment... 
2025-06-13 16:31:16,519-environment_generator.manager-INFO-Creating docker environment... 
2025-06-13 16:31:16,519-environment_generator.manager-INFO-Creating docker environment... 
2025-06-13 16:31:16,519-environment_generator.manager-INFO-Creating docker environment... 
2025-06-13 16:31:16,520-environment_generator.manager-INFO-Creating docker environment... 
2025-06-13 16:31:16,520-environment_generator.manager-INFO-Creating docker environment... 
2025-06-13 16:31:16,520-environment_generator.manager-INFO-Creating docker environment... 
2025-06-13 16:31:16,522-environment_generator.manager-INFO-Creating docker environment... 
2025-06-13 16:31:16,523-environment_generator.manager-INFO-Creating docker environment... 
2025-06-13 16:31:16,525-environment_generator.manager-INFO-Creating docker environment... 
2025-06-13 16:31:16,525-environment_generator.manager-INFO-Creating docker environment... 
2025-06-13 16:31:16,525-environment_generator.manager-INFO-Creating docker environment... 
2025-06-13 16:31:16,526-environment_generator.manager-INFO-Creating docker environment... 
2025-06-13 16:31:16,526-environment_generator.manager-INFO-Creating docker environment... 
2025-06-13 16:31:16,526-environment_generator.manager-INFO-Creating docker environment... 
2025-06-13 16:31:16,527-environment_generator.manager-INFO-Creating docker environment... 
2025-06-13 16:31:16,527-environment_generator.manager-INFO-Creating docker environment... 
2025-06-13 16:31:16,527-environment_generator.manager-INFO-Creating docker environment... 
2025-06-13 16:31:16,528-environment_generator.manager-INFO-Creating docker environment... 
2025-06-13 16:31:16,528-environment_generator.manager-INFO-Creating docker environment... 
2025-06-13 16:31:16,528-environment_generator.manager-INFO-Creating docker environment... 
2025-06-13 16:31:16,529-environment_generator.manager-INFO-Creating docker environment... 
2025-06-13 16:31:16,529-environment_generator.manager-INFO-Creating docker environment... 
2025-06-13 16:31:16,529-environment_generator.manager-INFO-Creating docker environment... 
2025-06-13 16:31:16,530-environment_generator.manager-INFO-Creating docker environment... 
2025-06-13 16:31:16,530-environment_generator.manager-INFO-Creating docker environment... 
2025-06-13 16:31:16,530-environment_generator.manager-INFO-Creating docker environment... 
2025-06-13 16:31:16,531-environment_generator.manager-INFO-Creating docker environment... 
2025-06-13 16:31:16,531-environment_generator.manager-INFO-Creating docker environment... 
2025-06-13 16:31:16,531-environment_generator.manager-INFO-Creating docker environment... 
2025-06-13 16:31:16,531-environment_generator.manager-INFO-Creating docker environment... 
2025-06-13 16:31:16,532-environment_generator.manager-INFO-Creating docker environment... 
2025-06-13 16:31:16,532-environment_generator.manager-INFO-Creating docker environment... 
2025-06-13 16:31:16,532-environment_generator.manager-INFO-Creating docker environment... 
2025-06-13 16:31:16,532-environment_generator.manager-INFO-Creating docker environment... 
2025-06-13 16:31:16,533-environment_generator.manager-INFO-Creating docker environment... 
2025-06-13 16:31:16,533-environment_generator.manager-INFO-Creating docker environment... 
2025-06-13 16:31:16,534-environment_generator.manager-INFO-Creating docker environment... 
2025-06-13 16:31:16,534-environment_generator.manager-INFO-Creating docker environment... 
2025-06-13 16:31:16,535-environment_generator.manager-INFO-Creating docker environment... 
2025-06-13 16:31:16,535-environment_generator.manager-INFO-Creating docker environment... 
2025-06-13 16:31:16,536-environment_generator.manager-INFO-Creating docker environment... 
2025-06-13 16:31:16,536-environment_generator.manager-INFO-Creating docker environment... 
2025-06-13 16:31:16,536-environment_generator.manager-INFO-Creating docker environment... 
2025-06-13 16:31:16,544-environment_generator.manager-INFO-Creating docker environment... 
2025-06-13 16:31:16,545-environment_generator.manager-INFO-Creating docker environment... 
2025-06-13 16:31:16,546-environment_generator.manager-INFO-Creating docker environment... 
2025-06-13 16:31:16,547-environment_generator.manager-INFO-Creating docker environment... 
2025-06-13 16:31:16,548-environment_generator.manager-INFO-Creating docker environment... 
2025-06-13 16:31:16,549-environment_generator.manager-INFO-Creating docker environment... 
2025-06-13 16:31:16,549-environment_generator.manager-INFO-Creating docker environment... 
2025-06-13 16:31:16,550-environment_generator.manager-INFO-Creating docker environment... 
2025-06-13 16:31:16,551-environment_generator.manager-INFO-Creating docker environment... 
2025-06-13 16:31:16,557-environment_generator.manager-INFO-Creating docker environment... 
2025-06-13 16:31:16,558-environment_generator.manager-INFO-Creating docker environment... 
2025-06-13 16:31:16,559-environment_generator.manager-INFO-Creating docker environment... 
2025-06-13 16:31:16,562-environment_generator.manager-INFO-Creating docker environment... 
2025-06-13 16:31:16,564-environment_generator.manager-INFO-Creating docker environment... 
2025-06-13 16:31:16,565-environment_generator.manager-INFO-Creating docker environment... 
2025-06-13 16:31:16,565-environment_generator.manager-INFO-Creating docker environment... 
2025-06-13 16:31:16,566-environment_generator.manager-INFO-Creating docker environment... 
2025-06-13 16:31:16,568-environment_generator.manager-INFO-Creating docker environment... 
2025-06-13 16:31:16,568-environment_generator.manager-INFO-Creating docker environment... 
2025-06-13 16:31:16,569-environment_generator.manager-INFO-Creating docker environment... 
2025-06-13 16:31:16,570-environment_generator.manager-INFO-Creating docker environment... 
2025-06-13 16:31:16,579-environment_generator.manager-INFO-Creating docker environment... 
2025-06-13 16:31:16,583-environment_generator.manager-INFO-Creating docker environment... 
2025-06-13 16:31:16,586-environment_generator.manager-INFO-Creating docker environment... 
2025-06-13 16:31:16,590-environment_generator.manager-INFO-Creating docker environment... 
2025-06-13 16:31:16,591-environment_generator.manager-INFO-Creating docker environment... 
2025-06-13 16:31:16,591-environment_generator.manager-INFO-Creating docker environment... 
2025-06-13 16:31:16,592-environment_generator.manager-INFO-Creating docker environment... 
2025-06-13 16:31:16,592-environment_generator.manager-INFO-Creating docker environment... 
2025-06-13 16:31:16,599-environment_generator.manager-INFO-Creating docker environment... 
2025-06-13 16:31:16,604-environment_generator.manager-INFO-Creating docker environment... 
2025-06-13 16:31:16,607-environment_generator.manager-INFO-Creating docker environment... 
2025-06-13 16:31:16,609-environment_generator.manager-INFO-Creating docker environment... 
2025-06-13 16:31:16,610-environment_generator.manager-INFO-Creating docker environment... 
2025-06-13 16:31:16,611-environment_generator.manager-INFO-Creating docker environment... 
2025-06-13 16:31:16,612-environment_generator.manager-INFO-Creating docker environment... 
2025-06-13 16:31:16,619-environment_generator.manager-INFO-Creating docker environment... 
2025-06-13 16:31:16,623-environment_generator.manager-INFO-Creating docker environment... 
2025-06-13 16:31:16,628-environment_generator.manager-INFO-Creating docker environment... 
2025-06-13 16:31:16,650-environment_generator.manager-INFO-Creating docker environment... 
2025-06-13 16:31:16,657-environment_generator.manager-INFO-Creating docker environment... 
2025-06-13 16:31:16,660-environment_generator.manager-INFO-Creating docker environment... 
2025-06-13 16:31:16,668-environment_generator.manager-INFO-Creating docker environment... 
2025-06-13 16:31:16,669-environment_generator.manager-INFO-Creating docker environment... 
2025-06-13 16:31:16,670-environment_generator.manager-INFO-Creating docker environment... 
2025-06-13 16:31:16,673-environment_generator.manager-INFO-Creating docker environment... 
2025-06-13 16:31:16,676-environment_generator.manager-INFO-Creating docker environment... 
2025-06-13 16:31:16,676-environment_generator.manager-INFO-Creating docker environment... 
2025-06-13 16:31:16,677-environment_generator.manager-INFO-Creating docker environment... 
2025-06-13 16:31:16,680-environment_generator.manager-INFO-Creating docker environment... 
2025-06-13 16:31:16,681-environment_generator.manager-INFO-Creating docker environment... 
2025-06-13 16:31:16,681-environment_generator.manager-INFO-Creating docker environment... 
2025-06-13 16:31:16,682-environment_generator.manager-INFO-Creating docker environment... 
2025-06-13 16:31:16,683-environment_generator.manager-INFO-Creating docker environment... 
2025-06-13 16:31:16,684-environment_generator.manager-INFO-Creating docker environment... 
2025-06-13 16:31:16,684-environment_generator.manager-INFO-Creating docker environment... 
2025-06-13 16:31:16,684-environment_generator.manager-INFO-Creating docker environment... 
2025-06-13 16:31:16,685-environment_generator.manager-INFO-Creating docker environment... 
2025-06-13 16:31:16,685-environment_generator.manager-INFO-Creating docker environment... 
2025-06-13 16:31:16,686-environment_generator.manager-INFO-Creating docker environment... 
2025-06-13 16:31:16,686-environment_generator.manager-INFO-Creating docker environment... 
2025-06-13 16:31:16,687-environment_generator.manager-INFO-Creating docker environment... 
2025-06-13 16:31:16,687-environment_generator.manager-INFO-Creating docker environment... 
2025-06-13 16:31:16,688-environment_generator.manager-INFO-Creating docker environment... 
2025-06-13 16:31:16,688-environment_generator.manager-INFO-Creating docker environment... 
2025-06-13 16:31:16,689-environment_generator.manager-INFO-Creating docker environment... 
2025-06-13 16:31:16,689-environment_generator.manager-INFO-Creating docker environment... 
2025-06-13 16:31:16,690-environment_generator.manager-INFO-Creating docker environment... 
2025-06-13 16:31:16,690-environment_generator.manager-INFO-Creating docker environment... 
2025-06-13 16:31:16,691-environment_generator.manager-INFO-Creating docker environment... 
2025-06-13 16:31:16,692-environment_generator.manager-INFO-Creating docker environment... 
2025-06-13 16:31:16,692-environment_generator.manager-INFO-Creating docker environment... 
2025-06-13 16:31:16,693-environment_generator.manager-INFO-Creating docker environment... 
2025-06-13 16:31:16,693-environment_generator.manager-INFO-Creating docker environment... 
2025-06-13 16:31:16,693-environment_generator.manager-INFO-Creating docker environment... 
2025-06-13 16:31:16,694-environment_generator.manager-INFO-Creating docker environment... 
2025-06-13 16:31:16,694-environment_generator.manager-INFO-Creating docker environment... 
2025-06-13 16:31:16,695-environment_generator.manager-INFO-Creating docker environment... 
2025-06-13 16:31:16,695-environment_generator.manager-INFO-Creating docker environment... 
2025-06-13 16:31:16,695-environment_generator.manager-INFO-Creating docker environment... 
2025-06-13 16:31:16,696-environment_generator.manager-INFO-Creating docker environment... 
2025-06-13 16:31:16,696-environment_generator.manager-INFO-Creating docker environment... 
2025-06-13 16:31:16,697-environment_generator.manager-INFO-Creating docker environment... 
2025-06-13 16:31:16,697-environment_generator.manager-INFO-Creating docker environment... 
2025-06-13 16:31:16,697-environment_generator.manager-INFO-Creating docker environment... 
2025-06-13 16:31:16,698-environment_generator.manager-INFO-Creating docker environment... 
2025-06-13 16:31:16,699-environment_generator.manager-INFO-Creating docker environment... 
2025-06-13 16:31:16,700-environment_generator.manager-INFO-Creating docker environment... 
2025-06-13 16:31:16,700-environment_generator.manager-INFO-Creating docker environment... 
2025-06-13 16:31:16,701-environment_generator.manager-INFO-Creating docker environment... 
2025-06-13 16:31:16,701-environment_generator.manager-INFO-Creating docker environment... 
2025-06-13 16:31:16,702-environment_generator.manager-INFO-Creating docker environment... 
2025-06-13 16:31:16,702-environment_generator.manager-INFO-Creating docker environment... 
2025-06-13 16:31:16,703-environment_generator.manager-INFO-Creating docker environment... 
2025-06-13 16:31:16,704-environment_generator.manager-INFO-Creating docker environment... 
2025-06-13 16:31:16,704-environment_generator.manager-INFO-Creating docker environment... 
2025-06-13 16:31:16,705-environment_generator.manager-INFO-Creating docker environment... 
2025-06-13 16:31:16,706-environment_generator.manager-INFO-Creating docker environment... 
2025-06-13 16:31:16,707-environment_generator.manager-INFO-Creating docker environment... 
2025-06-13 16:31:16,707-environment_generator.manager-INFO-Creating docker environment... 
2025-06-13 16:31:16,708-environment_generator.manager-INFO-Creating docker environment... 
2025-06-13 16:31:16,708-environment_generator.manager-INFO-Creating docker environment... 
2025-06-13 16:31:16,709-environment_generator.manager-INFO-Creating docker environment... 
2025-06-13 16:31:16,709-environment_generator.manager-INFO-Creating docker environment... 
2025-06-13 16:31:16,710-environment_generator.manager-INFO-Creating docker environment... 
2025-06-13 16:31:16,710-environment_generator.manager-INFO-Creating docker environment... 
2025-06-13 16:31:16,711-environment_generator.manager-INFO-Creating docker environment... 
2025-06-13 16:31:16,711-environment_generator.manager-INFO-Creating docker environment... 
2025-06-13 16:31:16,712-environment_generator.manager-INFO-Creating docker environment... 
2025-06-13 16:31:16,712-environment_generator.manager-INFO-Creating docker environment... 
2025-06-13 16:31:16,713-environment_generator.manager-INFO-Creating docker environment... 
2025-06-13 16:31:16,714-environment_generator.manager-INFO-Creating docker environment... 
2025-06-13 16:31:16,715-environment_generator.manager-INFO-Creating docker environment... 
2025-06-13 16:31:16,715-environment_generator.manager-INFO-Creating docker environment... 
2025-06-13 16:31:16,715-environment_generator.manager-INFO-Creating docker environment... 
2025-06-13 16:31:16,717-environment_generator.manager-INFO-Creating docker environment... 
2025-06-13 16:31:16,717-environment_generator.manager-INFO-Creating docker environment... 
2025-06-13 16:31:16,718-environment_generator.manager-INFO-Creating docker environment... 
2025-06-13 16:31:16,718-environment_generator.manager-INFO-Creating docker environment... 
2025-06-13 16:31:16,719-environment_generator.manager-INFO-Creating docker environment... 
2025-06-13 16:31:16,719-environment_generator.manager-INFO-Creating docker environment... 
2025-06-13 16:31:16,720-environment_generator.manager-INFO-Creating docker environment... 
2025-06-13 16:31:16,720-environment_generator.manager-INFO-Creating docker environment... 
2025-06-13 16:31:16,721-environment_generator.manager-INFO-Creating docker environment... 
2025-06-13 16:31:16,722-environment_generator.manager-INFO-Creating docker environment... 
2025-06-13 16:31:16,723-environment_generator.manager-INFO-Creating docker environment... 
2025-06-13 16:31:16,723-environment_generator.manager-INFO-Creating docker environment... 
2025-06-13 16:31:16,724-environment_generator.manager-INFO-Creating docker environment... 
2025-06-13 16:31:16,724-environment_generator.manager-INFO-Creating docker environment... 
2025-06-13 16:31:16,725-environment_generator.manager-INFO-Creating docker environment... 
2025-06-13 16:31:16,726-environment_generator.manager-INFO-Creating docker environment... 
2025-06-13 16:31:16,726-environment_generator.manager-INFO-Creating docker environment... 
2025-06-13 16:31:16,726-environment_generator.manager-INFO-Creating docker environment... 
2025-06-13 16:31:16,727-environment_generator.manager-INFO-Creating docker environment... 
2025-06-13 16:31:16,727-environment_generator.manager-INFO-Creating docker environment... 
2025-06-13 16:31:16,728-environment_generator.manager-INFO-Creating docker environment... 
2025-06-13 16:31:16,729-environment_generator.manager-INFO-Creating docker environment... 
2025-06-13 16:31:16,730-environment_generator.manager-INFO-Creating docker environment... 
2025-06-13 16:31:16,732-environment_generator.manager-INFO-Creating docker environment... 
2025-06-13 16:31:16,733-environment_generator.manager-INFO-Creating docker environment... 
2025-06-13 16:31:16,734-environment_generator.manager-INFO-Creating docker environment... 
2025-06-13 16:31:16,736-environment_generator.manager-INFO-Creating docker environment... 
2025-06-13 16:31:16,737-environment_generator.manager-INFO-Creating docker environment... 
2025-06-13 16:31:16,738-environment_generator.manager-INFO-Creating docker environment... 
2025-06-13 16:31:16,738-environment_generator.manager-INFO-Creating docker environment... 
2025-06-13 16:31:16,741-environment_generator.manager-INFO-Creating docker environment... 
2025-06-13 16:31:16,744-environment_generator.manager-INFO-Creating docker environment... 
2025-06-13 16:31:16,744-environment_generator.manager-INFO-Creating docker environment... 
2025-06-13 16:31:16,747-environment_generator.manager-INFO-Creating docker environment... 
2025-06-13 16:31:16,747-environment_generator.manager-INFO-Creating docker environment... 
2025-06-13 16:31:16,748-environment_generator.manager-INFO-Creating docker environment... 
2025-06-13 16:31:16,749-environment_generator.manager-INFO-Creating docker environment... 
2025-06-13 16:31:16,750-environment_generator.manager-INFO-Creating docker environment... 
2025-06-13 16:31:16,751-environment_generator.manager-INFO-Creating docker environment... 
2025-06-13 16:31:16,751-environment_generator.manager-INFO-Creating docker environment... 
2025-06-13 16:31:16,752-environment_generator.manager-INFO-Creating docker environment... 
2025-06-13 16:31:16,752-environment_generator.manager-INFO-Creating docker environment... 
2025-06-13 16:31:16,753-environment_generator.manager-INFO-Creating docker environment... 
2025-06-13 16:31:16,753-environment_generator.manager-INFO-Creating docker environment... 
2025-06-13 16:31:16,755-environment_generator.manager-INFO-Creating docker environment... 
2025-06-13 16:31:16,756-environment_generator.manager-INFO-Creating docker environment... 
2025-06-13 16:31:16,757-environment_generator.manager-INFO-Creating docker environment... 
2025-06-13 16:31:16,758-environment_generator.manager-INFO-Creating docker environment... 
2025-06-13 16:31:16,761-environment_generator.manager-INFO-Creating docker environment... 
2025-06-13 16:31:16,765-environment_generator.manager-INFO-Creating docker environment... 
2025-06-13 16:31:16,766-environment_generator.manager-INFO-Creating docker environment... 
2025-06-13 16:31:16,768-environment_generator.manager-INFO-Creating docker environment... 
2025-06-13 16:31:16,769-environment_generator.manager-INFO-Creating docker environment... 
2025-06-13 16:31:16,772-environment_generator.manager-INFO-Creating docker environment... 
2025-06-13 16:31:16,773-environment_generator.manager-INFO-Creating docker environment... 
2025-06-13 16:31:16,773-environment_generator.manager-INFO-Creating docker environment... 
2025-06-13 16:31:16,778-environment_generator.manager-INFO-Creating docker environment... 
2025-06-13 16:31:16,779-environment_generator.manager-INFO-Creating docker environment... 
2025-06-13 16:31:16,780-environment_generator.manager-INFO-Creating docker environment... 
2025-06-13 16:31:16,781-environment_generator.manager-INFO-Creating docker environment... 
2025-06-13 16:31:16,782-environment_generator.manager-INFO-Creating docker environment... 
2025-06-13 16:31:16,782-environment_generator.manager-INFO-Creating docker environment... 
2025-06-13 16:31:16,783-environment_generator.manager-INFO-Creating docker environment... 
2025-06-13 16:31:16,784-environment_generator.manager-INFO-Creating docker environment... 
2025-06-13 16:31:16,784-environment_generator.manager-INFO-Creating docker environment... 
2025-06-13 16:31:16,785-environment_generator.manager-INFO-Creating docker environment... 
2025-06-13 16:31:16,786-environment_generator.manager-INFO-Creating docker environment... 
2025-06-13 16:31:16,788-environment_generator.manager-INFO-Creating docker environment... 
2025-06-13 16:31:16,788-environment_generator.manager-INFO-Creating docker environment... 
2025-06-13 16:31:16,795-environment_generator.manager-INFO-Creating docker environment... 
2025-06-13 16:31:16,795-environment_generator.manager-INFO-Creating docker environment... 
2025-06-13 16:31:16,796-environment_generator.manager-INFO-Creating docker environment... 
2025-06-13 16:31:16,796-environment_generator.manager-INFO-Creating docker environment... 
2025-06-13 16:31:16,796-environment_generator.manager-INFO-Creating docker environment... 
2025-06-13 16:31:16,797-environment_generator.manager-INFO-Creating docker environment... 
2025-06-13 16:31:16,797-environment_generator.manager-INFO-Creating docker environment... 
2025-06-13 16:31:16,798-environment_generator.manager-INFO-Creating docker environment... 
2025-06-13 16:31:16,798-environment_generator.manager-INFO-Creating docker environment... 
2025-06-13 16:31:16,799-environment_generator.manager-INFO-Creating docker environment... 
2025-06-13 16:31:16,799-environment_generator.manager-INFO-Creating docker environment... 
2025-06-13 16:31:16,801-environment_generator.manager-INFO-Creating docker environment... 
2025-06-13 16:31:16,801-environment_generator.manager-INFO-Creating docker environment... 
2025-06-13 16:31:16,802-environment_generator.manager-INFO-Creating docker environment... 
2025-06-13 16:31:16,802-environment_generator.manager-INFO-Creating docker environment... 
2025-06-13 16:31:16,803-environment_generator.manager-INFO-Creating docker environment... 
2025-06-13 16:31:16,803-environment_generator.manager-INFO-Creating docker environment... 
2025-06-13 16:31:16,804-environment_generator.manager-INFO-Creating docker environment... 
2025-06-13 16:31:16,807-environment_generator.manager-INFO-Creating docker environment... 
2025-06-13 16:31:16,809-environment_generator.manager-INFO-Creating docker environment... 
2025-06-13 16:31:16,811-environment_generator.manager-INFO-Creating docker environment... 
2025-06-13 16:31:16,815-environment_generator.manager-INFO-Creating docker environment... 
2025-06-13 16:31:16,817-environment_generator.manager-INFO-Creating docker environment... 
2025-06-13 16:31:16,821-environment_generator.manager-INFO-Creating docker environment... 
2025-06-13 16:31:16,827-environment_generator.manager-INFO-Creating docker environment... 
2025-06-13 16:31:16,832-environment_generator.manager-INFO-Creating docker environment... 
2025-06-13 16:31:16,836-environment_generator.manager-INFO-Creating docker environment... 
2025-06-13 16:31:16,848-environment_generator.manager-INFO-Creating docker environment... 
2025-06-13 16:31:16,860-environment_generator.manager-INFO-Creating docker environment... 
2025-06-13 16:31:16,861-environment_generator.manager-INFO-Creating docker environment... 
2025-06-13 16:31:16,863-environment_generator.manager-INFO-Creating docker environment... 
2025-06-13 16:31:16,864-environment_generator.manager-INFO-Creating docker environment... 
2025-06-13 16:31:16,865-environment_generator.manager-INFO-Creating docker environment... 
2025-06-13 16:31:16,867-environment_generator.manager-INFO-Creating docker environment... 
2025-06-13 16:31:16,868-environment_generator.manager-INFO-Creating docker environment... 
2025-06-13 16:31:16,870-environment_generator.manager-INFO-Creating docker environment... 
2025-06-13 16:31:16,873-environment_generator.manager-INFO-Creating docker environment... 
2025-06-13 16:31:16,875-environment_generator.manager-INFO-Creating docker environment... 
2025-06-13 16:31:16,880-environment_generator.manager-INFO-Creating docker environment... 
2025-06-13 16:31:16,881-environment_generator.manager-INFO-Creating docker environment... 
2025-06-13 16:31:16,883-environment_generator.manager-INFO-Creating docker environment... 
2025-06-13 16:31:16,883-environment_generator.manager-INFO-Creating docker environment... 
2025-06-13 16:31:16,884-environment_generator.manager-INFO-Creating docker environment... 
2025-06-13 16:31:16,885-environment_generator.manager-INFO-Creating docker environment... 
2025-06-13 16:31:16,885-environment_generator.manager-INFO-Creating docker environment... 
2025-06-13 16:31:16,886-environment_generator.manager-INFO-Creating docker environment... 
2025-06-13 16:31:16,886-environment_generator.manager-INFO-Creating docker environment... 
2025-06-13 16:31:16,887-environment_generator.manager-INFO-Creating docker environment... 
2025-06-13 16:31:16,890-environment_generator.manager-INFO-Creating docker environment... 
2025-06-13 16:31:16,891-environment_generator.manager-INFO-Creating docker environment... 
2025-06-13 16:31:16,892-environment_generator.manager-INFO-Creating docker environment... 
2025-06-13 16:31:16,892-environment_generator.manager-INFO-Creating docker environment... 
2025-06-13 16:31:16,893-environment_generator.manager-INFO-Creating docker environment... 
2025-06-13 16:31:16,893-environment_generator.manager-INFO-Creating docker environment... 
2025-06-13 16:31:16,896-environment_generator.manager-INFO-Creating docker environment... 
2025-06-13 16:31:16,900-environment_generator.manager-INFO-Creating docker environment... 
2025-06-13 16:31:16,900-environment_generator.manager-INFO-Creating docker environment... 
2025-06-13 16:31:16,901-environment_generator.manager-INFO-Creating docker environment... 
2025-06-13 16:31:16,901-environment_generator.manager-INFO-Creating docker environment... 
2025-06-13 16:31:16,901-environment_generator.manager-INFO-Creating docker environment... 
2025-06-13 16:31:16,902-environment_generator.manager-INFO-Creating docker environment... 
2025-06-13 16:31:16,903-environment_generator.manager-INFO-Creating docker environment... 
2025-06-13 16:31:16,903-environment_generator.manager-INFO-Creating docker environment... 
2025-06-13 16:31:16,907-environment_generator.manager-INFO-Creating docker environment... 
2025-06-13 16:31:16,908-environment_generator.manager-INFO-Creating docker environment... 
2025-06-13 16:31:16,908-environment_generator.manager-INFO-Creating docker environment... 
2025-06-13 16:31:16,908-environment_generator.manager-INFO-Creating docker environment... 
2025-06-13 16:31:16,910-environment_generator.manager-INFO-Creating docker environment... 
2025-06-13 16:31:16,911-environment_generator.manager-INFO-Creating docker environment... 
2025-06-13 16:31:16,913-environment_generator.manager-INFO-Creating docker environment... 
2025-06-13 16:31:16,913-environment_generator.manager-INFO-Creating docker environment... 
2025-06-13 16:31:16,914-environment_generator.manager-INFO-Creating docker environment... 
2025-06-13 16:31:16,914-environment_generator.manager-INFO-Creating docker environment... 
2025-06-13 16:31:16,915-environment_generator.manager-INFO-Creating docker environment... 
2025-06-13 16:31:16,915-environment_generator.manager-INFO-Creating docker environment... 
2025-06-13 16:31:16,916-environment_generator.manager-INFO-Creating docker environment... 
2025-06-13 16:31:16,916-environment_generator.manager-INFO-Creating docker environment... 
2025-06-13 16:31:16,917-environment_generator.manager-INFO-Creating docker environment... 
2025-06-13 16:31:16,917-environment_generator.manager-INFO-Creating docker environment... 
2025-06-13 16:31:16,918-environment_generator.manager-INFO-Creating docker environment... 
2025-06-13 16:31:16,918-environment_generator.manager-INFO-Creating docker environment... 
2025-06-13 16:31:16,919-environment_generator.manager-INFO-Creating docker environment... 
2025-06-13 16:31:16,919-environment_generator.manager-INFO-Creating docker environment... 
2025-06-13 16:31:16,919-environment_generator.manager-INFO-Creating docker environment... 
2025-06-13 16:31:16,920-environment_generator.manager-INFO-Creating docker environment... 
2025-06-13 16:31:16,920-environment_generator.manager-INFO-Creating docker environment... 
2025-06-13 16:31:16,921-environment_generator.manager-INFO-Creating docker environment... 
2025-06-13 16:31:16,922-environment_generator.manager-INFO-Creating docker environment... 
2025-06-13 16:31:16,923-environment_generator.manager-INFO-Creating docker environment... 
2025-06-13 16:31:16,923-environment_generator.manager-INFO-Creating docker environment... 
2025-06-13 16:31:16,924-environment_generator.manager-INFO-Creating docker environment... 
2025-06-13 16:31:16,924-environment_generator.manager-INFO-Creating docker environment... 
2025-06-13 16:31:16,925-environment_generator.manager-INFO-Creating docker environment... 
2025-06-13 16:31:16,926-environment_generator.manager-INFO-Creating docker environment... 
2025-06-13 16:31:16,926-environment_generator.manager-INFO-Creating docker environment... 
2025-06-13 16:31:16,927-environment_generator.manager-INFO-Creating docker environment... 
2025-06-13 16:31:16,928-environment_generator.manager-INFO-Creating docker environment... 
2025-06-13 16:31:16,928-environment_generator.manager-INFO-Creating docker environment... 
2025-06-13 16:31:16,928-environment_generator.manager-INFO-Creating docker environment... 
2025-06-13 16:31:16,929-environment_generator.manager-INFO-Creating docker environment... 
2025-06-13 16:31:16,929-environment_generator.manager-INFO-Creating docker environment... 
2025-06-13 16:31:16,930-environment_generator.manager-INFO-Creating docker environment... 
2025-06-13 16:31:16,930-environment_generator.manager-INFO-Creating docker environment... 
2025-06-13 16:31:16,932-environment_generator.manager-INFO-Creating docker environment... 
2025-06-13 16:31:16,932-environment_generator.manager-INFO-Creating docker environment... 
2025-06-13 16:31:16,933-environment_generator.manager-INFO-Creating docker environment... 
2025-06-13 16:31:16,933-environment_generator.manager-INFO-Creating docker environment... 
2025-06-13 16:31:16,934-environment_generator.manager-INFO-Creating docker environment... 
2025-06-13 16:31:16,934-environment_generator.manager-INFO-Creating docker environment... 
2025-06-13 16:31:16,935-environment_generator.manager-INFO-Creating docker environment... 
2025-06-13 16:31:16,936-environment_generator.manager-INFO-Creating docker environment... 
2025-06-13 16:31:16,936-environment_generator.manager-INFO-Creating docker environment... 
2025-06-13 16:31:16,937-environment_generator.manager-INFO-Creating docker environment... 
2025-06-13 16:31:16,938-environment_generator.manager-INFO-Creating docker environment... 
2025-06-13 16:31:16,939-environment_generator.manager-INFO-Creating docker environment... 
2025-06-13 16:31:16,939-environment_generator.manager-INFO-Creating docker environment... 
2025-06-13 16:31:16,940-environment_generator.manager-INFO-Creating docker environment... 
2025-06-13 16:31:16,941-environment_generator.manager-INFO-Creating docker environment... 
2025-06-13 16:31:16,941-environment_generator.manager-INFO-Creating docker environment... 
2025-06-13 16:31:16,943-environment_generator.manager-INFO-Creating docker environment... 
2025-06-13 16:31:16,943-environment_generator.manager-INFO-Creating docker environment... 
2025-06-13 16:31:16,944-environment_generator.manager-INFO-Creating docker environment... 
2025-06-13 16:31:16,944-environment_generator.manager-INFO-Creating docker environment... 
2025-06-13 16:31:16,945-environment_generator.manager-INFO-Creating docker environment... 
2025-06-13 16:31:16,945-environment_generator.manager-INFO-Creating docker environment... 
2025-06-13 16:31:16,946-environment_generator.manager-INFO-Creating docker environment... 
2025-06-13 16:31:16,946-environment_generator.manager-INFO-Creating docker environment... 
2025-06-13 16:31:16,946-environment_generator.manager-INFO-Creating docker environment... 
2025-06-13 16:31:16,948-environment_generator.manager-INFO-Creating docker environment... 
2025-06-13 16:31:16,948-environment_generator.manager-INFO-Creating docker environment... 
2025-06-13 16:31:16,949-environment_generator.manager-INFO-Creating docker environment... 
2025-06-13 16:31:16,950-environment_generator.manager-INFO-Creating docker environment... 
2025-06-13 16:31:16,951-environment_generator.manager-INFO-Creating docker environment... 
2025-06-13 16:31:16,952-environment_generator.manager-INFO-Creating docker environment... 
2025-06-13 16:31:16,952-environment_generator.manager-INFO-Creating docker environment... 
2025-06-13 16:31:16,953-environment_generator.manager-INFO-Creating docker environment... 
2025-06-13 16:31:16,953-environment_generator.manager-INFO-Creating docker environment... 
2025-06-13 16:31:16,957-environment_generator.manager-INFO-Creating docker environment... 
2025-06-13 16:31:16,959-environment_generator.manager-INFO-Creating docker environment... 
2025-06-13 16:31:16,959-environment_generator.manager-INFO-Creating docker environment... 
2025-06-13 16:31:16,960-environment_generator.manager-INFO-Creating docker environment... 
2025-06-13 16:31:16,961-environment_generator.manager-INFO-Creating docker environment... 
2025-06-13 16:31:16,962-environment_generator.manager-INFO-Creating docker environment... 
2025-06-13 16:31:16,962-environment_generator.manager-INFO-Creating docker environment... 
2025-06-13 16:31:16,963-environment_generator.manager-INFO-Creating docker environment... 
2025-06-13 16:31:16,963-environment_generator.manager-INFO-Creating docker environment... 
2025-06-13 16:31:16,963-environment_generator.manager-INFO-Creating docker environment... 
2025-06-13 16:31:16,964-environment_generator.manager-INFO-Creating docker environment... 
2025-06-13 16:31:16,964-environment_generator.manager-INFO-Creating docker environment... 
2025-06-13 16:31:16,964-environment_generator.manager-INFO-Creating docker environment... 
2025-06-13 16:31:16,965-environment_generator.manager-INFO-Creating docker environment... 
2025-06-13 16:31:16,965-environment_generator.manager-INFO-Creating docker environment... 
2025-06-13 16:31:16,965-environment_generator.manager-INFO-Creating docker environment... 
2025-06-13 16:31:16,965-environment_generator.manager-INFO-Creating docker environment... 
2025-06-13 16:31:16,965-environment_generator.manager-INFO-Creating docker environment... 
2025-06-13 16:31:16,967-environment_generator.manager-INFO-Creating docker environment... 
2025-06-13 16:31:16,967-environment_generator.manager-INFO-Creating docker environment... 
2025-06-13 16:31:16,968-environment_generator.manager-INFO-Creating docker environment... 
2025-06-13 16:31:16,968-environment_generator.manager-INFO-Creating docker environment... 
2025-06-13 16:31:16,968-environment_generator.manager-INFO-Creating docker environment... 
2025-06-13 16:31:16,969-environment_generator.manager-INFO-Creating docker environment... 
2025-06-13 16:31:16,969-environment_generator.manager-INFO-Creating docker environment... 
2025-06-13 16:31:16,970-environment_generator.manager-INFO-Creating docker environment... 
2025-06-13 16:31:16,971-environment_generator.manager-INFO-Creating docker environment... 
2025-06-13 16:31:16,971-environment_generator.manager-INFO-Creating docker environment... 
2025-06-13 16:31:16,973-environment_generator.manager-INFO-Creating docker environment... 
2025-06-13 16:31:16,974-environment_generator.manager-INFO-Creating docker environment... 
2025-06-13 16:31:16,975-environment_generator.manager-INFO-Creating docker environment... 
2025-06-13 16:31:16,975-environment_generator.manager-INFO-Creating docker environment... 
2025-06-13 16:31:16,976-environment_generator.manager-INFO-Creating docker environment... 
2025-06-13 16:31:16,976-environment_generator.manager-INFO-Creating docker environment... 
2025-06-13 16:31:16,976-environment_generator.manager-INFO-Creating docker environment... 
2025-06-13 16:31:16,979-environment_generator.manager-INFO-Creating docker environment... 
2025-06-13 16:31:16,980-environment_generator.manager-INFO-Creating docker environment... 
2025-06-13 16:31:16,980-environment_generator.manager-INFO-Creating docker environment... 
2025-06-13 16:31:16,981-environment_generator.manager-INFO-Creating docker environment... 
2025-06-13 16:31:16,981-environment_generator.manager-INFO-Creating docker environment... 
2025-06-13 16:31:16,982-environment_generator.manager-INFO-Creating docker environment... 
2025-06-13 16:31:16,982-environment_generator.manager-INFO-Creating docker environment... 
2025-06-13 16:31:16,982-environment_generator.manager-INFO-Creating docker environment... 
2025-06-13 16:31:16,983-environment_generator.manager-INFO-Creating docker environment... 
2025-06-13 16:31:16,983-environment_generator.manager-INFO-Creating docker environment... 
2025-06-13 16:31:16,983-environment_generator.manager-INFO-Creating docker environment... 
2025-06-13 16:31:16,983-environment_generator.manager-INFO-Creating docker environment... 
2025-06-13 16:31:16,984-environment_generator.manager-INFO-Creating docker environment... 
2025-06-13 16:31:16,984-environment_generator.manager-INFO-Creating docker environment... 
2025-06-13 16:31:16,984-environment_generator.manager-INFO-Creating docker environment... 
2025-06-13 16:31:16,985-environment_generator.manager-INFO-Creating docker environment... 
2025-06-13 16:31:16,985-environment_generator.manager-INFO-Creating docker environment... 
2025-06-13 16:31:16,985-environment_generator.manager-INFO-Creating docker environment... 
2025-06-13 16:31:16,986-environment_generator.manager-INFO-Creating docker environment... 
2025-06-13 16:31:16,986-environment_generator.manager-INFO-Creating docker environment... 
2025-06-13 16:31:16,987-environment_generator.manager-INFO-Creating docker environment... 
2025-06-13 16:31:16,988-environment_generator.manager-INFO-Creating docker environment... 
2025-06-13 16:31:16,989-environment_generator.manager-INFO-Creating docker environment... 
2025-06-13 16:31:16,989-environment_generator.manager-INFO-Creating docker environment... 
2025-06-13 16:31:16,989-environment_generator.manager-INFO-Creating docker environment... 
2025-06-13 16:31:16,990-environment_generator.manager-INFO-Creating docker environment... 
2025-06-13 16:31:16,991-environment_generator.manager-INFO-Creating docker environment... 
2025-06-13 16:31:16,991-environment_generator.manager-INFO-Creating docker environment... 
2025-06-13 16:31:16,992-environment_generator.manager-INFO-Creating docker environment... 
2025-06-13 16:31:16,992-environment_generator.manager-INFO-Creating docker environment... 
2025-06-13 16:31:16,993-environment_generator.manager-INFO-Creating docker environment... 
2025-06-13 16:31:16,993-environment_generator.manager-INFO-Creating docker environment... 
2025-06-13 16:31:16,993-environment_generator.manager-INFO-Creating docker environment... 
2025-06-13 16:31:16,995-environment_generator.manager-INFO-Creating docker environment... 
2025-06-13 16:31:16,995-environment_generator.manager-INFO-Creating docker environment... 
2025-06-13 16:31:16,995-environment_generator.manager-INFO-Creating docker environment... 
2025-06-13 16:31:16,996-environment_generator.manager-INFO-Creating docker environment... 
2025-06-13 16:31:16,996-environment_generator.manager-INFO-Creating docker environment... 
2025-06-13 16:31:16,997-environment_generator.manager-INFO-Creating docker environment... 
2025-06-13 16:31:16,997-environment_generator.manager-INFO-Creating docker environment... 
2025-06-13 16:31:16,997-environment_generator.manager-INFO-Creating docker environment... 
2025-06-13 16:31:16,997-environment_generator.manager-INFO-Creating docker environment... 
2025-06-13 16:31:16,999-environment_generator.manager-INFO-Creating docker environment... 
2025-06-13 16:31:16,999-environment_generator.manager-INFO-Creating docker environment... 
2025-06-13 16:31:16,999-environment_generator.manager-INFO-Creating docker environment... 
2025-06-13 16:31:17,000-environment_generator.manager-INFO-Creating docker environment... 
2025-06-13 16:31:17,000-environment_generator.manager-INFO-Creating docker environment... 
2025-06-13 16:31:17,000-environment_generator.manager-INFO-Creating docker environment... 
2025-06-13 16:31:17,002-environment_generator.manager-INFO-Creating docker environment... 
2025-06-13 16:31:17,002-environment_generator.manager-INFO-Creating docker environment... 
2025-06-13 16:31:17,003-environment_generator.manager-INFO-Creating docker environment... 
2025-06-13 16:31:17,003-environment_generator.manager-INFO-Creating docker environment... 
2025-06-13 16:31:17,004-environment_generator.manager-INFO-Creating docker environment... 
2025-06-13 16:31:17,005-environment_generator.manager-INFO-Creating docker environment... 
2025-06-13 16:31:17,006-environment_generator.manager-INFO-Creating docker environment... 
2025-06-13 16:31:17,007-environment_generator.manager-INFO-Creating docker environment... 
2025-06-13 16:31:17,007-environment_generator.manager-INFO-Creating docker environment... 
2025-06-13 16:31:17,008-environment_generator.manager-INFO-Creating docker environment... 
2025-06-13 16:31:17,009-environment_generator.manager-INFO-Creating docker environment... 
2025-06-13 16:31:17,010-environment_generator.manager-INFO-Creating docker environment... 
2025-06-13 16:31:17,011-environment_generator.manager-INFO-Creating docker environment... 
2025-06-13 16:31:17,012-environment_generator.manager-INFO-Creating docker environment... 
2025-06-13 16:31:17,013-environment_generator.manager-INFO-Creating docker environment... 
2025-06-13 16:31:17,014-environment_generator.manager-INFO-Creating docker environment... 
2025-06-13 16:31:17,014-environment_generator.manager-INFO-Creating docker environment... 
2025-06-13 16:31:17,015-environment_generator.manager-INFO-Creating docker environment... 
2025-06-13 16:31:17,015-environment_generator.manager-INFO-Creating docker environment... 
2025-06-13 16:31:17,016-environment_generator.manager-INFO-Creating docker environment... 
2025-06-13 16:31:17,016-environment_generator.manager-INFO-Creating docker environment... 
2025-06-13 16:31:17,017-environment_generator.manager-INFO-Creating docker environment... 
2025-06-13 16:31:17,017-environment_generator.manager-INFO-Creating docker environment... 
2025-06-13 16:31:17,017-environment_generator.manager-INFO-Creating docker environment... 
2025-06-13 16:31:17,017-environment_generator.manager-INFO-Creating docker environment... 
2025-06-13 16:31:17,018-environment_generator.manager-INFO-Creating docker environment... 
2025-06-13 16:31:17,018-environment_generator.manager-INFO-Creating docker environment... 
2025-06-13 16:31:17,018-environment_generator.manager-INFO-Creating docker environment... 
2025-06-13 16:31:17,018-environment_generator.manager-INFO-Creating docker environment... 
2025-06-13 16:31:17,018-environment_generator.manager-INFO-Creating docker environment... 
2025-06-13 16:31:17,020-environment_generator.manager-INFO-Creating docker environment... 
2025-06-13 16:31:17,020-environment_generator.manager-INFO-Creating docker environment... 
2025-06-13 16:31:17,020-environment_generator.manager-INFO-Creating docker environment... 
2025-06-13 16:31:17,021-environment_generator.manager-INFO-Creating docker environment... 
2025-06-13 16:31:17,021-environment_generator.manager-INFO-Creating docker environment... 
2025-06-13 16:31:17,022-environment_generator.manager-INFO-Creating docker environment... 
2025-06-13 16:31:17,022-environment_generator.manager-INFO-Creating docker environment... 
2025-06-13 16:31:17,023-environment_generator.manager-INFO-Creating docker environment... 
2025-06-13 16:31:17,023-environment_generator.manager-INFO-Creating docker environment... 
2025-06-13 16:31:17,024-environment_generator.manager-INFO-Creating docker environment... 
2025-06-13 16:31:17,024-environment_generator.manager-INFO-Creating docker environment... 
2025-06-13 16:31:17,024-environment_generator.manager-INFO-Creating docker environment... 
2025-06-13 16:31:17,024-environment_generator.manager-INFO-Creating docker environment... 
2025-06-13 16:31:17,024-environment_generator.manager-INFO-Creating docker environment... 
2025-06-13 16:31:17,024-environment_generator.manager-INFO-Creating docker environment... 
2025-06-13 16:31:17,025-environment_generator.manager-INFO-Creating docker environment... 
2025-06-13 16:31:17,025-environment_generator.manager-INFO-Creating docker environment... 
2025-06-13 16:31:17,025-environment_generator.manager-INFO-Creating docker environment... 
2025-06-13 16:31:17,027-environment_generator.manager-INFO-Creating docker environment... 
2025-06-13 16:31:17,027-environment_generator.manager-INFO-Creating docker environment... 
2025-06-13 16:31:17,027-environment_generator.manager-INFO-Creating docker environment... 
2025-06-13 16:31:17,027-environment_generator.manager-INFO-Creating docker environment... 
2025-06-13 16:31:17,028-environment_generator.manager-INFO-Creating docker environment... 
2025-06-13 16:31:17,028-environment_generator.manager-INFO-Creating docker environment... 
2025-06-13 16:31:17,028-environment_generator.manager-INFO-Creating docker environment... 
2025-06-13 16:31:17,029-environment_generator.manager-INFO-Creating docker environment... 
2025-06-13 16:31:17,029-environment_generator.manager-INFO-Creating docker environment... 
2025-06-13 16:31:17,030-environment_generator.manager-INFO-Creating docker environment... 
2025-06-13 16:31:17,030-environment_generator.manager-INFO-Creating docker environment... 
2025-06-13 16:31:17,030-environment_generator.manager-INFO-Creating docker environment... 
2025-06-13 16:31:17,030-environment_generator.manager-INFO-Creating docker environment... 
2025-06-13 16:31:17,031-environment_generator.manager-INFO-Creating docker environment... 
2025-06-13 16:31:17,031-environment_generator.manager-INFO-Creating docker environment... 
2025-06-13 16:31:17,032-environment_generator.manager-INFO-Creating docker environment... 
2025-06-13 16:31:17,032-environment_generator.manager-INFO-Creating docker environment... 
2025-06-13 16:31:17,032-environment_generator.manager-INFO-Creating docker environment... 
2025-06-13 16:31:17,033-environment_generator.manager-INFO-Creating docker environment... 
2025-06-13 16:31:17,033-environment_generator.manager-INFO-Creating docker environment... 
2025-06-13 16:31:17,034-environment_generator.manager-INFO-Creating docker environment... 
2025-06-13 16:31:17,034-environment_generator.manager-INFO-Creating docker environment... 
2025-06-13 16:31:17,034-environment_generator.manager-INFO-Creating docker environment... 
2025-06-13 16:31:17,034-environment_generator.manager-INFO-Creating docker environment... 
2025-06-13 16:31:17,034-environment_generator.manager-INFO-Creating docker environment... 
2025-06-13 16:31:17,034-environment_generator.manager-INFO-Creating docker environment... 
2025-06-13 16:31:17,036-environment_generator.manager-INFO-Creating docker environment... 
2025-06-13 16:31:17,036-environment_generator.manager-INFO-Creating docker environment... 
2025-06-13 16:31:17,037-environment_generator.manager-INFO-Creating docker environment... 
2025-06-13 16:31:17,038-environment_generator.manager-INFO-Creating docker environment... 
2025-06-13 16:31:17,038-environment_generator.manager-INFO-Creating docker environment... 
2025-06-13 16:31:17,038-environment_generator.manager-INFO-Creating docker environment... 
2025-06-13 16:31:17,039-environment_generator.manager-INFO-Creating docker environment... 
2025-06-13 16:31:17,039-environment_generator.manager-INFO-Creating docker environment... 
2025-06-13 16:31:17,040-environment_generator.manager-INFO-Creating docker environment... 
2025-06-13 16:31:17,040-environment_generator.manager-INFO-Creating docker environment... 
2025-06-13 16:31:17,041-environment_generator.manager-INFO-Creating docker environment... 
2025-06-13 16:31:17,041-environment_generator.manager-INFO-Creating docker environment... 
2025-06-13 16:31:17,042-environment_generator.manager-INFO-Creating docker environment... 
2025-06-13 16:31:17,042-environment_generator.manager-INFO-Creating docker environment... 
2025-06-13 16:31:17,042-environment_generator.manager-INFO-Creating docker environment... 
2025-06-13 16:31:17,044-environment_generator.manager-INFO-Creating docker environment... 
2025-06-13 16:31:17,044-environment_generator.manager-INFO-Creating docker environment... 
2025-06-13 16:31:17,045-environment_generator.manager-INFO-Creating docker environment... 
2025-06-13 16:31:17,045-environment_generator.manager-INFO-Creating docker environment... 
2025-06-13 16:31:17,046-environment_generator.manager-INFO-Creating docker environment... 
2025-06-13 16:31:17,046-environment_generator.manager-INFO-Creating docker environment... 
2025-06-13 16:31:17,046-environment_generator.manager-INFO-Creating docker environment... 
2025-06-13 16:31:17,047-environment_generator.manager-INFO-Creating docker environment... 
2025-06-13 16:31:17,047-environment_generator.manager-INFO-Creating docker environment... 
2025-06-13 16:31:17,047-environment_generator.manager-INFO-Creating docker environment... 
2025-06-13 16:31:17,048-environment_generator.manager-INFO-Creating docker environment... 
2025-06-13 16:31:17,048-environment_generator.manager-INFO-Creating docker environment... 
2025-06-13 16:31:17,048-environment_generator.manager-INFO-Creating docker environment... 
2025-06-13 16:31:17,049-environment_generator.manager-INFO-Creating docker environment... 
2025-06-13 16:31:17,049-environment_generator.manager-INFO-Creating docker environment... 
2025-06-13 16:31:17,050-environment_generator.manager-INFO-Creating docker environment... 
2025-06-13 16:31:17,051-environment_generator.manager-INFO-Creating docker environment... 
2025-06-13 16:31:17,051-environment_generator.manager-INFO-Creating docker environment... 
2025-06-13 16:31:17,051-environment_generator.manager-INFO-Creating docker environment... 
2025-06-13 16:31:17,051-environment_generator.manager-INFO-Creating docker environment... 
2025-06-13 16:31:17,051-environment_generator.manager-INFO-Creating docker environment... 
2025-06-13 16:31:17,053-environment_generator.manager-INFO-Creating docker environment... 
2025-06-13 16:31:17,053-environment_generator.manager-INFO-Creating docker environment... 
2025-06-13 16:31:17,053-environment_generator.manager-INFO-Creating docker environment... 
2025-06-13 16:31:17,053-environment_generator.manager-INFO-Creating docker environment... 
2025-06-13 16:31:17,054-environment_generator.manager-INFO-Creating docker environment... 
2025-06-13 16:31:17,054-environment_generator.manager-INFO-Creating docker environment... 
2025-06-13 16:31:17,055-environment_generator.manager-INFO-Creating docker environment... 
2025-06-13 16:31:17,055-environment_generator.manager-INFO-Creating docker environment... 
2025-06-13 16:31:17,055-environment_generator.manager-INFO-Creating docker environment... 
2025-06-13 16:31:17,056-environment_generator.manager-INFO-Creating docker environment... 
2025-06-13 16:31:17,056-environment_generator.manager-INFO-Creating docker environment... 
2025-06-13 16:31:17,056-environment_generator.manager-INFO-Creating docker environment... 
2025-06-13 16:31:17,056-environment_generator.manager-INFO-Creating docker environment... 
2025-06-13 16:31:17,057-environment_generator.manager-INFO-Creating docker environment... 
2025-06-13 16:31:17,057-environment_generator.manager-INFO-Creating docker environment... 
2025-06-13 16:31:17,057-environment_generator.manager-INFO-Creating docker environment... 
2025-06-13 16:31:17,058-environment_generator.manager-INFO-Creating docker environment... 
2025-06-13 16:31:17,058-environment_generator.manager-INFO-Creating docker environment... 
2025-06-13 16:31:17,059-environment_generator.manager-INFO-Creating docker environment... 
2025-06-13 16:31:17,059-environment_generator.manager-INFO-Creating docker environment... 
2025-06-13 16:31:17,059-environment_generator.manager-INFO-Creating docker environment... 
2025-06-13 16:31:17,060-environment_generator.manager-INFO-Creating docker environment... 
2025-06-13 16:31:17,060-environment_generator.manager-INFO-Creating docker environment... 
2025-06-13 16:31:17,060-environment_generator.manager-INFO-Creating docker environment... 
2025-06-13 16:31:17,060-environment_generator.manager-INFO-Creating docker environment... 
2025-06-13 16:31:17,060-environment_generator.manager-INFO-Creating docker environment... 
2025-06-13 16:31:17,061-environment_generator.manager-INFO-Creating docker environment... 
2025-06-13 16:31:17,061-environment_generator.manager-INFO-Creating docker environment... 
2025-06-13 16:31:17,061-environment_generator.manager-INFO-Creating docker environment... 
2025-06-13 16:31:17,062-environment_generator.manager-INFO-Creating docker environment... 
2025-06-13 16:31:17,062-environment_generator.manager-INFO-Creating docker environment... 
2025-06-13 16:31:17,062-environment_generator.manager-INFO-Creating docker environment... 
2025-06-13 16:31:17,063-environment_generator.manager-INFO-Creating docker environment... 
2025-06-13 16:31:17,063-environment_generator.manager-INFO-Creating docker environment... 
2025-06-13 16:31:17,064-environment_generator.manager-INFO-Creating docker environment... 
2025-06-13 16:31:17,064-environment_generator.manager-INFO-Creating docker environment... 
2025-06-13 16:31:17,065-environment_generator.manager-INFO-Creating docker environment... 
2025-06-13 16:31:17,065-environment_generator.manager-INFO-Creating docker environment... 
2025-06-13 16:31:17,066-environment_generator.manager-INFO-Creating docker environment... 
2025-06-13 16:31:17,066-environment_generator.manager-INFO-Creating docker environment... 
2025-06-13 16:31:17,066-environment_generator.manager-INFO-Creating docker environment... 
2025-06-13 16:31:17,067-environment_generator.manager-INFO-Creating docker environment... 
2025-06-13 16:31:17,067-environment_generator.manager-INFO-Creating docker environment... 
2025-06-13 16:31:17,067-environment_generator.manager-INFO-Creating docker environment... 
2025-06-13 16:31:17,069-environment_generator.manager-INFO-Creating docker environment... 
2025-06-13 16:31:17,069-environment_generator.manager-INFO-Creating docker environment... 
2025-06-13 16:31:17,069-environment_generator.manager-INFO-Creating docker environment... 
2025-06-13 16:31:17,070-environment_generator.manager-INFO-Creating docker environment... 
2025-06-13 16:31:17,070-environment_generator.manager-INFO-Creating docker environment... 
2025-06-13 16:31:17,070-environment_generator.manager-INFO-Creating docker environment... 
2025-06-13 16:31:17,071-environment_generator.manager-INFO-Creating docker environment... 
2025-06-13 16:31:17,071-environment_generator.manager-INFO-Creating docker environment... 
2025-06-13 16:31:17,072-environment_generator.manager-INFO-Creating docker environment... 
2025-06-13 16:31:17,072-environment_generator.manager-INFO-Creating docker environment... 
2025-06-13 16:31:17,073-environment_generator.manager-INFO-Creating docker environment... 
2025-06-13 16:31:17,073-environment_generator.manager-INFO-Creating docker environment... 
2025-06-13 16:31:17,073-environment_generator.manager-INFO-Creating docker environment... 
2025-06-13 16:31:17,074-environment_generator.manager-INFO-Creating docker environment... 
2025-06-13 16:31:17,074-environment_generator.manager-INFO-Creating docker environment... 
2025-06-13 16:31:17,074-environment_generator.manager-INFO-Creating docker environment... 
2025-06-13 16:31:17,075-environment_generator.manager-INFO-Creating docker environment... 
2025-06-13 16:31:17,075-environment_generator.manager-INFO-Creating docker environment... 
2025-06-13 16:31:17,076-environment_generator.manager-INFO-Creating docker environment... 
2025-06-13 16:31:17,076-environment_generator.manager-INFO-Creating docker environment... 
2025-06-13 16:31:17,077-environment_generator.manager-INFO-Creating docker environment... 
2025-06-13 16:31:17,078-environment_generator.manager-INFO-Creating docker environment... 
2025-06-13 16:31:17,078-environment_generator.manager-INFO-Creating docker environment... 
2025-06-13 16:31:17,078-environment_generator.manager-INFO-Creating docker environment... 
2025-06-13 16:31:17,078-environment_generator.manager-INFO-Creating docker environment... 
2025-06-13 16:31:17,079-environment_generator.manager-INFO-Creating docker environment... 
2025-06-13 16:31:17,079-environment_generator.manager-INFO-Creating docker environment... 
2025-06-13 16:31:17,080-environment_generator.manager-INFO-Creating docker environment... 
2025-06-13 16:31:17,080-environment_generator.manager-INFO-Creating docker environment... 
2025-06-13 16:31:17,080-environment_generator.manager-INFO-Creating docker environment... 
2025-06-13 16:31:17,080-environment_generator.manager-INFO-Creating docker environment... 
2025-06-13 16:31:17,082-environment_generator.manager-INFO-Creating docker environment... 
2025-06-13 16:31:17,082-environment_generator.manager-INFO-Creating docker environment... 
2025-06-13 16:31:17,082-environment_generator.manager-INFO-Creating docker environment... 
2025-06-13 16:31:17,082-environment_generator.manager-INFO-Creating docker environment... 
2025-06-13 16:31:17,083-environment_generator.manager-INFO-Creating docker environment... 
2025-06-13 16:31:17,084-environment_generator.manager-INFO-Creating docker environment... 
2025-06-13 16:31:17,084-environment_generator.manager-INFO-Creating docker environment... 
2025-06-13 16:31:17,084-environment_generator.manager-INFO-Creating docker environment... 
2025-06-13 16:31:17,085-environment_generator.manager-INFO-Creating docker environment... 
2025-06-13 16:31:17,085-environment_generator.manager-INFO-Creating docker environment... 
2025-06-13 16:31:17,085-environment_generator.manager-INFO-Creating docker environment... 
2025-06-13 16:31:17,086-environment_generator.manager-INFO-Creating docker environment... 
2025-06-13 16:31:17,086-environment_generator.manager-INFO-Creating docker environment... 
2025-06-13 16:31:17,086-environment_generator.manager-INFO-Creating docker environment... 
2025-06-13 16:31:17,087-environment_generator.manager-INFO-Creating docker environment... 
2025-06-13 16:31:17,087-environment_generator.manager-INFO-Creating docker environment... 
2025-06-13 16:31:17,090-environment_generator.manager-INFO-Creating docker environment... 
2025-06-13 16:31:17,091-environment_generator.manager-INFO-Creating docker environment... 
2025-06-13 16:31:17,092-environment_generator.manager-INFO-Creating docker environment... 
2025-06-13 16:31:17,092-environment_generator.manager-INFO-Creating docker environment... 
2025-06-13 16:31:17,092-environment_generator.manager-INFO-Creating docker environment... 
2025-06-13 16:31:17,093-environment_generator.manager-INFO-Creating docker environment... 
2025-06-13 16:31:17,094-environment_generator.manager-INFO-Creating docker environment... 
2025-06-13 16:31:17,094-environment_generator.manager-INFO-Creating docker environment... 
2025-06-13 16:31:17,095-environment_generator.manager-INFO-Creating docker environment... 
2025-06-13 16:31:17,095-environment_generator.manager-INFO-Creating docker environment... 
2025-06-13 16:31:17,095-environment_generator.manager-INFO-Creating docker environment... 
2025-06-13 16:31:17,095-environment_generator.manager-INFO-Creating docker environment... 
2025-06-13 16:31:17,096-environment_generator.manager-INFO-Creating docker environment... 
2025-06-13 16:31:17,096-environment_generator.manager-INFO-Creating docker environment... 
2025-06-13 16:31:17,096-environment_generator.manager-INFO-Creating docker environment... 
2025-06-13 16:31:17,096-environment_generator.manager-INFO-Creating docker environment... 
2025-06-13 16:31:17,096-environment_generator.manager-INFO-Creating docker environment... 
2025-06-13 16:31:17,097-environment_generator.manager-INFO-Creating docker environment... 
2025-06-13 16:31:17,097-environment_generator.manager-INFO-Creating docker environment... 
2025-06-13 16:31:17,097-environment_generator.manager-INFO-Creating docker environment... 
2025-06-13 16:31:17,097-environment_generator.manager-INFO-Creating docker environment... 
2025-06-13 16:31:17,097-environment_generator.manager-INFO-Creating docker environment... 
2025-06-13 16:31:17,099-environment_generator.manager-INFO-Creating docker environment... 
2025-06-13 16:31:17,100-environment_generator.manager-INFO-Creating docker environment... 
2025-06-13 16:31:17,100-environment_generator.manager-INFO-Creating docker environment... 
2025-06-13 16:31:17,100-environment_generator.manager-INFO-Creating docker environment... 
2025-06-13 16:31:17,100-environment_generator.manager-INFO-Creating docker environment... 
2025-06-13 16:31:17,101-environment_generator.manager-INFO-Creating docker environment... 
2025-06-13 16:31:17,101-environment_generator.manager-INFO-Creating docker environment... 
2025-06-13 16:31:17,101-environment_generator.manager-INFO-Creating docker environment... 
2025-06-13 16:31:17,101-environment_generator.manager-INFO-Creating docker environment... 
2025-06-13 16:31:17,101-environment_generator.manager-INFO-Creating docker environment... 
2025-06-13 16:31:17,102-environment_generator.manager-INFO-Creating docker environment... 
2025-06-13 16:31:17,102-environment_generator.manager-INFO-Creating docker environment... 
2025-06-13 16:31:17,102-environment_generator.manager-INFO-Creating docker environment... 
2025-06-13 16:31:17,102-environment_generator.manager-INFO-Creating docker environment... 
2025-06-13 16:31:17,102-environment_generator.manager-INFO-Creating docker environment... 
2025-06-13 16:31:17,103-environment_generator.manager-INFO-Creating docker environment... 
2025-06-13 16:31:17,103-environment_generator.manager-INFO-Creating docker environment... 
2025-06-13 16:31:17,103-environment_generator.manager-INFO-Creating docker environment... 
2025-06-13 16:31:17,103-environment_generator.manager-INFO-Creating docker environment... 
2025-06-13 16:31:17,103-environment_generator.manager-INFO-Creating docker environment... 
2025-06-13 16:31:17,103-environment_generator.manager-INFO-Creating docker environment... 
2025-06-13 16:31:17,104-environment_generator.manager-INFO-Creating docker environment... 
2025-06-13 16:31:17,104-environment_generator.manager-INFO-Creating docker environment... 
2025-06-13 16:31:17,105-environment_generator.manager-INFO-Creating docker environment... 
2025-06-13 16:31:17,105-environment_generator.manager-INFO-Creating docker environment... 
2025-06-13 16:31:17,105-environment_generator.manager-INFO-Creating docker environment... 
2025-06-13 16:31:17,106-environment_generator.manager-INFO-Creating docker environment... 
2025-06-13 16:31:17,106-environment_generator.manager-INFO-Creating docker environment... 
2025-06-13 16:31:17,106-environment_generator.manager-INFO-Creating docker environment... 
2025-06-13 16:31:17,107-environment_generator.manager-INFO-Creating docker environment... 
2025-06-13 16:31:17,107-environment_generator.manager-INFO-Creating docker environment... 
2025-06-13 16:31:17,107-environment_generator.manager-INFO-Creating docker environment... 
2025-06-13 16:31:17,108-environment_generator.manager-INFO-Creating docker environment... 
2025-06-13 16:31:17,108-environment_generator.manager-INFO-Creating docker environment... 
2025-06-13 16:31:17,108-environment_generator.manager-INFO-Creating docker environment... 
2025-06-13 16:31:17,108-environment_generator.manager-INFO-Creating docker environment... 
2025-06-13 16:31:17,108-environment_generator.manager-INFO-Creating docker environment... 
2025-06-13 16:31:17,108-environment_generator.manager-INFO-Creating docker environment... 
2025-06-13 16:31:17,110-environment_generator.manager-INFO-Creating docker environment... 
2025-06-13 16:31:17,110-environment_generator.manager-INFO-Creating docker environment... 
2025-06-13 16:31:17,110-environment_generator.manager-INFO-Creating docker environment... 
2025-06-13 16:31:17,110-environment_generator.manager-INFO-Creating docker environment... 
2025-06-13 16:31:17,111-environment_generator.manager-INFO-Creating docker environment... 
2025-06-13 16:31:17,111-environment_generator.manager-INFO-Creating docker environment... 
2025-06-13 16:31:17,111-environment_generator.manager-INFO-Creating docker environment... 
2025-06-13 16:31:17,111-environment_generator.manager-INFO-Creating docker environment... 
2025-06-13 16:31:17,111-environment_generator.manager-INFO-Creating docker environment... 
2025-06-13 16:31:17,113-environment_generator.manager-INFO-Creating docker environment... 
2025-06-13 16:31:17,113-environment_generator.manager-INFO-Creating docker environment... 
2025-06-13 16:31:17,113-environment_generator.manager-INFO-Creating docker environment... 
2025-06-13 16:31:17,113-environment_generator.manager-INFO-Creating docker environment... 
2025-06-13 16:31:17,114-environment_generator.manager-INFO-Creating docker environment... 
2025-06-13 16:31:17,114-environment_generator.manager-INFO-Creating docker environment... 
2025-06-13 16:31:17,114-environment_generator.manager-INFO-Creating docker environment... 
2025-06-13 16:31:17,114-environment_generator.manager-INFO-Creating docker environment... 
2025-06-13 16:31:17,114-environment_generator.manager-INFO-Creating docker environment... 
2025-06-13 16:31:17,115-environment_generator.manager-INFO-Creating docker environment... 
2025-06-13 16:31:17,115-environment_generator.manager-INFO-Creating docker environment... 
2025-06-13 16:31:17,115-environment_generator.manager-INFO-Creating docker environment... 
2025-06-13 16:31:17,115-environment_generator.manager-INFO-Creating docker environment... 
2025-06-13 16:31:17,115-environment_generator.manager-INFO-Creating docker environment... 
2025-06-13 16:31:17,116-environment_generator.manager-INFO-Creating docker environment... 
2025-06-13 16:31:17,116-environment_generator.manager-INFO-Creating docker environment... 
2025-06-13 16:31:17,116-environment_generator.manager-INFO-Creating docker environment... 
2025-06-13 16:31:17,116-environment_generator.manager-INFO-Creating docker environment... 
2025-06-13 16:31:17,116-environment_generator.manager-INFO-Creating docker environment... 
2025-06-13 16:31:17,116-environment_generator.manager-INFO-Creating docker environment... 
2025-06-13 16:31:17,117-environment_generator.manager-INFO-Creating docker environment... 
2025-06-13 16:31:17,117-environment_generator.manager-INFO-Creating docker environment... 
2025-06-13 16:31:17,117-environment_generator.manager-INFO-Creating docker environment... 
2025-06-13 16:31:17,117-environment_generator.manager-INFO-Creating docker environment... 
2025-06-13 16:31:17,117-environment_generator.manager-INFO-Creating docker environment... 
2025-06-13 16:31:17,118-environment_generator.manager-INFO-Creating docker environment... 
2025-06-13 16:31:17,118-environment_generator.manager-INFO-Creating docker environment... 
2025-06-13 16:31:17,118-environment_generator.manager-INFO-Creating docker environment... 
2025-06-13 16:31:17,118-environment_generator.manager-INFO-Creating docker environment... 
2025-06-13 16:31:17,118-environment_generator.manager-INFO-Creating docker environment... 
2025-06-13 16:31:17,119-environment_generator.manager-INFO-Creating docker environment... 
2025-06-13 16:31:17,119-environment_generator.manager-INFO-Creating docker environment... 
2025-06-13 16:31:17,119-environment_generator.manager-INFO-Creating docker environment... 
2025-06-13 16:31:17,119-environment_generator.manager-INFO-Creating docker environment... 
2025-06-13 16:31:17,119-environment_generator.manager-INFO-Creating docker environment... 
2025-06-13 16:31:17,120-environment_generator.manager-INFO-Creating docker environment... 
2025-06-13 16:31:17,120-environment_generator.manager-INFO-Creating docker environment... 
2025-06-13 16:31:17,120-environment_generator.manager-INFO-Creating docker environment... 
2025-06-13 16:31:17,120-environment_generator.manager-INFO-Creating docker environment... 
2025-06-13 16:31:17,120-environment_generator.manager-INFO-Creating docker environment... 
2025-06-13 16:31:17,122-environment_generator.manager-INFO-Creating docker environment... 
2025-06-13 16:31:17,122-environment_generator.manager-INFO-Creating docker environment... 
2025-06-13 16:31:17,122-environment_generator.manager-INFO-Creating docker environment... 
2025-06-13 16:31:17,123-environment_generator.manager-INFO-Creating docker environment... 
2025-06-13 16:31:17,123-environment_generator.manager-INFO-Creating docker environment... 
2025-06-13 16:31:17,124-environment_generator.manager-INFO-Creating docker environment... 
2025-06-13 16:31:17,124-environment_generator.manager-INFO-Creating docker environment... 
2025-06-13 16:31:17,124-environment_generator.manager-INFO-Creating docker environment... 
2025-06-13 16:31:17,124-environment_generator.manager-INFO-Creating docker environment... 
2025-06-13 16:31:17,125-environment_generator.manager-INFO-Creating docker environment... 
2025-06-13 16:31:17,125-environment_generator.manager-INFO-Creating docker environment... 
2025-06-13 16:31:17,125-environment_generator.manager-INFO-Creating docker environment... 
2025-06-13 16:31:17,126-environment_generator.manager-INFO-Creating docker environment... 
2025-06-13 16:31:17,126-environment_generator.manager-INFO-Creating docker environment... 
2025-06-13 16:31:17,127-environment_generator.manager-INFO-Creating docker environment... 
2025-06-13 16:31:17,127-environment_generator.manager-INFO-Creating docker environment... 
2025-06-13 16:31:17,127-environment_generator.manager-INFO-Creating docker environment... 
2025-06-13 16:31:17,127-environment_generator.manager-INFO-Creating docker environment... 
2025-06-13 16:31:17,128-environment_generator.manager-INFO-Creating docker environment... 
2025-06-13 16:31:17,128-environment_generator.manager-INFO-Creating docker environment... 
2025-06-13 16:31:17,128-environment_generator.manager-INFO-Creating docker environment... 
2025-06-13 16:31:17,128-environment_generator.manager-INFO-Creating docker environment... 
2025-06-13 16:31:17,128-environment_generator.manager-INFO-Creating docker environment... 
2025-06-13 16:31:17,129-environment_generator.manager-INFO-Creating docker environment... 
2025-06-13 16:31:17,129-environment_generator.manager-INFO-Creating docker environment... 
2025-06-13 16:31:17,129-environment_generator.manager-INFO-Creating docker environment... 
2025-06-13 16:31:17,130-environment_generator.manager-INFO-Creating docker environment... 
2025-06-13 16:31:17,130-environment_generator.manager-INFO-Creating docker environment... 
2025-06-13 16:31:17,130-environment_generator.manager-INFO-Creating docker environment... 
2025-06-13 16:31:17,130-environment_generator.manager-INFO-Creating docker environment... 
2025-06-13 16:31:17,130-environment_generator.manager-INFO-Creating docker environment... 
2025-06-13 16:31:17,131-environment_generator.manager-INFO-Creating docker environment... 
2025-06-13 16:31:17,131-environment_generator.manager-INFO-Creating docker environment... 
2025-06-13 16:31:17,131-environment_generator.manager-INFO-Creating docker environment... 
2025-06-13 16:31:17,131-environment_generator.manager-INFO-Creating docker environment... 
2025-06-13 16:31:17,131-environment_generator.manager-INFO-Creating docker environment... 
2025-06-13 16:31:17,132-environment_generator.manager-INFO-Creating docker environment... 
2025-06-13 16:31:17,132-environment_generator.manager-INFO-Creating docker environment... 
2025-06-13 16:31:17,132-environment_generator.manager-INFO-Creating docker environment... 
2025-06-13 16:31:17,132-environment_generator.manager-INFO-Creating docker environment... 
2025-06-13 16:31:17,132-environment_generator.manager-INFO-Creating docker environment... 
2025-06-13 16:31:17,133-environment_generator.manager-INFO-Creating docker environment... 
2025-06-13 16:31:17,133-environment_generator.manager-INFO-Creating docker environment... 
2025-06-13 16:31:17,133-environment_generator.manager-INFO-Creating docker environment... 
2025-06-13 16:31:17,133-environment_generator.manager-INFO-Creating docker environment... 
2025-06-13 16:31:17,133-environment_generator.manager-INFO-Creating docker environment... 
2025-06-13 16:31:17,133-environment_generator.manager-INFO-Creating docker environment... 
2025-06-13 16:31:17,134-environment_generator.manager-INFO-Creating docker environment... 
2025-06-13 16:31:17,134-environment_generator.manager-INFO-Creating docker environment... 
2025-06-13 16:31:17,134-environment_generator.manager-INFO-Creating docker environment... 
2025-06-13 16:31:17,134-environment_generator.manager-INFO-Creating docker environment... 
2025-06-13 16:31:17,134-environment_generator.manager-INFO-Creating docker environment... 
2025-06-13 16:31:17,135-environment_generator.manager-INFO-Creating docker environment... 
2025-06-13 16:31:17,135-environment_generator.manager-INFO-Creating docker environment... 
2025-06-13 16:31:17,135-environment_generator.manager-INFO-Creating docker environment... 
2025-06-13 16:31:17,135-environment_generator.manager-INFO-Creating docker environment... 
2025-06-13 16:31:17,135-environment_generator.manager-INFO-Creating docker environment... 
2025-06-13 16:31:17,136-environment_generator.manager-INFO-Creating docker environment... 
2025-06-13 16:31:17,136-environment_generator.manager-INFO-Creating docker environment... 
2025-06-13 16:31:17,136-environment_generator.manager-INFO-Creating docker environment... 
2025-06-13 16:31:17,136-environment_generator.manager-INFO-Creating docker environment... 
2025-06-13 16:31:17,137-environment_generator.manager-INFO-Creating docker environment... 
2025-06-13 16:31:17,137-environment_generator.manager-INFO-Creating docker environment... 
2025-06-13 16:31:17,138-environment_generator.manager-INFO-Creating docker environment... 
2025-06-13 16:31:17,138-environment_generator.manager-INFO-Creating docker environment... 
2025-06-13 16:31:17,138-environment_generator.manager-INFO-Creating docker environment... 
2025-06-13 16:31:17,140-environment_generator.manager-INFO-Creating docker environment... 
2025-06-13 16:31:17,140-__main__-ERROR-An error occurred during reproducibility attempt:maximum recursion depth exceeded
Traceback (most recent call last):
  File "C:\Users\dhara\inverse-repro-mvp\main.py", line 75, in main
    env_details=env_manager.create_environment()
                ^^^^^^^^^^^^^^^^^^^^^^^^^^^^^^^^
  File "C:\Users\dhara\inverse-repro-mvp\environment_generator\manager.py", line 25, in create_environment
    env_details=self.create_environment()
                ^^^^^^^^^^^^^^^^^^^^^^^^^
  File "C:\Users\dhara\inverse-repro-mvp\environment_generator\manager.py", line 25, in create_environment
    env_details=self.create_environment()
                ^^^^^^^^^^^^^^^^^^^^^^^^^
  File "C:\Users\dhara\inverse-repro-mvp\environment_generator\manager.py", line 25, in create_environment
    env_details=self.create_environment()
                ^^^^^^^^^^^^^^^^^^^^^^^^^
  [Previous line repeated 983 more times]
  File "C:\Users\dhara\inverse-repro-mvp\environment_generator\manager.py", line 24, in create_environment
    logger.info(f'Creating {self.env_type} environment... ')
  File "C:\Users\dhara\AppData\Local\Programs\Python\Python312\Lib\logging\__init__.py", line 1539, in info
    self._log(INFO, msg, args, **kwargs)
  File "C:\Users\dhara\AppData\Local\Programs\Python\Python312\Lib\logging\__init__.py", line 1684, in _log
    self.handle(record)
  File "C:\Users\dhara\AppData\Local\Programs\Python\Python312\Lib\logging\__init__.py", line 1700, in handle
    self.callHandlers(record)
  File "C:\Users\dhara\AppData\Local\Programs\Python\Python312\Lib\logging\__init__.py", line 1762, in callHandlers
    hdlr.handle(record)
  File "C:\Users\dhara\AppData\Local\Programs\Python\Python312\Lib\logging\__init__.py", line 1028, in handle
    self.emit(record)
  File "C:\Users\dhara\AppData\Local\Programs\Python\Python312\Lib\logging\__init__.py", line 1280, in emit
    StreamHandler.emit(self, record)
  File "C:\Users\dhara\AppData\Local\Programs\Python\Python312\Lib\logging\__init__.py", line 1160, in emit
    msg = self.format(record)
          ^^^^^^^^^^^^^^^^^^^
  File "C:\Users\dhara\AppData\Local\Programs\Python\Python312\Lib\logging\__init__.py", line 999, in format
    return fmt.format(record)
           ^^^^^^^^^^^^^^^^^^
  File "C:\Users\dhara\AppData\Local\Programs\Python\Python312\Lib\logging\__init__.py", line 706, in format
    s = self.formatMessage(record)
        ^^^^^^^^^^^^^^^^^^^^^^^^^^
  File "C:\Users\dhara\AppData\Local\Programs\Python\Python312\Lib\logging\__init__.py", line 675, in formatMessage
    return self._style.format(record)
           ^^^^^^^^^^^^^^^^^^^^^^^^^^
  File "C:\Users\dhara\AppData\Local\Programs\Python\Python312\Lib\logging\__init__.py", line 464, in format
    return self._format(record)
           ^^^^^^^^^^^^^^^^^^^^
RecursionError: maximum recursion depth exceeded
2025-06-13 16:31:17,191-__main__-INFO-Step 7: Generating reproducibility reports...
2025-06-13 16:31:17,193-report_generator.generator-INFO-JSON report saved to:output\reports\reproducibility_report_2025-06-13T16-31-16-459910.json
2025-06-13 16:31:17,199-report_generator.generator-INFO-Markdown report saved to:output\reports\reproducibility_report_2025-06-13T16-31-16-459910.md
2025-06-13 16:31:17,200-__main__-INFO-Reproducibility report generated:output\reports\reproducibility_report_2025-06-13T16-31-16-459910.json
2025-06-13 16:31:17,200-__main__-INFO-Reproducibility attempts finished.
