2025-06-13 19:04:15,903-__main__-INFO-Starting reproducibility attempt for manuscript:data/raw/example_manuscript.txt
2025-06-13 19:04:15,903-__main__-INFO-Using datasets:data/raw/dataset1.csv
2025-06-13 19:04:15,904-__main__-INFO-Step 1: Parsing mauscript...
2025-06-13 19:04:15,908-__main__-INFO-Step 2: Processing data...
2025-06-13 19:04:15,909-data_processor.processor-INFO-Loading dataset: data/raw/dataset1.csv
2025-06-13 19:04:15,913-data_processor.processor-INFO-Applying processing instructions for dataset1...
2025-06-13 19:04:15,921-data_processor.processor-INFO-Processed data saved to: output\data\processed\dataset1_processed.csv
2025-06-13 19:04:15,922-__main__-INFO-Step 3: Generating code...
2025-06-13 19:04:15,923-code_generator.generator-INFO-Attempting rule-based code generation...
2025-06-13 19:04:15,923-code_generator.rule_based_generator-INFO-Generated data loading code.
2025-06-13 19:04:15,924-code_generator.rule_based_generator-INFO-Generated analysis code.
2025-06-13 19:04:15,924-code_generator.rule_based_generator-INFO-Generated plotting code.
2025-06-13 19:04:15,927-__main__-INFO-Generated code saved to disk at: output\virtual_environment\reproduced_code.py
2025-06-13 19:04:15,927-__main__-INFO-Step 4: Recreating environment...
2025-06-13 19:04:15,928-environment_generator.manager-INFO-Creating docker environment... 
2025-06-13 19:04:15,929-environment_generator.docker_manager-INFO-Dockerfile generated at: output\virtual_environment\Dockerfile
2025-06-13 19:04:15,931-environment_generator.docker_manager-INFO-requirements.txt generated for Docker at: output\virtual_environment\requirements.txt
2025-06-13 19:04:15,932-environment_generator.docker_manager-INFO-Building Docker image:reproducibility_env...
2025-06-13 19:05:48,102-environment_generator.docker_manager-ERROR-Failed to build Docker image.
2025-06-13 19:05:48,103-environment_generator.docker_manager-ERROR-Command: dockerbuild-treproducibility_env-foutput\virtual_environment\Dockerfileoutput\virtual_environment 
2025-06-13 19:05:48,104-environment_generator.docker_manager-ERROR-Docker STDOUT:

2025-06-13 19:05:48,105-environment_generator.docker_manager-ERROR-Docker STDERR:
#0 building with "desktop-linux" instance using docker driver

#1 [internal] load build definition from Dockerfile
#1 transferring dockerfile: 498B 0.0s done
#1 DONE 0.0s

#2 [internal] load metadata for docker.io/library/python:3.9-slim-buster
#2 DONE 6.5s

#3 [internal] load .dockerignore
#3 transferring context: 2B done
#3 DONE 0.0s

#4 [internal] load build context
#4 transferring context: 2.38kB 0.0s done
#4 DONE 0.0s

#5 [1/7] FROM docker.io/library/python:3.9-slim-buster@sha256:320a7a4250aba4249f458872adecf92eea88dc6abd2d76dc5c0f01cac9b53990
#5 resolve docker.io/library/python:3.9-slim-buster@sha256:320a7a4250aba4249f458872adecf92eea88dc6abd2d76dc5c0f01cac9b53990 0.0s done
#5 sha256:c84dbfe3b8deeb39e17d121220107f8354a9083b468a320a77708cd128f11c87 6.82kB / 6.82kB done
#5 sha256:8b91b88d557765cd8c6802668755a3f6dc4337b6ce15a17e4857139e5fc964f3 0B / 27.14MB 0.1s
#5 sha256:824416e234237961c9c5d4f41dfe5b295a3c35a671ee52889bfb08d8e257ec4c 0B / 2.78MB 0.1s
#5 sha256:8d53da26040835f622504d7762fad14d226ac414efeb5363f5febebc89ff224d 0B / 11.04MB 0.1s
#5 sha256:320a7a4250aba4249f458872adecf92eea88dc6abd2d76dc5c0f01cac9b53990 988B / 988B done
#5 sha256:d5cca64dca485c37ccf06721e36a93bf4331b0404bfd3ef2c7873867965359b7 1.37kB / 1.37kB done
#5 sha256:824416e234237961c9c5d4f41dfe5b295a3c35a671ee52889bfb08d8e257ec4c 1.05MB / 2.78MB 2.1s
#5 sha256:824416e234237961c9c5d4f41dfe5b295a3c35a671ee52889bfb08d8e257ec4c 2.10MB / 2.78MB 3.7s
#5 sha256:824416e234237961c9c5d4f41dfe5b295a3c35a671ee52889bfb08d8e257ec4c 2.78MB / 2.78MB 5.0s done
#5 sha256:84c8c79126f669beec1dcf6f34cd88094471745570c19c29b465dfa7db1fdabd 0B / 243B 5.1s
#5 sha256:8b91b88d557765cd8c6802668755a3f6dc4337b6ce15a17e4857139e5fc964f3 0B / 27.14MB 5.2s
#5 sha256:8d53da26040835f622504d7762fad14d226ac414efeb5363f5febebc89ff224d 0B / 11.04MB 5.2s
#5 sha256:8b91b88d557765cd8c6802668755a3f6dc4337b6ce15a17e4857139e5fc964f3 0B / 27.14MB 10.3s
#5 sha256:8d53da26040835f622504d7762fad14d226ac414efeb5363f5febebc89ff224d 0B / 11.04MB 10.3s
#5 sha256:84c8c79126f669beec1dcf6f34cd88094471745570c19c29b465dfa7db1fdabd 0B / 243B 10.3s
#5 sha256:8d53da26040835f622504d7762fad14d226ac414efeb5363f5febebc89ff224d 1.05MB / 11.04MB 10.9s
#5 sha256:8d53da26040835f622504d7762fad14d226ac414efeb5363f5febebc89ff224d 2.10MB / 11.04MB 13.8s
#5 sha256:84c8c79126f669beec1dcf6f34cd88094471745570c19c29b465dfa7db1fdabd 243B / 243B 13.7s done
#5 sha256:2e1c130fa3ec1777a82123374b4c500623959f903c1dd731ee4a83e1f1b38ff2 0B / 3.14MB 13.8s
#5 sha256:8b91b88d557765cd8c6802668755a3f6dc4337b6ce15a17e4857139e5fc964f3 2.10MB / 27.14MB 14.5s
#5 sha256:8d53da26040835f622504d7762fad14d226ac414efeb5363f5febebc89ff224d 3.15MB / 11.04MB 16.5s
#5 sha256:8b91b88d557765cd8c6802668755a3f6dc4337b6ce15a17e4857139e5fc964f3 4.19MB / 27.14MB 18.3s
#5 sha256:2e1c130fa3ec1777a82123374b4c500623959f903c1dd731ee4a83e1f1b38ff2 0B / 3.14MB 18.9s
#5 sha256:8d53da26040835f622504d7762fad14d226ac414efeb5363f5febebc89ff224d 4.19MB / 11.04MB 19.6s
#5 sha256:8b91b88d557765cd8c6802668755a3f6dc4337b6ce15a17e4857139e5fc964f3 6.29MB / 27.14MB 21.9s
#5 sha256:8d53da26040835f622504d7762fad14d226ac414efeb5363f5febebc89ff224d 5.24MB / 11.04MB 23.4s
#5 sha256:2e1c130fa3ec1777a82123374b4c500623959f903c1dd731ee4a83e1f1b38ff2 0B / 3.14MB 23.9s
#5 sha256:8d53da26040835f622504d7762fad14d226ac414efeb5363f5febebc89ff224d 6.12MB / 11.04MB 26.6s
#5 sha256:8b91b88d557765cd8c6802668755a3f6dc4337b6ce15a17e4857139e5fc964f3 8.39MB / 27.14MB 26.8s
#5 sha256:2e1c130fa3ec1777a82123374b4c500623959f903c1dd731ee4a83e1f1b38ff2 0B / 3.14MB 29.0s
#5 sha256:2e1c130fa3ec1777a82123374b4c500623959f903c1dd731ee4a83e1f1b38ff2 1.05MB / 3.14MB 30.0s
#5 sha256:8d53da26040835f622504d7762fad14d226ac414efeb5363f5febebc89ff224d 6.29MB / 11.04MB 31.8s
#5 sha256:8b91b88d557765cd8c6802668755a3f6dc4337b6ce15a17e4857139e5fc964f3 9.44MB / 27.14MB 32.0s
#5 sha256:2e1c130fa3ec1777a82123374b4c500623959f903c1dd731ee4a83e1f1b38ff2 2.10MB / 3.14MB 32.5s
#5 sha256:8b91b88d557765cd8c6802668755a3f6dc4337b6ce15a17e4857139e5fc964f3 11.53MB / 27.14MB 36.4s
#5 sha256:2e1c130fa3ec1777a82123374b4c500623959f903c1dd731ee4a83e1f1b38ff2 3.14MB / 3.14MB 36.4s
#5 sha256:2e1c130fa3ec1777a82123374b4c500623959f903c1dd731ee4a83e1f1b38ff2 3.14MB / 3.14MB 36.4s done
#5 sha256:8d53da26040835f622504d7762fad14d226ac414efeb5363f5febebc89ff224d 6.29MB / 11.04MB 36.8s
#5 sha256:8b91b88d557765cd8c6802668755a3f6dc4337b6ce15a17e4857139e5fc964f3 12.58MB / 27.14MB 41.6s
#5 sha256:8d53da26040835f622504d7762fad14d226ac414efeb5363f5febebc89ff224d 6.29MB / 11.04MB 41.9s
#5 sha256:8d53da26040835f622504d7762fad14d226ac414efeb5363f5febebc89ff224d 7.34MB / 11.04MB 42.1s
#5 sha256:8b91b88d557765cd8c6802668755a3f6dc4337b6ce15a17e4857139e5fc964f3 14.68MB / 27.14MB 43.8s
#5 sha256:8d53da26040835f622504d7762fad14d226ac414efeb5363f5febebc89ff224d 7.34MB / 11.04MB 47.1s
#5 sha256:8b91b88d557765cd8c6802668755a3f6dc4337b6ce15a17e4857139e5fc964f3 16.78MB / 27.14MB 48.7s
#5 sha256:8d53da26040835f622504d7762fad14d226ac414efeb5363f5febebc89ff224d 8.39MB / 11.04MB 50.6s
#5 sha256:8b91b88d557765cd8c6802668755a3f6dc4337b6ce15a17e4857139e5fc964f3 18.87MB / 27.14MB 51.9s
#5 sha256:8b91b88d557765cd8c6802668755a3f6dc4337b6ce15a17e4857139e5fc964f3 20.97MB / 27.14MB 54.8s
#5 sha256:8d53da26040835f622504d7762fad14d226ac414efeb5363f5febebc89ff224d 8.39MB / 11.04MB 55.7s
#5 sha256:8d53da26040835f622504d7762fad14d226ac414efeb5363f5febebc89ff224d 9.44MB / 11.04MB 59.3s
#5 sha256:8b91b88d557765cd8c6802668755a3f6dc4337b6ce15a17e4857139e5fc964f3 23.07MB / 27.14MB 59.5s
#5 sha256:8b91b88d557765cd8c6802668755a3f6dc4337b6ce15a17e4857139e5fc964f3 25.17MB / 27.14MB 62.8s
#5 sha256:8d53da26040835f622504d7762fad14d226ac414efeb5363f5febebc89ff224d 9.44MB / 11.04MB 64.3s
#5 sha256:8b91b88d557765cd8c6802668755a3f6dc4337b6ce15a17e4857139e5fc964f3 27.14MB / 27.14MB 65.3s done
#5 sha256:8d53da26040835f622504d7762fad14d226ac414efeb5363f5febebc89ff224d 10.49MB / 11.04MB 65.4s
#5 extracting sha256:8b91b88d557765cd8c6802668755a3f6dc4337b6ce15a17e4857139e5fc964f3
#5 sha256:8d53da26040835f622504d7762fad14d226ac414efeb5363f5febebc89ff224d 11.04MB / 11.04MB 67.7s done
#5 extracting sha256:8b91b88d557765cd8c6802668755a3f6dc4337b6ce15a17e4857139e5fc964f3 5.1s
#5 extracting sha256:8b91b88d557765cd8c6802668755a3f6dc4337b6ce15a17e4857139e5fc964f3 6.0s done
#5 extracting sha256:824416e234237961c9c5d4f41dfe5b295a3c35a671ee52889bfb08d8e257ec4c
#5 extracting sha256:824416e234237961c9c5d4f41dfe5b295a3c35a671ee52889bfb08d8e257ec4c 0.6s done
#5 extracting sha256:8d53da26040835f622504d7762fad14d226ac414efeb5363f5febebc89ff224d
#5 extracting sha256:8d53da26040835f622504d7762fad14d226ac414efeb5363f5febebc89ff224d 1.9s done
#5 extracting sha256:84c8c79126f669beec1dcf6f34cd88094471745570c19c29b465dfa7db1fdabd
#5 extracting sha256:84c8c79126f669beec1dcf6f34cd88094471745570c19c29b465dfa7db1fdabd done
#5 extracting sha256:2e1c130fa3ec1777a82123374b4c500623959f903c1dd731ee4a83e1f1b38ff2 0.1s
#5 extracting sha256:2e1c130fa3ec1777a82123374b4c500623959f903c1dd731ee4a83e1f1b38ff2 1.1s done
#5 DONE 75.7s

#6 [2/7] WORKDIR /app
#6 DONE 0.7s

#7 [3/7] COPY requirements.txt .
#7 DONE 0.1s

#8 [4/7] RUN pip install --no-cache-dir -r requirements.txt
#8 5.872 ERROR: Could not find a version that satisfies the requirement scikit-learn1.0.2 (from versions: none)
#8 5.872 ERROR: No matching distribution found for scikit-learn1.0.2
#8 6.925 
#8 6.925 [notice] A new release of pip is available: 23.0.1 -> 25.1.1
#8 6.925 [notice] To update, run: pip install --upgrade pip
#8 ERROR: process "/bin/sh -c pip install --no-cache-dir -r requirements.txt" did not complete successfully: exit code: 1
------
 > [4/7] RUN pip install --no-cache-dir -r requirements.txt:
5.872 ERROR: Could not find a version that satisfies the requirement scikit-learn1.0.2 (from versions: none)
5.872 ERROR: No matching distribution found for scikit-learn1.0.2
6.925 
6.925 [notice] A new release of pip is available: 23.0.1 -> 25.1.1
6.925 [notice] To update, run: pip install --upgrade pip
------
Dockerfile:7
--------------------
   5 |     # Copy generated requirements.txt and install dependencies
   6 |     COPY requirements.txt .
   7 | >>> RUN pip install --no-cache-dir -r requirements.txt
   8 |     
   9 |     # Create directories for data and results
--------------------
ERROR: failed to solve: process "/bin/sh -c pip install --no-cache-dir -r requirements.txt" did not complete successfully: exit code: 1

2025-06-13 19:05:48,105-__main__-ERROR-An error occurred during reproducibility attempt:Command '['docker', 'build', '-t', 'reproducibility_env', '-f', 'output\\virtual_environment\\Dockerfile', 'output\\virtual_environment']' returned non-zero exit status 1.
Traceback (most recent call last):
  File "C:\Users\dhara\inverse-repro-mvp\main.py", line 84, in main
    env_details=env_manager.create_environment()
                ^^^^^^^^^^^^^^^^^^^^^^^^^^^^^^^^
  File "C:\Users\dhara\inverse-repro-mvp\environment_generator\manager.py", line 25, in create_environment
    env_details=self.manager.create_environment()
                ^^^^^^^^^^^^^^^^^^^^^^^^^^^^^^^^^
  File "C:\Users\dhara\inverse-repro-mvp\environment_generator\docker_manager.py", line 19, in create_environment
    subprocess.run(
  File "C:\Users\dhara\AppData\Local\Programs\Python\Python312\Lib\subprocess.py", line 571, in run
    raise CalledProcessError(retcode, process.args,
subprocess.CalledProcessError: Command '['docker', 'build', '-t', 'reproducibility_env', '-f', 'output\\virtual_environment\\Dockerfile', 'output\\virtual_environment']' returned non-zero exit status 1.
2025-06-13 19:05:48,111-__main__-INFO-Step 7: Generating reproducibility reports...
2025-06-13 19:05:48,114-report_generator.generator-INFO-JSON report saved to:output\reports\reproducibility_report_2025-06-13T19-04-15-904128.json
2025-06-13 19:05:48,120-report_generator.generator-INFO-Markdown report saved to:output\reports\reproducibility_report_2025-06-13T19-04-15-904128.md
2025-06-13 19:05:48,121-__main__-INFO-Reproducibility report generated:output\reports\reproducibility_report_2025-06-13T19-04-15-904128.json
2025-06-13 19:05:48,121-__main__-INFO-Reproducibility attempts finished.
